[2025-10-22 10:57:03] staging.ERROR: PDOException: SQLSTATE[42000]: Syntax error or access violation: 1064 You have an error in your SQL syntax; check the manual that corresponds to your MySQL server version for the right syntax to use near '5 `ListJob`.`CompanyID` is null and `ListJob`.`UserID` is null' at line 1 in /var/www/html/efms/api/vendor/illuminate/database/Connection.php:326
Stack trace:
#0 /var/www/html/efms/api/vendor/illuminate/database/Connection.php(326): PDO->prepare()
#1 /var/www/html/efms/api/vendor/illuminate/database/Connection.php(657): Illuminate\Database\Connection->Illuminate\Database\{closure}()
#2 /var/www/html/efms/api/vendor/illuminate/database/Connection.php(624): Illuminate\Database\Connection->runQueryCallback()
#3 /var/www/html/efms/api/vendor/illuminate/database/Connection.php(333): Illuminate\Database\Connection->run()
#4 /var/www/html/efms/api/vendor/illuminate/database/Query/Builder.php(2130): Illuminate\Database\Connection->select()
#5 /var/www/html/efms/api/vendor/illuminate/database/Query/Builder.php(2118): Illuminate\Database\Query\Builder->runSelect()
#6 /var/www/html/efms/api/vendor/illuminate/database/Query/Builder.php(2604): Illuminate\Database\Query\Builder->Illuminate\Database\Query\{closure}()
#7 /var/www/html/efms/api/vendor/illuminate/database/Query/Builder.php(2119): Illuminate\Database\Query\Builder->onceWithColumns()
#8 /var/www/html/efms/api/vendor/illuminate/database/Eloquent/Builder.php(521): Illuminate\Database\Query\Builder->get()
#9 /var/www/html/efms/api/vendor/illuminate/database/Eloquent/Builder.php(505): Illuminate\Database\Eloquent\Builder->getModels()
#10 /var/www/html/efms/api/app/Http/Controllers/JobController.php(31): Illuminate\Database\Eloquent\Builder->get()
#11 [internal function]: App\Http\Controllers\JobController->get_job()
#12 /var/www/html/efms/api/vendor/illuminate/container/BoundMethod.php(32): call_user_func_array()
#13 /var/www/html/efms/api/vendor/illuminate/container/BoundMethod.php(90): Illuminate\Container\BoundMethod::Illuminate\Container\{closure}()
#14 /var/www/html/efms/api/vendor/illuminate/container/BoundMethod.php(34): Illuminate\Container\BoundMethod::callBoundMethod()
#15 /var/www/html/efms/api/vendor/illuminate/container/Container.php(576): Illuminate\Container\BoundMethod::call()
#16 /var/www/html/efms/api/vendor/laravel/lumen-framework/src/Concerns/RoutesRequests.php(376): Illuminate\Container\Container->call()
#17 /var/www/html/efms/api/vendor/laravel/lumen-framework/src/Concerns/RoutesRequests.php(342): Laravel\Lumen\Application->callControllerCallable()
#18 /var/www/html/efms/api/vendor/laravel/lumen-framework/src/Concerns/RoutesRequests.php(316): Laravel\Lumen\Application->callLumenController()
#19 /var/www/html/efms/api/vendor/laravel/lumen-framework/src/Concerns/RoutesRequests.php(278): Laravel\Lumen\Application->callControllerAction()
#20 /var/www/html/efms/api/vendor/laravel/lumen-framework/src/Concerns/RoutesRequests.php(258): Laravel\Lumen\Application->callActionOnArrayBasedRoute()
#21 [internal function]: Laravel\Lumen\Application->Laravel\Lumen\Concerns\{closure}()
#22 /var/www/html/efms/api/vendor/laravel/lumen-framework/src/Routing/Pipeline.php(52): call_user_func()
#23 /var/www/html/efms/api/app/Http/Middleware/Authenticate.php(64): Laravel\Lumen\Routing\Pipeline->Laravel\Lumen\Routing\{closure}()
#24 /var/www/html/efms/api/vendor/illuminate/pipeline/Pipeline.php(163): App\Http\Middleware\Authenticate->handle()
#25 [internal function]: Illuminate\Pipeline\Pipeline->Illuminate\Pipeline\{closure}()
#26 /var/www/html/efms/api/vendor/laravel/lumen-framework/src/Routing/Pipeline.php(32): call_user_func()
#27 /var/www/html/efms/api/vendor/illuminate/pipeline/Pipeline.php(104): Laravel\Lumen\Routing\Pipeline->Laravel\Lumen\Routing\{closure}()
#28 /var/www/html/efms/api/vendor/laravel/lumen-framework/src/Concerns/RoutesRequests.php(413): Illuminate\Pipeline\Pipeline->then()
#29 /var/www/html/efms/api/vendor/laravel/lumen-framework/src/Concerns/RoutesRequests.php(259): Laravel\Lumen\Application->sendThroughPipeline()
#30 /var/www/html/efms/api/vendor/laravel/lumen-framework/src/Concerns/RoutesRequests.php(165): Laravel\Lumen\Application->handleFoundRoute()
#31 /var/www/html/efms/api/vendor/laravel/lumen-framework/src/Concerns/RoutesRequests.php(416): Laravel\Lumen\Application->Laravel\Lumen\Concerns\{closure}()
#32 /var/www/html/efms/api/vendor/laravel/lumen-framework/src/Concerns/RoutesRequests.php(171): Laravel\Lumen\Application->sendThroughPipeline()
#33 /var/www/html/efms/api/vendor/laravel/lumen-framework/src/Concerns/RoutesRequests.php(108): Laravel\Lumen\Application->dispatch()
#34 /var/www/html/efms/api/public/index.php(28): Laravel\Lumen\Application->run()
#35 /var/www/html/efms/api/index.php(22): require_once('/var/www/html/e...')
#36 {main}

Next Illuminate\Database\QueryException: SQLSTATE[42000]: Syntax error or access violation: 1064 You have an error in your SQL syntax; check the manual that corresponds to your MySQL server version for the right syntax to use near '5 `ListJob`.`CompanyID` is null and `ListJob`.`UserID` is null' at line 1 (SQL: select * from `ListJob` left join `Customer` on `ListJob`.`CustomerID` = `Customer`.`CustomerID` where date(`ListJob`.`JobDate`) = 2025-10-22 5 `ListJob`.`CompanyID` is null and `ListJob`.`UserID` is null) in /var/www/html/efms/api/vendor/illuminate/database/Connection.php:664
Stack trace:
#0 /var/www/html/efms/api/vendor/illuminate/database/Connection.php(624): Illuminate\Database\Connection->runQueryCallback()
#1 /var/www/html/efms/api/vendor/illuminate/database/Connection.php(333): Illuminate\Database\Connection->run()
#2 /var/www/html/efms/api/vendor/illuminate/database/Query/Builder.php(2130): Illuminate\Database\Connection->select()
#3 /var/www/html/efms/api/vendor/illuminate/database/Query/Builder.php(2118): Illuminate\Database\Query\Builder->runSelect()
#4 /var/www/html/efms/api/vendor/illuminate/database/Query/Builder.php(2604): Illuminate\Database\Query\Builder->Illuminate\Database\Query\{closure}()
#5 /var/www/html/efms/api/vendor/illuminate/database/Query/Builder.php(2119): Illuminate\Database\Query\Builder->onceWithColumns()
#6 /var/www/html/efms/api/vendor/illuminate/database/Eloquent/Builder.php(521): Illuminate\Database\Query\Builder->get()
#7 /var/www/html/efms/api/vendor/illuminate/database/Eloquent/Builder.php(505): Illuminate\Database\Eloquent\Builder->getModels()
#8 /var/www/html/efms/api/app/Http/Controllers/JobController.php(31): Illuminate\Database\Eloquent\Builder->get()
#9 [internal function]: App\Http\Controllers\JobController->get_job()
#10 /var/www/html/efms/api/vendor/illuminate/container/BoundMethod.php(32): call_user_func_array()
#11 /var/www/html/efms/api/vendor/illuminate/container/BoundMethod.php(90): Illuminate\Container\BoundMethod::Illuminate\Container\{closure}()
#12 /var/www/html/efms/api/vendor/illuminate/container/BoundMethod.php(34): Illuminate\Container\BoundMethod::callBoundMethod()
#13 /var/www/html/efms/api/vendor/illuminate/container/Container.php(576): Illuminate\Container\BoundMethod::call()
#14 /var/www/html/efms/api/vendor/laravel/lumen-framework/src/Concerns/RoutesRequests.php(376): Illuminate\Container\Container->call()
#15 /var/www/html/efms/api/vendor/laravel/lumen-framework/src/Concerns/RoutesRequests.php(342): Laravel\Lumen\Application->callControllerCallable()
#16 /var/www/html/efms/api/vendor/laravel/lumen-framework/src/Concerns/RoutesRequests.php(316): Laravel\Lumen\Application->callLumenController()
#17 /var/www/html/efms/api/vendor/laravel/lumen-framework/src/Concerns/RoutesRequests.php(278): Laravel\Lumen\Application->callControllerAction()
#18 /var/www/html/efms/api/vendor/laravel/lumen-framework/src/Concerns/RoutesRequests.php(258): Laravel\Lumen\Application->callActionOnArrayBasedRoute()
#19 [internal function]: Laravel\Lumen\Application->Laravel\Lumen\Concerns\{closure}()
#20 /var/www/html/efms/api/vendor/laravel/lumen-framework/src/Routing/Pipeline.php(52): call_user_func()
#21 /var/www/html/efms/api/app/Http/Middleware/Authenticate.php(64): Laravel\Lumen\Routing\Pipeline->Laravel\Lumen\Routing\{closure}()
#22 /var/www/html/efms/api/vendor/illuminate/pipeline/Pipeline.php(163): App\Http\Middleware\Authenticate->handle()
#23 [internal function]: Illuminate\Pipeline\Pipeline->Illuminate\Pipeline\{closure}()
#24 /var/www/html/efms/api/vendor/laravel/lumen-framework/src/Routing/Pipeline.php(32): call_user_func()
#25 /var/www/html/efms/api/vendor/illuminate/pipeline/Pipeline.php(104): Laravel\Lumen\Routing\Pipeline->Laravel\Lumen\Routing\{closure}()
#26 /var/www/html/efms/api/vendor/laravel/lumen-framework/src/Concerns/RoutesRequests.php(413): Illuminate\Pipeline\Pipeline->then()
#27 /var/www/html/efms/api/vendor/laravel/lumen-framework/src/Concerns/RoutesRequests.php(259): Laravel\Lumen\Application->sendThroughPipeline()
#28 /var/www/html/efms/api/vendor/laravel/lumen-framework/src/Concerns/RoutesRequests.php(165): Laravel\Lumen\Application->handleFoundRoute()
#29 /var/www/html/efms/api/vendor/laravel/lumen-framework/src/Concerns/RoutesRequests.php(416): Laravel\Lumen\Application->Laravel\Lumen\Concerns\{closure}()
#30 /var/www/html/efms/api/vendor/laravel/lumen-framework/src/Concerns/RoutesRequests.php(171): Laravel\Lumen\Application->sendThroughPipeline()
#31 /var/www/html/efms/api/vendor/laravel/lumen-framework/src/Concerns/RoutesRequests.php(108): Laravel\Lumen\Application->dispatch()
#32 /var/www/html/efms/api/public/index.php(28): Laravel\Lumen\Application->run()
#33 /var/www/html/efms/api/index.php(22): require_once('/var/www/html/e...')
#34 {main} {"exception":"[object] (Illuminate\\Database\\QueryException(code: 42000): SQLSTATE[42000]: Syntax error or access violation: 1064 You have an error in your SQL syntax; check the manual that corresponds to your MySQL server version for the right syntax to use near '5 `ListJob`.`CompanyID` is null and `ListJob`.`UserID` is null' at line 1 (SQL: select * from `ListJob` left join `Customer` on `ListJob`.`CustomerID` = `Customer`.`CustomerID` where date(`ListJob`.`JobDate`) = 2025-10-22 5 `ListJob`.`CompanyID` is null and `ListJob`.`UserID` is null) at /var/www/html/efms/api/vendor/illuminate/database/Connection.php:664, PDOException(code: 42000): SQLSTATE[42000]: Syntax error or access violation: 1064 You have an error in your SQL syntax; check the manual that corresponds to your MySQL server version for the right syntax to use near '5 `ListJob`.`CompanyID` is null and `ListJob`.`UserID` is null' at line 1 at /var/www/html/efms/api/vendor/illuminate/database/Connection.php:326)
[stacktrace]
#0 /var/www/html/efms/api/vendor/illuminate/database/Connection.php(624): Illuminate\\Database\\Connection->runQueryCallback()
#1 /var/www/html/efms/api/vendor/illuminate/database/Connection.php(333): Illuminate\\Database\\Connection->run()
#2 /var/www/html/efms/api/vendor/illuminate/database/Query/Builder.php(2130): Illuminate\\Database\\Connection->select()
#3 /var/www/html/efms/api/vendor/illuminate/database/Query/Builder.php(2118): Illuminate\\Database\\Query\\Builder->runSelect()
#4 /var/www/html/efms/api/vendor/illuminate/database/Query/Builder.php(2604): Illuminate\\Database\\Query\\Builder->Illuminate\\Database\\Query\\{closure}()
#5 /var/www/html/efms/api/vendor/illuminate/database/Query/Builder.php(2119): Illuminate\\Database\\Query\\Builder->onceWithColumns()
#6 /var/www/html/efms/api/vendor/illuminate/database/Eloquent/Builder.php(521): Illuminate\\Database\\Query\\Builder->get()
#7 /var/www/html/efms/api/vendor/illuminate/database/Eloquent/Builder.php(505): Illuminate\\Database\\Eloquent\\Builder->getModels()
#8 /var/www/html/efms/api/app/Http/Controllers/JobController.php(31): Illuminate\\Database\\Eloquent\\Builder->get()
#9 [internal function]: App\\Http\\Controllers\\JobController->get_job()
#10 /var/www/html/efms/api/vendor/illuminate/container/BoundMethod.php(32): call_user_func_array()
#11 /var/www/html/efms/api/vendor/illuminate/container/BoundMethod.php(90): Illuminate\\Container\\BoundMethod::Illuminate\\Container\\{closure}()
#12 /var/www/html/efms/api/vendor/illuminate/container/BoundMethod.php(34): Illuminate\\Container\\BoundMethod::callBoundMethod()
#13 /var/www/html/efms/api/vendor/illuminate/container/Container.php(576): Illuminate\\Container\\BoundMethod::call()
#14 /var/www/html/efms/api/vendor/laravel/lumen-framework/src/Concerns/RoutesRequests.php(376): Illuminate\\Container\\Container->call()
#15 /var/www/html/efms/api/vendor/laravel/lumen-framework/src/Concerns/RoutesRequests.php(342): Laravel\\Lumen\\Application->callControllerCallable()
#16 /var/www/html/efms/api/vendor/laravel/lumen-framework/src/Concerns/RoutesRequests.php(316): Laravel\\Lumen\\Application->callLumenController()
#17 /var/www/html/efms/api/vendor/laravel/lumen-framework/src/Concerns/RoutesRequests.php(278): Laravel\\Lumen\\Application->callControllerAction()
#18 /var/www/html/efms/api/vendor/laravel/lumen-framework/src/Concerns/RoutesRequests.php(258): Laravel\\Lumen\\Application->callActionOnArrayBasedRoute()
#19 [internal function]: Laravel\\Lumen\\Application->Laravel\\Lumen\\Concerns\\{closure}()
#20 /var/www/html/efms/api/vendor/laravel/lumen-framework/src/Routing/Pipeline.php(52): call_user_func()
#21 /var/www/html/efms/api/app/Http/Middleware/Authenticate.php(64): Laravel\\Lumen\\Routing\\Pipeline->Laravel\\Lumen\\Routing\\{closure}()
#22 /var/www/html/efms/api/vendor/illuminate/pipeline/Pipeline.php(163): App\\Http\\Middleware\\Authenticate->handle()
#23 [internal function]: Illuminate\\Pipeline\\Pipeline->Illuminate\\Pipeline\\{closure}()
#24 /var/www/html/efms/api/vendor/laravel/lumen-framework/src/Routing/Pipeline.php(32): call_user_func()
#25 /var/www/html/efms/api/vendor/illuminate/pipeline/Pipeline.php(104): Laravel\\Lumen\\Routing\\Pipeline->Laravel\\Lumen\\Routing\\{closure}()
#26 /var/www/html/efms/api/vendor/laravel/lumen-framework/src/Concerns/RoutesRequests.php(413): Illuminate\\Pipeline\\Pipeline->then()
#27 /var/www/html/efms/api/vendor/laravel/lumen-framework/src/Concerns/RoutesRequests.php(259): Laravel\\Lumen\\Application->sendThroughPipeline()
#28 /var/www/html/efms/api/vendor/laravel/lumen-framework/src/Concerns/RoutesRequests.php(165): Laravel\\Lumen\\Application->handleFoundRoute()
#29 /var/www/html/efms/api/vendor/laravel/lumen-framework/src/Concerns/RoutesRequests.php(416): Laravel\\Lumen\\Application->Laravel\\Lumen\\Concerns\\{closure}()
#30 /var/www/html/efms/api/vendor/laravel/lumen-framework/src/Concerns/RoutesRequests.php(171): Laravel\\Lumen\\Application->sendThroughPipeline()
#31 /var/www/html/efms/api/vendor/laravel/lumen-framework/src/Concerns/RoutesRequests.php(108): Laravel\\Lumen\\Application->dispatch()
#32 /var/www/html/efms/api/public/index.php(28): Laravel\\Lumen\\Application->run()
#33 /var/www/html/efms/api/index.php(22): require_once('/var/www/html/e...')
#34 {main}
"} 
[2025-10-22 11:26:14] staging.ERROR: Symfony\Component\Debug\Exception\FatalThrowableError: Call to undefined function App\Http\Controllers\dnow() in /var/www/html/efms/api/app/Http/Controllers/JobController.php:267
Stack trace:
#0 [internal function]: App\Http\Controllers\JobController->cancel_job()
#1 /var/www/html/efms/api/vendor/illuminate/container/BoundMethod.php(32): call_user_func_array()
#2 /var/www/html/efms/api/vendor/illuminate/container/BoundMethod.php(90): Illuminate\Container\BoundMethod::Illuminate\Container\{closure}()
#3 /var/www/html/efms/api/vendor/illuminate/container/BoundMethod.php(34): Illuminate\Container\BoundMethod::callBoundMethod()
#4 /var/www/html/efms/api/vendor/illuminate/container/Container.php(576): Illuminate\Container\BoundMethod::call()
#5 /var/www/html/efms/api/vendor/laravel/lumen-framework/src/Concerns/RoutesRequests.php(376): Illuminate\Container\Container->call()
#6 /var/www/html/efms/api/vendor/laravel/lumen-framework/src/Concerns/RoutesRequests.php(342): Laravel\Lumen\Application->callControllerCallable()
#7 /var/www/html/efms/api/vendor/laravel/lumen-framework/src/Concerns/RoutesRequests.php(316): Laravel\Lumen\Application->callLumenController()
#8 /var/www/html/efms/api/vendor/laravel/lumen-framework/src/Concerns/RoutesRequests.php(278): Laravel\Lumen\Application->callControllerAction()
#9 /var/www/html/efms/api/vendor/laravel/lumen-framework/src/Concerns/RoutesRequests.php(258): Laravel\Lumen\Application->callActionOnArrayBasedRoute()
#10 [internal function]: Laravel\Lumen\Application->Laravel\Lumen\Concerns\{closure}()
#11 /var/www/html/efms/api/vendor/laravel/lumen-framework/src/Routing/Pipeline.php(52): call_user_func()
#12 /var/www/html/efms/api/app/Http/Middleware/Authenticate.php(64): Laravel\Lumen\Routing\Pipeline->Laravel\Lumen\Routing\{closure}()
#13 /var/www/html/efms/api/vendor/illuminate/pipeline/Pipeline.php(163): App\Http\Middleware\Authenticate->handle()
#14 [internal function]: Illuminate\Pipeline\Pipeline->Illuminate\Pipeline\{closure}()
#15 /var/www/html/efms/api/vendor/laravel/lumen-framework/src/Routing/Pipeline.php(32): call_user_func()
#16 /var/www/html/efms/api/vendor/illuminate/pipeline/Pipeline.php(104): Laravel\Lumen\Routing\Pipeline->Laravel\Lumen\Routing\{closure}()
#17 /var/www/html/efms/api/vendor/laravel/lumen-framework/src/Concerns/RoutesRequests.php(413): Illuminate\Pipeline\Pipeline->then()
#18 /var/www/html/efms/api/vendor/laravel/lumen-framework/src/Concerns/RoutesRequests.php(259): Laravel\Lumen\Application->sendThroughPipeline()
#19 /var/www/html/efms/api/vendor/laravel/lumen-framework/src/Concerns/RoutesRequests.php(233): Laravel\Lumen\Application->handleFoundRoute()
#20 /var/www/html/efms/api/vendor/laravel/lumen-framework/src/Concerns/RoutesRequests.php(169): Laravel\Lumen\Application->handleDispatcherResponse()
#21 /var/www/html/efms/api/vendor/laravel/lumen-framework/src/Concerns/RoutesRequests.php(416): Laravel\Lumen\Application->Laravel\Lumen\Concerns\{closure}()
#22 /var/www/html/efms/api/vendor/laravel/lumen-framework/src/Concerns/RoutesRequests.php(171): Laravel\Lumen\Application->sendThroughPipeline()
#23 /var/www/html/efms/api/vendor/laravel/lumen-framework/src/Concerns/RoutesRequests.php(108): Laravel\Lumen\Application->dispatch()
#24 /var/www/html/efms/api/public/index.php(28): Laravel\Lumen\Application->run()
#25 /var/www/html/efms/api/index.php(22): require_once('/var/www/html/e...')
#26 {main} {"exception":"[object] (Symfony\\Component\\Debug\\Exception\\FatalThrowableError(code: 0): Call to undefined function App\\Http\\Controllers\\dnow() at /var/www/html/efms/api/app/Http/Controllers/JobController.php:267)
[stacktrace]
#0 [internal function]: App\\Http\\Controllers\\JobController->cancel_job()
#1 /var/www/html/efms/api/vendor/illuminate/container/BoundMethod.php(32): call_user_func_array()
#2 /var/www/html/efms/api/vendor/illuminate/container/BoundMethod.php(90): Illuminate\\Container\\BoundMethod::Illuminate\\Container\\{closure}()
#3 /var/www/html/efms/api/vendor/illuminate/container/BoundMethod.php(34): Illuminate\\Container\\BoundMethod::callBoundMethod()
#4 /var/www/html/efms/api/vendor/illuminate/container/Container.php(576): Illuminate\\Container\\BoundMethod::call()
#5 /var/www/html/efms/api/vendor/laravel/lumen-framework/src/Concerns/RoutesRequests.php(376): Illuminate\\Container\\Container->call()
#6 /var/www/html/efms/api/vendor/laravel/lumen-framework/src/Concerns/RoutesRequests.php(342): Laravel\\Lumen\\Application->callControllerCallable()
#7 /var/www/html/efms/api/vendor/laravel/lumen-framework/src/Concerns/RoutesRequests.php(316): Laravel\\Lumen\\Application->callLumenController()
#8 /var/www/html/efms/api/vendor/laravel/lumen-framework/src/Concerns/RoutesRequests.php(278): Laravel\\Lumen\\Application->callControllerAction()
#9 /var/www/html/efms/api/vendor/laravel/lumen-framework/src/Concerns/RoutesRequests.php(258): Laravel\\Lumen\\Application->callActionOnArrayBasedRoute()
#10 [internal function]: Laravel\\Lumen\\Application->Laravel\\Lumen\\Concerns\\{closure}()
#11 /var/www/html/efms/api/vendor/laravel/lumen-framework/src/Routing/Pipeline.php(52): call_user_func()
#12 /var/www/html/efms/api/app/Http/Middleware/Authenticate.php(64): Laravel\\Lumen\\Routing\\Pipeline->Laravel\\Lumen\\Routing\\{closure}()
#13 /var/www/html/efms/api/vendor/illuminate/pipeline/Pipeline.php(163): App\\Http\\Middleware\\Authenticate->handle()
#14 [internal function]: Illuminate\\Pipeline\\Pipeline->Illuminate\\Pipeline\\{closure}()
#15 /var/www/html/efms/api/vendor/laravel/lumen-framework/src/Routing/Pipeline.php(32): call_user_func()
#16 /var/www/html/efms/api/vendor/illuminate/pipeline/Pipeline.php(104): Laravel\\Lumen\\Routing\\Pipeline->Laravel\\Lumen\\Routing\\{closure}()
#17 /var/www/html/efms/api/vendor/laravel/lumen-framework/src/Concerns/RoutesRequests.php(413): Illuminate\\Pipeline\\Pipeline->then()
#18 /var/www/html/efms/api/vendor/laravel/lumen-framework/src/Concerns/RoutesRequests.php(259): Laravel\\Lumen\\Application->sendThroughPipeline()
#19 /var/www/html/efms/api/vendor/laravel/lumen-framework/src/Concerns/RoutesRequests.php(233): Laravel\\Lumen\\Application->handleFoundRoute()
#20 /var/www/html/efms/api/vendor/laravel/lumen-framework/src/Concerns/RoutesRequests.php(169): Laravel\\Lumen\\Application->handleDispatcherResponse()
#21 /var/www/html/efms/api/vendor/laravel/lumen-framework/src/Concerns/RoutesRequests.php(416): Laravel\\Lumen\\Application->Laravel\\Lumen\\Concerns\\{closure}()
#22 /var/www/html/efms/api/vendor/laravel/lumen-framework/src/Concerns/RoutesRequests.php(171): Laravel\\Lumen\\Application->sendThroughPipeline()
#23 /var/www/html/efms/api/vendor/laravel/lumen-framework/src/Concerns/RoutesRequests.php(108): Laravel\\Lumen\\Application->dispatch()
#24 /var/www/html/efms/api/public/index.php(28): Laravel\\Lumen\\Application->run()
#25 /var/www/html/efms/api/index.php(22): require_once('/var/www/html/e...')
#26 {main}
"} 
[2025-10-22 11:34:48] staging.ERROR: PDOException: SQLSTATE[23000]: Integrity constraint violation: 1048 Column 'UserBefore' cannot be null in /var/www/html/efms/api/vendor/illuminate/database/Connection.php:458
Stack trace:
#0 /var/www/html/efms/api/vendor/illuminate/database/Connection.php(458): PDOStatement->execute()
#1 /var/www/html/efms/api/vendor/illuminate/database/Connection.php(657): Illuminate\Database\Connection->Illuminate\Database\{closure}()
#2 /var/www/html/efms/api/vendor/illuminate/database/Connection.php(624): Illuminate\Database\Connection->runQueryCallback()
#3 /var/www/html/efms/api/vendor/illuminate/database/Connection.php(459): Illuminate\Database\Connection->run()
#4 /var/www/html/efms/api/vendor/illuminate/database/Connection.php(411): Illuminate\Database\Connection->statement()
#5 /var/www/html/efms/api/vendor/illuminate/database/Query/Processors/Processor.php(32): Illuminate\Database\Connection->insert()
#6 /var/www/html/efms/api/vendor/illuminate/database/Query/Builder.php(2690): Illuminate\Database\Query\Processors\Processor->processInsertGetId()
#7 /var/www/html/efms/api/vendor/illuminate/database/Eloquent/Builder.php(1353): Illuminate\Database\Query\Builder->insertGetId()
#8 /var/www/html/efms/api/vendor/illuminate/database/Eloquent/Model.php(839): Illuminate\Database\Eloquent\Builder->__call()
#9 /var/www/html/efms/api/vendor/illuminate/database/Eloquent/Model.php(804): Illuminate\Database\Eloquent\Model->insertAndSetId()
#10 /var/www/html/efms/api/vendor/illuminate/database/Eloquent/Model.php(667): Illuminate\Database\Eloquent\Model->performInsert()
#11 /var/www/html/efms/api/vendor/illuminate/database/Eloquent/Builder.php(795): Illuminate\Database\Eloquent\Model->save()
#12 /var/www/html/efms/api/vendor/illuminate/support/helpers.php(1124): Illuminate\Database\Eloquent\Builder->Illuminate\Database\Eloquent\{closure}()
#13 /var/www/html/efms/api/vendor/illuminate/database/Eloquent/Builder.php(796): tap()
#14 /var/www/html/efms/api/vendor/illuminate/support/Traits/ForwardsCalls.php(23): Illuminate\Database\Eloquent\Builder->create()
#15 /var/www/html/efms/api/vendor/illuminate/database/Eloquent/Model.php(1618): Illuminate\Database\Eloquent\Model->forwardCallTo()
#16 /var/www/html/efms/api/vendor/illuminate/database/Eloquent/Model.php(1630): Illuminate\Database\Eloquent\Model->__call()
#17 /var/www/html/efms/api/app/Http/Controllers/JobController.php(272): Illuminate\Database\Eloquent\Model::__callStatic()
#18 [internal function]: App\Http\Controllers\JobController->cancel_job()
#19 /var/www/html/efms/api/vendor/illuminate/container/BoundMethod.php(32): call_user_func_array()
#20 /var/www/html/efms/api/vendor/illuminate/container/BoundMethod.php(90): Illuminate\Container\BoundMethod::Illuminate\Container\{closure}()
#21 /var/www/html/efms/api/vendor/illuminate/container/BoundMethod.php(34): Illuminate\Container\BoundMethod::callBoundMethod()
#22 /var/www/html/efms/api/vendor/illuminate/container/Container.php(576): Illuminate\Container\BoundMethod::call()
#23 /var/www/html/efms/api/vendor/laravel/lumen-framework/src/Concerns/RoutesRequests.php(376): Illuminate\Container\Container->call()
#24 /var/www/html/efms/api/vendor/laravel/lumen-framework/src/Concerns/RoutesRequests.php(342): Laravel\Lumen\Application->callControllerCallable()
#25 /var/www/html/efms/api/vendor/laravel/lumen-framework/src/Concerns/RoutesRequests.php(316): Laravel\Lumen\Application->callLumenController()
#26 /var/www/html/efms/api/vendor/laravel/lumen-framework/src/Concerns/RoutesRequests.php(278): Laravel\Lumen\Application->callControllerAction()
#27 /var/www/html/efms/api/vendor/laravel/lumen-framework/src/Concerns/RoutesRequests.php(258): Laravel\Lumen\Application->callActionOnArrayBasedRoute()
#28 [internal function]: Laravel\Lumen\Application->Laravel\Lumen\Concerns\{closure}()
#29 /var/www/html/efms/api/vendor/laravel/lumen-framework/src/Routing/Pipeline.php(52): call_user_func()
#30 /var/www/html/efms/api/app/Http/Middleware/Authenticate.php(64): Laravel\Lumen\Routing\Pipeline->Laravel\Lumen\Routing\{closure}()
#31 /var/www/html/efms/api/vendor/illuminate/pipeline/Pipeline.php(163): App\Http\Middleware\Authenticate->handle()
#32 [internal function]: Illuminate\Pipeline\Pipeline->Illuminate\Pipeline\{closure}()
#33 /var/www/html/efms/api/vendor/laravel/lumen-framework/src/Routing/Pipeline.php(32): call_user_func()
#34 /var/www/html/efms/api/vendor/illuminate/pipeline/Pipeline.php(104): Laravel\Lumen\Routing\Pipeline->Laravel\Lumen\Routing\{closure}()
#35 /var/www/html/efms/api/vendor/laravel/lumen-framework/src/Concerns/RoutesRequests.php(413): Illuminate\Pipeline\Pipeline->then()
#36 /var/www/html/efms/api/vendor/laravel/lumen-framework/src/Concerns/RoutesRequests.php(259): Laravel\Lumen\Application->sendThroughPipeline()
#37 /var/www/html/efms/api/vendor/laravel/lumen-framework/src/Concerns/RoutesRequests.php(233): Laravel\Lumen\Application->handleFoundRoute()
#38 /var/www/html/efms/api/vendor/laravel/lumen-framework/src/Concerns/RoutesRequests.php(169): Laravel\Lumen\Application->handleDispatcherResponse()
#39 /var/www/html/efms/api/vendor/laravel/lumen-framework/src/Concerns/RoutesRequests.php(416): Laravel\Lumen\Application->Laravel\Lumen\Concerns\{closure}()
#40 /var/www/html/efms/api/vendor/laravel/lumen-framework/src/Concerns/RoutesRequests.php(171): Laravel\Lumen\Application->sendThroughPipeline()
#41 /var/www/html/efms/api/vendor/laravel/lumen-framework/src/Concerns/RoutesRequests.php(108): Laravel\Lumen\Application->dispatch()
#42 /var/www/html/efms/api/public/index.php(28): Laravel\Lumen\Application->run()
#43 /var/www/html/efms/api/index.php(22): require_once('/var/www/html/e...')
#44 {main}

Next Illuminate\Database\QueryException: SQLSTATE[23000]: Integrity constraint violation: 1048 Column 'UserBefore' cannot be null (SQL: insert into `HistoryCancelJob` (`JobID`, `UserBefore`, `Reason`, `created_at`) values (24, ?, test Cancel Job, 2025-10-22 11:34:48)) in /var/www/html/efms/api/vendor/illuminate/database/Connection.php:664
Stack trace:
#0 /var/www/html/efms/api/vendor/illuminate/database/Connection.php(624): Illuminate\Database\Connection->runQueryCallback()
#1 /var/www/html/efms/api/vendor/illuminate/database/Connection.php(459): Illuminate\Database\Connection->run()
#2 /var/www/html/efms/api/vendor/illuminate/database/Connection.php(411): Illuminate\Database\Connection->statement()
#3 /var/www/html/efms/api/vendor/illuminate/database/Query/Processors/Processor.php(32): Illuminate\Database\Connection->insert()
#4 /var/www/html/efms/api/vendor/illuminate/database/Query/Builder.php(2690): Illuminate\Database\Query\Processors\Processor->processInsertGetId()
#5 /var/www/html/efms/api/vendor/illuminate/database/Eloquent/Builder.php(1353): Illuminate\Database\Query\Builder->insertGetId()
#6 /var/www/html/efms/api/vendor/illuminate/database/Eloquent/Model.php(839): Illuminate\Database\Eloquent\Builder->__call()
#7 /var/www/html/efms/api/vendor/illuminate/database/Eloquent/Model.php(804): Illuminate\Database\Eloquent\Model->insertAndSetId()
#8 /var/www/html/efms/api/vendor/illuminate/database/Eloquent/Model.php(667): Illuminate\Database\Eloquent\Model->performInsert()
#9 /var/www/html/efms/api/vendor/illuminate/database/Eloquent/Builder.php(795): Illuminate\Database\Eloquent\Model->save()
#10 /var/www/html/efms/api/vendor/illuminate/support/helpers.php(1124): Illuminate\Database\Eloquent\Builder->Illuminate\Database\Eloquent\{closure}()
#11 /var/www/html/efms/api/vendor/illuminate/database/Eloquent/Builder.php(796): tap()
#12 /var/www/html/efms/api/vendor/illuminate/support/Traits/ForwardsCalls.php(23): Illuminate\Database\Eloquent\Builder->create()
#13 /var/www/html/efms/api/vendor/illuminate/database/Eloquent/Model.php(1618): Illuminate\Database\Eloquent\Model->forwardCallTo()
#14 /var/www/html/efms/api/vendor/illuminate/database/Eloquent/Model.php(1630): Illuminate\Database\Eloquent\Model->__call()
#15 /var/www/html/efms/api/app/Http/Controllers/JobController.php(272): Illuminate\Database\Eloquent\Model::__callStatic()
#16 [internal function]: App\Http\Controllers\JobController->cancel_job()
#17 /var/www/html/efms/api/vendor/illuminate/container/BoundMethod.php(32): call_user_func_array()
#18 /var/www/html/efms/api/vendor/illuminate/container/BoundMethod.php(90): Illuminate\Container\BoundMethod::Illuminate\Container\{closure}()
#19 /var/www/html/efms/api/vendor/illuminate/container/BoundMethod.php(34): Illuminate\Container\BoundMethod::callBoundMethod()
#20 /var/www/html/efms/api/vendor/illuminate/container/Container.php(576): Illuminate\Container\BoundMethod::call()
#21 /var/www/html/efms/api/vendor/laravel/lumen-framework/src/Concerns/RoutesRequests.php(376): Illuminate\Container\Container->call()
#22 /var/www/html/efms/api/vendor/laravel/lumen-framework/src/Concerns/RoutesRequests.php(342): Laravel\Lumen\Application->callControllerCallable()
#23 /var/www/html/efms/api/vendor/laravel/lumen-framework/src/Concerns/RoutesRequests.php(316): Laravel\Lumen\Application->callLumenController()
#24 /var/www/html/efms/api/vendor/laravel/lumen-framework/src/Concerns/RoutesRequests.php(278): Laravel\Lumen\Application->callControllerAction()
#25 /var/www/html/efms/api/vendor/laravel/lumen-framework/src/Concerns/RoutesRequests.php(258): Laravel\Lumen\Application->callActionOnArrayBasedRoute()
#26 [internal function]: Laravel\Lumen\Application->Laravel\Lumen\Concerns\{closure}()
#27 /var/www/html/efms/api/vendor/laravel/lumen-framework/src/Routing/Pipeline.php(52): call_user_func()
#28 /var/www/html/efms/api/app/Http/Middleware/Authenticate.php(64): Laravel\Lumen\Routing\Pipeline->Laravel\Lumen\Routing\{closure}()
#29 /var/www/html/efms/api/vendor/illuminate/pipeline/Pipeline.php(163): App\Http\Middleware\Authenticate->handle()
#30 [internal function]: Illuminate\Pipeline\Pipeline->Illuminate\Pipeline\{closure}()
#31 /var/www/html/efms/api/vendor/laravel/lumen-framework/src/Routing/Pipeline.php(32): call_user_func()
#32 /var/www/html/efms/api/vendor/illuminate/pipeline/Pipeline.php(104): Laravel\Lumen\Routing\Pipeline->Laravel\Lumen\Routing\{closure}()
#33 /var/www/html/efms/api/vendor/laravel/lumen-framework/src/Concerns/RoutesRequests.php(413): Illuminate\Pipeline\Pipeline->then()
#34 /var/www/html/efms/api/vendor/laravel/lumen-framework/src/Concerns/RoutesRequests.php(259): Laravel\Lumen\Application->sendThroughPipeline()
#35 /var/www/html/efms/api/vendor/laravel/lumen-framework/src/Concerns/RoutesRequests.php(233): Laravel\Lumen\Application->handleFoundRoute()
#36 /var/www/html/efms/api/vendor/laravel/lumen-framework/src/Concerns/RoutesRequests.php(169): Laravel\Lumen\Application->handleDispatcherResponse()
#37 /var/www/html/efms/api/vendor/laravel/lumen-framework/src/Concerns/RoutesRequests.php(416): Laravel\Lumen\Application->Laravel\Lumen\Concerns\{closure}()
#38 /var/www/html/efms/api/vendor/laravel/lumen-framework/src/Concerns/RoutesRequests.php(171): Laravel\Lumen\Application->sendThroughPipeline()
#39 /var/www/html/efms/api/vendor/laravel/lumen-framework/src/Concerns/RoutesRequests.php(108): Laravel\Lumen\Application->dispatch()
#40 /var/www/html/efms/api/public/index.php(28): Laravel\Lumen\Application->run()
#41 /var/www/html/efms/api/index.php(22): require_once('/var/www/html/e...')
#42 {main} {"exception":"[object] (Illuminate\\Database\\QueryException(code: 23000): SQLSTATE[23000]: Integrity constraint violation: 1048 Column 'UserBefore' cannot be null (SQL: insert into `HistoryCancelJob` (`JobID`, `UserBefore`, `Reason`, `created_at`) values (24, ?, test Cancel Job, 2025-10-22 11:34:48)) at /var/www/html/efms/api/vendor/illuminate/database/Connection.php:664, PDOException(code: 23000): SQLSTATE[23000]: Integrity constraint violation: 1048 Column 'UserBefore' cannot be null at /var/www/html/efms/api/vendor/illuminate/database/Connection.php:458)
[stacktrace]
#0 /var/www/html/efms/api/vendor/illuminate/database/Connection.php(624): Illuminate\\Database\\Connection->runQueryCallback()
#1 /var/www/html/efms/api/vendor/illuminate/database/Connection.php(459): Illuminate\\Database\\Connection->run()
#2 /var/www/html/efms/api/vendor/illuminate/database/Connection.php(411): Illuminate\\Database\\Connection->statement()
#3 /var/www/html/efms/api/vendor/illuminate/database/Query/Processors/Processor.php(32): Illuminate\\Database\\Connection->insert()
#4 /var/www/html/efms/api/vendor/illuminate/database/Query/Builder.php(2690): Illuminate\\Database\\Query\\Processors\\Processor->processInsertGetId()
#5 /var/www/html/efms/api/vendor/illuminate/database/Eloquent/Builder.php(1353): Illuminate\\Database\\Query\\Builder->insertGetId()
#6 /var/www/html/efms/api/vendor/illuminate/database/Eloquent/Model.php(839): Illuminate\\Database\\Eloquent\\Builder->__call()
#7 /var/www/html/efms/api/vendor/illuminate/database/Eloquent/Model.php(804): Illuminate\\Database\\Eloquent\\Model->insertAndSetId()
#8 /var/www/html/efms/api/vendor/illuminate/database/Eloquent/Model.php(667): Illuminate\\Database\\Eloquent\\Model->performInsert()
#9 /var/www/html/efms/api/vendor/illuminate/database/Eloquent/Builder.php(795): Illuminate\\Database\\Eloquent\\Model->save()
#10 /var/www/html/efms/api/vendor/illuminate/support/helpers.php(1124): Illuminate\\Database\\Eloquent\\Builder->Illuminate\\Database\\Eloquent\\{closure}()
#11 /var/www/html/efms/api/vendor/illuminate/database/Eloquent/Builder.php(796): tap()
#12 /var/www/html/efms/api/vendor/illuminate/support/Traits/ForwardsCalls.php(23): Illuminate\\Database\\Eloquent\\Builder->create()
#13 /var/www/html/efms/api/vendor/illuminate/database/Eloquent/Model.php(1618): Illuminate\\Database\\Eloquent\\Model->forwardCallTo()
#14 /var/www/html/efms/api/vendor/illuminate/database/Eloquent/Model.php(1630): Illuminate\\Database\\Eloquent\\Model->__call()
#15 /var/www/html/efms/api/app/Http/Controllers/JobController.php(272): Illuminate\\Database\\Eloquent\\Model::__callStatic()
#16 [internal function]: App\\Http\\Controllers\\JobController->cancel_job()
#17 /var/www/html/efms/api/vendor/illuminate/container/BoundMethod.php(32): call_user_func_array()
#18 /var/www/html/efms/api/vendor/illuminate/container/BoundMethod.php(90): Illuminate\\Container\\BoundMethod::Illuminate\\Container\\{closure}()
#19 /var/www/html/efms/api/vendor/illuminate/container/BoundMethod.php(34): Illuminate\\Container\\BoundMethod::callBoundMethod()
#20 /var/www/html/efms/api/vendor/illuminate/container/Container.php(576): Illuminate\\Container\\BoundMethod::call()
#21 /var/www/html/efms/api/vendor/laravel/lumen-framework/src/Concerns/RoutesRequests.php(376): Illuminate\\Container\\Container->call()
#22 /var/www/html/efms/api/vendor/laravel/lumen-framework/src/Concerns/RoutesRequests.php(342): Laravel\\Lumen\\Application->callControllerCallable()
#23 /var/www/html/efms/api/vendor/laravel/lumen-framework/src/Concerns/RoutesRequests.php(316): Laravel\\Lumen\\Application->callLumenController()
#24 /var/www/html/efms/api/vendor/laravel/lumen-framework/src/Concerns/RoutesRequests.php(278): Laravel\\Lumen\\Application->callControllerAction()
#25 /var/www/html/efms/api/vendor/laravel/lumen-framework/src/Concerns/RoutesRequests.php(258): Laravel\\Lumen\\Application->callActionOnArrayBasedRoute()
#26 [internal function]: Laravel\\Lumen\\Application->Laravel\\Lumen\\Concerns\\{closure}()
#27 /var/www/html/efms/api/vendor/laravel/lumen-framework/src/Routing/Pipeline.php(52): call_user_func()
#28 /var/www/html/efms/api/app/Http/Middleware/Authenticate.php(64): Laravel\\Lumen\\Routing\\Pipeline->Laravel\\Lumen\\Routing\\{closure}()
#29 /var/www/html/efms/api/vendor/illuminate/pipeline/Pipeline.php(163): App\\Http\\Middleware\\Authenticate->handle()
#30 [internal function]: Illuminate\\Pipeline\\Pipeline->Illuminate\\Pipeline\\{closure}()
#31 /var/www/html/efms/api/vendor/laravel/lumen-framework/src/Routing/Pipeline.php(32): call_user_func()
#32 /var/www/html/efms/api/vendor/illuminate/pipeline/Pipeline.php(104): Laravel\\Lumen\\Routing\\Pipeline->Laravel\\Lumen\\Routing\\{closure}()
#33 /var/www/html/efms/api/vendor/laravel/lumen-framework/src/Concerns/RoutesRequests.php(413): Illuminate\\Pipeline\\Pipeline->then()
#34 /var/www/html/efms/api/vendor/laravel/lumen-framework/src/Concerns/RoutesRequests.php(259): Laravel\\Lumen\\Application->sendThroughPipeline()
#35 /var/www/html/efms/api/vendor/laravel/lumen-framework/src/Concerns/RoutesRequests.php(233): Laravel\\Lumen\\Application->handleFoundRoute()
#36 /var/www/html/efms/api/vendor/laravel/lumen-framework/src/Concerns/RoutesRequests.php(169): Laravel\\Lumen\\Application->handleDispatcherResponse()
#37 /var/www/html/efms/api/vendor/laravel/lumen-framework/src/Concerns/RoutesRequests.php(416): Laravel\\Lumen\\Application->Laravel\\Lumen\\Concerns\\{closure}()
#38 /var/www/html/efms/api/vendor/laravel/lumen-framework/src/Concerns/RoutesRequests.php(171): Laravel\\Lumen\\Application->sendThroughPipeline()
#39 /var/www/html/efms/api/vendor/laravel/lumen-framework/src/Concerns/RoutesRequests.php(108): Laravel\\Lumen\\Application->dispatch()
#40 /var/www/html/efms/api/public/index.php(28): Laravel\\Lumen\\Application->run()
#41 /var/www/html/efms/api/index.php(22): require_once('/var/www/html/e...')
#42 {main}
"} 
[2025-10-22 11:39:45] staging.ERROR: PDOException: SQLSTATE[23000]: Integrity constraint violation: 1048 Column 'UserBefore' cannot be null in /var/www/html/efms/api/vendor/illuminate/database/Connection.php:458
Stack trace:
#0 /var/www/html/efms/api/vendor/illuminate/database/Connection.php(458): PDOStatement->execute()
#1 /var/www/html/efms/api/vendor/illuminate/database/Connection.php(657): Illuminate\Database\Connection->Illuminate\Database\{closure}()
#2 /var/www/html/efms/api/vendor/illuminate/database/Connection.php(624): Illuminate\Database\Connection->runQueryCallback()
#3 /var/www/html/efms/api/vendor/illuminate/database/Connection.php(459): Illuminate\Database\Connection->run()
#4 /var/www/html/efms/api/vendor/illuminate/database/Connection.php(411): Illuminate\Database\Connection->statement()
#5 /var/www/html/efms/api/vendor/illuminate/database/Query/Processors/Processor.php(32): Illuminate\Database\Connection->insert()
#6 /var/www/html/efms/api/vendor/illuminate/database/Query/Builder.php(2690): Illuminate\Database\Query\Processors\Processor->processInsertGetId()
#7 /var/www/html/efms/api/vendor/illuminate/database/Eloquent/Builder.php(1353): Illuminate\Database\Query\Builder->insertGetId()
#8 /var/www/html/efms/api/vendor/illuminate/database/Eloquent/Model.php(839): Illuminate\Database\Eloquent\Builder->__call()
#9 /var/www/html/efms/api/vendor/illuminate/database/Eloquent/Model.php(804): Illuminate\Database\Eloquent\Model->insertAndSetId()
#10 /var/www/html/efms/api/vendor/illuminate/database/Eloquent/Model.php(667): Illuminate\Database\Eloquent\Model->performInsert()
#11 /var/www/html/efms/api/vendor/illuminate/database/Eloquent/Builder.php(795): Illuminate\Database\Eloquent\Model->save()
#12 /var/www/html/efms/api/vendor/illuminate/support/helpers.php(1124): Illuminate\Database\Eloquent\Builder->Illuminate\Database\Eloquent\{closure}()
#13 /var/www/html/efms/api/vendor/illuminate/database/Eloquent/Builder.php(796): tap()
#14 /var/www/html/efms/api/vendor/illuminate/support/Traits/ForwardsCalls.php(23): Illuminate\Database\Eloquent\Builder->create()
#15 /var/www/html/efms/api/vendor/illuminate/database/Eloquent/Model.php(1618): Illuminate\Database\Eloquent\Model->forwardCallTo()
#16 /var/www/html/efms/api/vendor/illuminate/database/Eloquent/Model.php(1630): Illuminate\Database\Eloquent\Model->__call()
#17 /var/www/html/efms/api/app/Http/Controllers/JobController.php(272): Illuminate\Database\Eloquent\Model::__callStatic()
#18 [internal function]: App\Http\Controllers\JobController->cancel_job()
#19 /var/www/html/efms/api/vendor/illuminate/container/BoundMethod.php(32): call_user_func_array()
#20 /var/www/html/efms/api/vendor/illuminate/container/BoundMethod.php(90): Illuminate\Container\BoundMethod::Illuminate\Container\{closure}()
#21 /var/www/html/efms/api/vendor/illuminate/container/BoundMethod.php(34): Illuminate\Container\BoundMethod::callBoundMethod()
#22 /var/www/html/efms/api/vendor/illuminate/container/Container.php(576): Illuminate\Container\BoundMethod::call()
#23 /var/www/html/efms/api/vendor/laravel/lumen-framework/src/Concerns/RoutesRequests.php(376): Illuminate\Container\Container->call()
#24 /var/www/html/efms/api/vendor/laravel/lumen-framework/src/Concerns/RoutesRequests.php(342): Laravel\Lumen\Application->callControllerCallable()
#25 /var/www/html/efms/api/vendor/laravel/lumen-framework/src/Concerns/RoutesRequests.php(316): Laravel\Lumen\Application->callLumenController()
#26 /var/www/html/efms/api/vendor/laravel/lumen-framework/src/Concerns/RoutesRequests.php(278): Laravel\Lumen\Application->callControllerAction()
#27 /var/www/html/efms/api/vendor/laravel/lumen-framework/src/Concerns/RoutesRequests.php(258): Laravel\Lumen\Application->callActionOnArrayBasedRoute()
#28 [internal function]: Laravel\Lumen\Application->Laravel\Lumen\Concerns\{closure}()
#29 /var/www/html/efms/api/vendor/laravel/lumen-framework/src/Routing/Pipeline.php(52): call_user_func()
#30 /var/www/html/efms/api/app/Http/Middleware/Authenticate.php(64): Laravel\Lumen\Routing\Pipeline->Laravel\Lumen\Routing\{closure}()
#31 /var/www/html/efms/api/vendor/illuminate/pipeline/Pipeline.php(163): App\Http\Middleware\Authenticate->handle()
#32 [internal function]: Illuminate\Pipeline\Pipeline->Illuminate\Pipeline\{closure}()
#33 /var/www/html/efms/api/vendor/laravel/lumen-framework/src/Routing/Pipeline.php(32): call_user_func()
#34 /var/www/html/efms/api/vendor/illuminate/pipeline/Pipeline.php(104): Laravel\Lumen\Routing\Pipeline->Laravel\Lumen\Routing\{closure}()
#35 /var/www/html/efms/api/vendor/laravel/lumen-framework/src/Concerns/RoutesRequests.php(413): Illuminate\Pipeline\Pipeline->then()
#36 /var/www/html/efms/api/vendor/laravel/lumen-framework/src/Concerns/RoutesRequests.php(259): Laravel\Lumen\Application->sendThroughPipeline()
#37 /var/www/html/efms/api/vendor/laravel/lumen-framework/src/Concerns/RoutesRequests.php(233): Laravel\Lumen\Application->handleFoundRoute()
#38 /var/www/html/efms/api/vendor/laravel/lumen-framework/src/Concerns/RoutesRequests.php(169): Laravel\Lumen\Application->handleDispatcherResponse()
#39 /var/www/html/efms/api/vendor/laravel/lumen-framework/src/Concerns/RoutesRequests.php(416): Laravel\Lumen\Application->Laravel\Lumen\Concerns\{closure}()
#40 /var/www/html/efms/api/vendor/laravel/lumen-framework/src/Concerns/RoutesRequests.php(171): Laravel\Lumen\Application->sendThroughPipeline()
#41 /var/www/html/efms/api/vendor/laravel/lumen-framework/src/Concerns/RoutesRequests.php(108): Laravel\Lumen\Application->dispatch()
#42 /var/www/html/efms/api/public/index.php(28): Laravel\Lumen\Application->run()
#43 /var/www/html/efms/api/index.php(22): require_once('/var/www/html/e...')
#44 {main}

Next Illuminate\Database\QueryException: SQLSTATE[23000]: Integrity constraint violation: 1048 Column 'UserBefore' cannot be null (SQL: insert into `HistoryCancelJob` (`JobID`, `UserBefore`, `Reason`, `created_at`) values (24, ?, test Cancel Job, 2025-10-22 11:39:45)) in /var/www/html/efms/api/vendor/illuminate/database/Connection.php:664
Stack trace:
#0 /var/www/html/efms/api/vendor/illuminate/database/Connection.php(624): Illuminate\Database\Connection->runQueryCallback()
#1 /var/www/html/efms/api/vendor/illuminate/database/Connection.php(459): Illuminate\Database\Connection->run()
#2 /var/www/html/efms/api/vendor/illuminate/database/Connection.php(411): Illuminate\Database\Connection->statement()
#3 /var/www/html/efms/api/vendor/illuminate/database/Query/Processors/Processor.php(32): Illuminate\Database\Connection->insert()
#4 /var/www/html/efms/api/vendor/illuminate/database/Query/Builder.php(2690): Illuminate\Database\Query\Processors\Processor->processInsertGetId()
#5 /var/www/html/efms/api/vendor/illuminate/database/Eloquent/Builder.php(1353): Illuminate\Database\Query\Builder->insertGetId()
#6 /var/www/html/efms/api/vendor/illuminate/database/Eloquent/Model.php(839): Illuminate\Database\Eloquent\Builder->__call()
#7 /var/www/html/efms/api/vendor/illuminate/database/Eloquent/Model.php(804): Illuminate\Database\Eloquent\Model->insertAndSetId()
#8 /var/www/html/efms/api/vendor/illuminate/database/Eloquent/Model.php(667): Illuminate\Database\Eloquent\Model->performInsert()
#9 /var/www/html/efms/api/vendor/illuminate/database/Eloquent/Builder.php(795): Illuminate\Database\Eloquent\Model->save()
#10 /var/www/html/efms/api/vendor/illuminate/support/helpers.php(1124): Illuminate\Database\Eloquent\Builder->Illuminate\Database\Eloquent\{closure}()
#11 /var/www/html/efms/api/vendor/illuminate/database/Eloquent/Builder.php(796): tap()
#12 /var/www/html/efms/api/vendor/illuminate/support/Traits/ForwardsCalls.php(23): Illuminate\Database\Eloquent\Builder->create()
#13 /var/www/html/efms/api/vendor/illuminate/database/Eloquent/Model.php(1618): Illuminate\Database\Eloquent\Model->forwardCallTo()
#14 /var/www/html/efms/api/vendor/illuminate/database/Eloquent/Model.php(1630): Illuminate\Database\Eloquent\Model->__call()
#15 /var/www/html/efms/api/app/Http/Controllers/JobController.php(272): Illuminate\Database\Eloquent\Model::__callStatic()
#16 [internal function]: App\Http\Controllers\JobController->cancel_job()
#17 /var/www/html/efms/api/vendor/illuminate/container/BoundMethod.php(32): call_user_func_array()
#18 /var/www/html/efms/api/vendor/illuminate/container/BoundMethod.php(90): Illuminate\Container\BoundMethod::Illuminate\Container\{closure}()
#19 /var/www/html/efms/api/vendor/illuminate/container/BoundMethod.php(34): Illuminate\Container\BoundMethod::callBoundMethod()
#20 /var/www/html/efms/api/vendor/illuminate/container/Container.php(576): Illuminate\Container\BoundMethod::call()
#21 /var/www/html/efms/api/vendor/laravel/lumen-framework/src/Concerns/RoutesRequests.php(376): Illuminate\Container\Container->call()
#22 /var/www/html/efms/api/vendor/laravel/lumen-framework/src/Concerns/RoutesRequests.php(342): Laravel\Lumen\Application->callControllerCallable()
#23 /var/www/html/efms/api/vendor/laravel/lumen-framework/src/Concerns/RoutesRequests.php(316): Laravel\Lumen\Application->callLumenController()
#24 /var/www/html/efms/api/vendor/laravel/lumen-framework/src/Concerns/RoutesRequests.php(278): Laravel\Lumen\Application->callControllerAction()
#25 /var/www/html/efms/api/vendor/laravel/lumen-framework/src/Concerns/RoutesRequests.php(258): Laravel\Lumen\Application->callActionOnArrayBasedRoute()
#26 [internal function]: Laravel\Lumen\Application->Laravel\Lumen\Concerns\{closure}()
#27 /var/www/html/efms/api/vendor/laravel/lumen-framework/src/Routing/Pipeline.php(52): call_user_func()
#28 /var/www/html/efms/api/app/Http/Middleware/Authenticate.php(64): Laravel\Lumen\Routing\Pipeline->Laravel\Lumen\Routing\{closure}()
#29 /var/www/html/efms/api/vendor/illuminate/pipeline/Pipeline.php(163): App\Http\Middleware\Authenticate->handle()
#30 [internal function]: Illuminate\Pipeline\Pipeline->Illuminate\Pipeline\{closure}()
#31 /var/www/html/efms/api/vendor/laravel/lumen-framework/src/Routing/Pipeline.php(32): call_user_func()
#32 /var/www/html/efms/api/vendor/illuminate/pipeline/Pipeline.php(104): Laravel\Lumen\Routing\Pipeline->Laravel\Lumen\Routing\{closure}()
#33 /var/www/html/efms/api/vendor/laravel/lumen-framework/src/Concerns/RoutesRequests.php(413): Illuminate\Pipeline\Pipeline->then()
#34 /var/www/html/efms/api/vendor/laravel/lumen-framework/src/Concerns/RoutesRequests.php(259): Laravel\Lumen\Application->sendThroughPipeline()
#35 /var/www/html/efms/api/vendor/laravel/lumen-framework/src/Concerns/RoutesRequests.php(233): Laravel\Lumen\Application->handleFoundRoute()
#36 /var/www/html/efms/api/vendor/laravel/lumen-framework/src/Concerns/RoutesRequests.php(169): Laravel\Lumen\Application->handleDispatcherResponse()
#37 /var/www/html/efms/api/vendor/laravel/lumen-framework/src/Concerns/RoutesRequests.php(416): Laravel\Lumen\Application->Laravel\Lumen\Concerns\{closure}()
#38 /var/www/html/efms/api/vendor/laravel/lumen-framework/src/Concerns/RoutesRequests.php(171): Laravel\Lumen\Application->sendThroughPipeline()
#39 /var/www/html/efms/api/vendor/laravel/lumen-framework/src/Concerns/RoutesRequests.php(108): Laravel\Lumen\Application->dispatch()
#40 /var/www/html/efms/api/public/index.php(28): Laravel\Lumen\Application->run()
#41 /var/www/html/efms/api/index.php(22): require_once('/var/www/html/e...')
#42 {main} {"exception":"[object] (Illuminate\\Database\\QueryException(code: 23000): SQLSTATE[23000]: Integrity constraint violation: 1048 Column 'UserBefore' cannot be null (SQL: insert into `HistoryCancelJob` (`JobID`, `UserBefore`, `Reason`, `created_at`) values (24, ?, test Cancel Job, 2025-10-22 11:39:45)) at /var/www/html/efms/api/vendor/illuminate/database/Connection.php:664, PDOException(code: 23000): SQLSTATE[23000]: Integrity constraint violation: 1048 Column 'UserBefore' cannot be null at /var/www/html/efms/api/vendor/illuminate/database/Connection.php:458)
[stacktrace]
#0 /var/www/html/efms/api/vendor/illuminate/database/Connection.php(624): Illuminate\\Database\\Connection->runQueryCallback()
#1 /var/www/html/efms/api/vendor/illuminate/database/Connection.php(459): Illuminate\\Database\\Connection->run()
#2 /var/www/html/efms/api/vendor/illuminate/database/Connection.php(411): Illuminate\\Database\\Connection->statement()
#3 /var/www/html/efms/api/vendor/illuminate/database/Query/Processors/Processor.php(32): Illuminate\\Database\\Connection->insert()
#4 /var/www/html/efms/api/vendor/illuminate/database/Query/Builder.php(2690): Illuminate\\Database\\Query\\Processors\\Processor->processInsertGetId()
#5 /var/www/html/efms/api/vendor/illuminate/database/Eloquent/Builder.php(1353): Illuminate\\Database\\Query\\Builder->insertGetId()
#6 /var/www/html/efms/api/vendor/illuminate/database/Eloquent/Model.php(839): Illuminate\\Database\\Eloquent\\Builder->__call()
#7 /var/www/html/efms/api/vendor/illuminate/database/Eloquent/Model.php(804): Illuminate\\Database\\Eloquent\\Model->insertAndSetId()
#8 /var/www/html/efms/api/vendor/illuminate/database/Eloquent/Model.php(667): Illuminate\\Database\\Eloquent\\Model->performInsert()
#9 /var/www/html/efms/api/vendor/illuminate/database/Eloquent/Builder.php(795): Illuminate\\Database\\Eloquent\\Model->save()
#10 /var/www/html/efms/api/vendor/illuminate/support/helpers.php(1124): Illuminate\\Database\\Eloquent\\Builder->Illuminate\\Database\\Eloquent\\{closure}()
#11 /var/www/html/efms/api/vendor/illuminate/database/Eloquent/Builder.php(796): tap()
#12 /var/www/html/efms/api/vendor/illuminate/support/Traits/ForwardsCalls.php(23): Illuminate\\Database\\Eloquent\\Builder->create()
#13 /var/www/html/efms/api/vendor/illuminate/database/Eloquent/Model.php(1618): Illuminate\\Database\\Eloquent\\Model->forwardCallTo()
#14 /var/www/html/efms/api/vendor/illuminate/database/Eloquent/Model.php(1630): Illuminate\\Database\\Eloquent\\Model->__call()
#15 /var/www/html/efms/api/app/Http/Controllers/JobController.php(272): Illuminate\\Database\\Eloquent\\Model::__callStatic()
#16 [internal function]: App\\Http\\Controllers\\JobController->cancel_job()
#17 /var/www/html/efms/api/vendor/illuminate/container/BoundMethod.php(32): call_user_func_array()
#18 /var/www/html/efms/api/vendor/illuminate/container/BoundMethod.php(90): Illuminate\\Container\\BoundMethod::Illuminate\\Container\\{closure}()
#19 /var/www/html/efms/api/vendor/illuminate/container/BoundMethod.php(34): Illuminate\\Container\\BoundMethod::callBoundMethod()
#20 /var/www/html/efms/api/vendor/illuminate/container/Container.php(576): Illuminate\\Container\\BoundMethod::call()
#21 /var/www/html/efms/api/vendor/laravel/lumen-framework/src/Concerns/RoutesRequests.php(376): Illuminate\\Container\\Container->call()
#22 /var/www/html/efms/api/vendor/laravel/lumen-framework/src/Concerns/RoutesRequests.php(342): Laravel\\Lumen\\Application->callControllerCallable()
#23 /var/www/html/efms/api/vendor/laravel/lumen-framework/src/Concerns/RoutesRequests.php(316): Laravel\\Lumen\\Application->callLumenController()
#24 /var/www/html/efms/api/vendor/laravel/lumen-framework/src/Concerns/RoutesRequests.php(278): Laravel\\Lumen\\Application->callControllerAction()
#25 /var/www/html/efms/api/vendor/laravel/lumen-framework/src/Concerns/RoutesRequests.php(258): Laravel\\Lumen\\Application->callActionOnArrayBasedRoute()
#26 [internal function]: Laravel\\Lumen\\Application->Laravel\\Lumen\\Concerns\\{closure}()
#27 /var/www/html/efms/api/vendor/laravel/lumen-framework/src/Routing/Pipeline.php(52): call_user_func()
#28 /var/www/html/efms/api/app/Http/Middleware/Authenticate.php(64): Laravel\\Lumen\\Routing\\Pipeline->Laravel\\Lumen\\Routing\\{closure}()
#29 /var/www/html/efms/api/vendor/illuminate/pipeline/Pipeline.php(163): App\\Http\\Middleware\\Authenticate->handle()
#30 [internal function]: Illuminate\\Pipeline\\Pipeline->Illuminate\\Pipeline\\{closure}()
#31 /var/www/html/efms/api/vendor/laravel/lumen-framework/src/Routing/Pipeline.php(32): call_user_func()
#32 /var/www/html/efms/api/vendor/illuminate/pipeline/Pipeline.php(104): Laravel\\Lumen\\Routing\\Pipeline->Laravel\\Lumen\\Routing\\{closure}()
#33 /var/www/html/efms/api/vendor/laravel/lumen-framework/src/Concerns/RoutesRequests.php(413): Illuminate\\Pipeline\\Pipeline->then()
#34 /var/www/html/efms/api/vendor/laravel/lumen-framework/src/Concerns/RoutesRequests.php(259): Laravel\\Lumen\\Application->sendThroughPipeline()
#35 /var/www/html/efms/api/vendor/laravel/lumen-framework/src/Concerns/RoutesRequests.php(233): Laravel\\Lumen\\Application->handleFoundRoute()
#36 /var/www/html/efms/api/vendor/laravel/lumen-framework/src/Concerns/RoutesRequests.php(169): Laravel\\Lumen\\Application->handleDispatcherResponse()
#37 /var/www/html/efms/api/vendor/laravel/lumen-framework/src/Concerns/RoutesRequests.php(416): Laravel\\Lumen\\Application->Laravel\\Lumen\\Concerns\\{closure}()
#38 /var/www/html/efms/api/vendor/laravel/lumen-framework/src/Concerns/RoutesRequests.php(171): Laravel\\Lumen\\Application->sendThroughPipeline()
#39 /var/www/html/efms/api/vendor/laravel/lumen-framework/src/Concerns/RoutesRequests.php(108): Laravel\\Lumen\\Application->dispatch()
#40 /var/www/html/efms/api/public/index.php(28): Laravel\\Lumen\\Application->run()
#41 /var/www/html/efms/api/index.php(22): require_once('/var/www/html/e...')
#42 {main}
"} 
