[2026-01-08 08:39:35] local.ERROR: PDOException: SQLSTATE[HY000] [1045] Access denied for user 'homestead'@'localhost' (using password: YES) in C:\xampp\htdocs\be-fms\api\vendor\illuminate\database\Connectors\Connector.php:70
Stack trace:
#0 C:\xampp\htdocs\be-fms\api\vendor\illuminate\database\Connectors\Connector.php(70): PDO->__construct('mysql:host=127....', 'homestead', 'secret', Array)
#1 C:\xampp\htdocs\be-fms\api\vendor\illuminate\database\Connectors\Connector.php(46): Illuminate\Database\Connectors\Connector->createPdoConnection('mysql:host=127....', 'homestead', 'secret', Array)
#2 C:\xampp\htdocs\be-fms\api\vendor\illuminate\database\Connectors\MySqlConnector.php(24): Illuminate\Database\Connectors\Connector->createConnection('mysql:host=127....', Array, Array)
#3 C:\xampp\htdocs\be-fms\api\vendor\illuminate\database\Connectors\ConnectionFactory.php(182): Illuminate\Database\Connectors\MySqlConnector->connect(Array)
#4 [internal function]: Illuminate\Database\Connectors\ConnectionFactory->Illuminate\Database\Connectors\{closure}()
#5 C:\xampp\htdocs\be-fms\api\vendor\illuminate\database\Connection.php(919): call_user_func(Object(Closure))
#6 C:\xampp\htdocs\be-fms\api\vendor\illuminate\database\Connection.php(944): Illuminate\Database\Connection->getPdo()
#7 C:\xampp\htdocs\be-fms\api\vendor\illuminate\database\Connection.php(399): Illuminate\Database\Connection->getReadPdo()
#8 C:\xampp\htdocs\be-fms\api\vendor\illuminate\database\Connection.php(325): Illuminate\Database\Connection->getPdoForSelect(true)
#9 C:\xampp\htdocs\be-fms\api\vendor\illuminate\database\Connection.php(657): Illuminate\Database\Connection->Illuminate\Database\{closure}('select * from `...', Array)
#10 C:\xampp\htdocs\be-fms\api\vendor\illuminate\database\Connection.php(624): Illuminate\Database\Connection->runQueryCallback('select * from `...', Array, Object(Closure))
#11 C:\xampp\htdocs\be-fms\api\vendor\illuminate\database\Connection.php(333): Illuminate\Database\Connection->run('select * from `...', Array, Object(Closure))
#12 C:\xampp\htdocs\be-fms\api\vendor\illuminate\database\Query\Builder.php(2130): Illuminate\Database\Connection->select('select * from `...', Array, true)
#13 C:\xampp\htdocs\be-fms\api\vendor\illuminate\database\Query\Builder.php(2118): Illuminate\Database\Query\Builder->runSelect()
#14 C:\xampp\htdocs\be-fms\api\vendor\illuminate\database\Query\Builder.php(2604): Illuminate\Database\Query\Builder->Illuminate\Database\Query\{closure}()
#15 C:\xampp\htdocs\be-fms\api\vendor\illuminate\database\Query\Builder.php(2119): Illuminate\Database\Query\Builder->onceWithColumns(Array, Object(Closure))
#16 C:\xampp\htdocs\be-fms\api\vendor\illuminate\database\Eloquent\Builder.php(521): Illuminate\Database\Query\Builder->get(Array)
#17 C:\xampp\htdocs\be-fms\api\vendor\illuminate\database\Eloquent\Builder.php(505): Illuminate\Database\Eloquent\Builder->getModels(Array)
#18 C:\xampp\htdocs\be-fms\api\vendor\illuminate\database\Concerns\BuildsQueries.php(77): Illuminate\Database\Eloquent\Builder->get(Array)
#19 C:\xampp\htdocs\be-fms\api\app\Http\Controllers\AuthController.php(48): Illuminate\Database\Eloquent\Builder->first()
#20 [internal function]: App\Http\Controllers\AuthController->login(Object(Laravel\Lumen\Http\Request))
#21 C:\xampp\htdocs\be-fms\api\vendor\illuminate\container\BoundMethod.php(32): call_user_func_array(Array, Array)
#22 C:\xampp\htdocs\be-fms\api\vendor\illuminate\container\BoundMethod.php(90): Illuminate\Container\BoundMethod::Illuminate\Container\{closure}()
#23 C:\xampp\htdocs\be-fms\api\vendor\illuminate\container\BoundMethod.php(34): Illuminate\Container\BoundMethod::callBoundMethod(Object(Laravel\Lumen\Application), Array, Object(Closure))
#24 C:\xampp\htdocs\be-fms\api\vendor\illuminate\container\Container.php(576): Illuminate\Container\BoundMethod::call(Object(Laravel\Lumen\Application), Array, Array, NULL)
#25 C:\xampp\htdocs\be-fms\api\vendor\laravel\lumen-framework\src\Concerns\RoutesRequests.php(376): Illuminate\Container\Container->call(Array, Array)
#26 C:\xampp\htdocs\be-fms\api\vendor\laravel\lumen-framework\src\Concerns\RoutesRequests.php(342): Laravel\Lumen\Application->callControllerCallable(Array, Array)
#27 C:\xampp\htdocs\be-fms\api\vendor\laravel\lumen-framework\src\Concerns\RoutesRequests.php(316): Laravel\Lumen\Application->callLumenController(Object(App\Http\Controllers\AuthController), 'login', Array)
#28 C:\xampp\htdocs\be-fms\api\vendor\laravel\lumen-framework\src\Concerns\RoutesRequests.php(278): Laravel\Lumen\Application->callControllerAction(Array)
#29 C:\xampp\htdocs\be-fms\api\vendor\laravel\lumen-framework\src\Concerns\RoutesRequests.php(263): Laravel\Lumen\Application->callActionOnArrayBasedRoute(Array)
#30 C:\xampp\htdocs\be-fms\api\vendor\laravel\lumen-framework\src\Concerns\RoutesRequests.php(165): Laravel\Lumen\Application->handleFoundRoute(Array)
#31 C:\xampp\htdocs\be-fms\api\vendor\laravel\lumen-framework\src\Concerns\RoutesRequests.php(416): Laravel\Lumen\Application->Laravel\Lumen\Concerns\{closure}(Object(Laravel\Lumen\Http\Request))
#32 C:\xampp\htdocs\be-fms\api\vendor\laravel\lumen-framework\src\Concerns\RoutesRequests.php(171): Laravel\Lumen\Application->sendThroughPipeline(Array, Object(Closure))
#33 C:\xampp\htdocs\be-fms\api\vendor\laravel\lumen-framework\src\Concerns\RoutesRequests.php(108): Laravel\Lumen\Application->dispatch(NULL)
#34 C:\xampp\htdocs\be-fms\api\public\index.php(28): Laravel\Lumen\Application->run()
#35 {main}

Next Illuminate\Database\QueryException: SQLSTATE[HY000] [1045] Access denied for user 'homestead'@'localhost' (using password: YES) (SQL: select * from `UserLogin` left join `ListUser` on `UserLogin`.`UserLoginID` = `ListUser`.`UserLoginID` where `UserLogin`.`Email` = joshua@gmail.com and `ListUser`.`StatusActive` = 0 limit 1) in C:\xampp\htdocs\be-fms\api\vendor\illuminate\database\Connection.php:664
Stack trace:
#0 C:\xampp\htdocs\be-fms\api\vendor\illuminate\database\Connection.php(624): Illuminate\Database\Connection->runQueryCallback('select * from `...', Array, Object(Closure))
#1 C:\xampp\htdocs\be-fms\api\vendor\illuminate\database\Connection.php(333): Illuminate\Database\Connection->run('select * from `...', Array, Object(Closure))
#2 C:\xampp\htdocs\be-fms\api\vendor\illuminate\database\Query\Builder.php(2130): Illuminate\Database\Connection->select('select * from `...', Array, true)
#3 C:\xampp\htdocs\be-fms\api\vendor\illuminate\database\Query\Builder.php(2118): Illuminate\Database\Query\Builder->runSelect()
#4 C:\xampp\htdocs\be-fms\api\vendor\illuminate\database\Query\Builder.php(2604): Illuminate\Database\Query\Builder->Illuminate\Database\Query\{closure}()
#5 C:\xampp\htdocs\be-fms\api\vendor\illuminate\database\Query\Builder.php(2119): Illuminate\Database\Query\Builder->onceWithColumns(Array, Object(Closure))
#6 C:\xampp\htdocs\be-fms\api\vendor\illuminate\database\Eloquent\Builder.php(521): Illuminate\Database\Query\Builder->get(Array)
#7 C:\xampp\htdocs\be-fms\api\vendor\illuminate\database\Eloquent\Builder.php(505): Illuminate\Database\Eloquent\Builder->getModels(Array)
#8 C:\xampp\htdocs\be-fms\api\vendor\illuminate\database\Concerns\BuildsQueries.php(77): Illuminate\Database\Eloquent\Builder->get(Array)
#9 C:\xampp\htdocs\be-fms\api\app\Http\Controllers\AuthController.php(48): Illuminate\Database\Eloquent\Builder->first()
#10 [internal function]: App\Http\Controllers\AuthController->login(Object(Laravel\Lumen\Http\Request))
#11 C:\xampp\htdocs\be-fms\api\vendor\illuminate\container\BoundMethod.php(32): call_user_func_array(Array, Array)
#12 C:\xampp\htdocs\be-fms\api\vendor\illuminate\container\BoundMethod.php(90): Illuminate\Container\BoundMethod::Illuminate\Container\{closure}()
#13 C:\xampp\htdocs\be-fms\api\vendor\illuminate\container\BoundMethod.php(34): Illuminate\Container\BoundMethod::callBoundMethod(Object(Laravel\Lumen\Application), Array, Object(Closure))
#14 C:\xampp\htdocs\be-fms\api\vendor\illuminate\container\Container.php(576): Illuminate\Container\BoundMethod::call(Object(Laravel\Lumen\Application), Array, Array, NULL)
#15 C:\xampp\htdocs\be-fms\api\vendor\laravel\lumen-framework\src\Concerns\RoutesRequests.php(376): Illuminate\Container\Container->call(Array, Array)
#16 C:\xampp\htdocs\be-fms\api\vendor\laravel\lumen-framework\src\Concerns\RoutesRequests.php(342): Laravel\Lumen\Application->callControllerCallable(Array, Array)
#17 C:\xampp\htdocs\be-fms\api\vendor\laravel\lumen-framework\src\Concerns\RoutesRequests.php(316): Laravel\Lumen\Application->callLumenController(Object(App\Http\Controllers\AuthController), 'login', Array)
#18 C:\xampp\htdocs\be-fms\api\vendor\laravel\lumen-framework\src\Concerns\RoutesRequests.php(278): Laravel\Lumen\Application->callControllerAction(Array)
#19 C:\xampp\htdocs\be-fms\api\vendor\laravel\lumen-framework\src\Concerns\RoutesRequests.php(263): Laravel\Lumen\Application->callActionOnArrayBasedRoute(Array)
#20 C:\xampp\htdocs\be-fms\api\vendor\laravel\lumen-framework\src\Concerns\RoutesRequests.php(165): Laravel\Lumen\Application->handleFoundRoute(Array)
#21 C:\xampp\htdocs\be-fms\api\vendor\laravel\lumen-framework\src\Concerns\RoutesRequests.php(416): Laravel\Lumen\Application->Laravel\Lumen\Concerns\{closure}(Object(Laravel\Lumen\Http\Request))
#22 C:\xampp\htdocs\be-fms\api\vendor\laravel\lumen-framework\src\Concerns\RoutesRequests.php(171): Laravel\Lumen\Application->sendThroughPipeline(Array, Object(Closure))
#23 C:\xampp\htdocs\be-fms\api\vendor\laravel\lumen-framework\src\Concerns\RoutesRequests.php(108): Laravel\Lumen\Application->dispatch(NULL)
#24 C:\xampp\htdocs\be-fms\api\public\index.php(28): Laravel\Lumen\Application->run()
#25 {main} {"exception":"[object] (Illuminate\\Database\\QueryException(code: 1045): SQLSTATE[HY000] [1045] Access denied for user 'homestead'@'localhost' (using password: YES) (SQL: select * from `UserLogin` left join `ListUser` on `UserLogin`.`UserLoginID` = `ListUser`.`UserLoginID` where `UserLogin`.`Email` = joshua@gmail.com and `ListUser`.`StatusActive` = 0 limit 1) at C:\\xampp\\htdocs\\be-fms\\api\\vendor\\illuminate\\database\\Connection.php:664, PDOException(code: 1045): SQLSTATE[HY000] [1045] Access denied for user 'homestead'@'localhost' (using password: YES) at C:\\xampp\\htdocs\\be-fms\\api\\vendor\\illuminate\\database\\Connectors\\Connector.php:70)
[stacktrace]
#0 C:\\xampp\\htdocs\\be-fms\\api\\vendor\\illuminate\\database\\Connection.php(624): Illuminate\\Database\\Connection->runQueryCallback('select * from `...', Array, Object(Closure))
#1 C:\\xampp\\htdocs\\be-fms\\api\\vendor\\illuminate\\database\\Connection.php(333): Illuminate\\Database\\Connection->run('select * from `...', Array, Object(Closure))
#2 C:\\xampp\\htdocs\\be-fms\\api\\vendor\\illuminate\\database\\Query\\Builder.php(2130): Illuminate\\Database\\Connection->select('select * from `...', Array, true)
#3 C:\\xampp\\htdocs\\be-fms\\api\\vendor\\illuminate\\database\\Query\\Builder.php(2118): Illuminate\\Database\\Query\\Builder->runSelect()
#4 C:\\xampp\\htdocs\\be-fms\\api\\vendor\\illuminate\\database\\Query\\Builder.php(2604): Illuminate\\Database\\Query\\Builder->Illuminate\\Database\\Query\\{closure}()
#5 C:\\xampp\\htdocs\\be-fms\\api\\vendor\\illuminate\\database\\Query\\Builder.php(2119): Illuminate\\Database\\Query\\Builder->onceWithColumns(Array, Object(Closure))
#6 C:\\xampp\\htdocs\\be-fms\\api\\vendor\\illuminate\\database\\Eloquent\\Builder.php(521): Illuminate\\Database\\Query\\Builder->get(Array)
#7 C:\\xampp\\htdocs\\be-fms\\api\\vendor\\illuminate\\database\\Eloquent\\Builder.php(505): Illuminate\\Database\\Eloquent\\Builder->getModels(Array)
#8 C:\\xampp\\htdocs\\be-fms\\api\\vendor\\illuminate\\database\\Concerns\\BuildsQueries.php(77): Illuminate\\Database\\Eloquent\\Builder->get(Array)
#9 C:\\xampp\\htdocs\\be-fms\\api\\app\\Http\\Controllers\\AuthController.php(48): Illuminate\\Database\\Eloquent\\Builder->first()
#10 [internal function]: App\\Http\\Controllers\\AuthController->login(Object(Laravel\\Lumen\\Http\\Request))
#11 C:\\xampp\\htdocs\\be-fms\\api\\vendor\\illuminate\\container\\BoundMethod.php(32): call_user_func_array(Array, Array)
#12 C:\\xampp\\htdocs\\be-fms\\api\\vendor\\illuminate\\container\\BoundMethod.php(90): Illuminate\\Container\\BoundMethod::Illuminate\\Container\\{closure}()
#13 C:\\xampp\\htdocs\\be-fms\\api\\vendor\\illuminate\\container\\BoundMethod.php(34): Illuminate\\Container\\BoundMethod::callBoundMethod(Object(Laravel\\Lumen\\Application), Array, Object(Closure))
#14 C:\\xampp\\htdocs\\be-fms\\api\\vendor\\illuminate\\container\\Container.php(576): Illuminate\\Container\\BoundMethod::call(Object(Laravel\\Lumen\\Application), Array, Array, NULL)
#15 C:\\xampp\\htdocs\\be-fms\\api\\vendor\\laravel\\lumen-framework\\src\\Concerns\\RoutesRequests.php(376): Illuminate\\Container\\Container->call(Array, Array)
#16 C:\\xampp\\htdocs\\be-fms\\api\\vendor\\laravel\\lumen-framework\\src\\Concerns\\RoutesRequests.php(342): Laravel\\Lumen\\Application->callControllerCallable(Array, Array)
#17 C:\\xampp\\htdocs\\be-fms\\api\\vendor\\laravel\\lumen-framework\\src\\Concerns\\RoutesRequests.php(316): Laravel\\Lumen\\Application->callLumenController(Object(App\\Http\\Controllers\\AuthController), 'login', Array)
#18 C:\\xampp\\htdocs\\be-fms\\api\\vendor\\laravel\\lumen-framework\\src\\Concerns\\RoutesRequests.php(278): Laravel\\Lumen\\Application->callControllerAction(Array)
#19 C:\\xampp\\htdocs\\be-fms\\api\\vendor\\laravel\\lumen-framework\\src\\Concerns\\RoutesRequests.php(263): Laravel\\Lumen\\Application->callActionOnArrayBasedRoute(Array)
#20 C:\\xampp\\htdocs\\be-fms\\api\\vendor\\laravel\\lumen-framework\\src\\Concerns\\RoutesRequests.php(165): Laravel\\Lumen\\Application->handleFoundRoute(Array)
#21 C:\\xampp\\htdocs\\be-fms\\api\\vendor\\laravel\\lumen-framework\\src\\Concerns\\RoutesRequests.php(416): Laravel\\Lumen\\Application->Laravel\\Lumen\\Concerns\\{closure}(Object(Laravel\\Lumen\\Http\\Request))
#22 C:\\xampp\\htdocs\\be-fms\\api\\vendor\\laravel\\lumen-framework\\src\\Concerns\\RoutesRequests.php(171): Laravel\\Lumen\\Application->sendThroughPipeline(Array, Object(Closure))
#23 C:\\xampp\\htdocs\\be-fms\\api\\vendor\\laravel\\lumen-framework\\src\\Concerns\\RoutesRequests.php(108): Laravel\\Lumen\\Application->dispatch(NULL)
#24 C:\\xampp\\htdocs\\be-fms\\api\\public\\index.php(28): Laravel\\Lumen\\Application->run()
#25 {main}
"} 
[2026-01-08 08:40:03] local.ERROR: PDOException: SQLSTATE[HY000] [1045] Access denied for user 'homestead'@'localhost' (using password: YES) in C:\xampp\htdocs\be-fms\api\vendor\illuminate\database\Connectors\Connector.php:70
Stack trace:
#0 C:\xampp\htdocs\be-fms\api\vendor\illuminate\database\Connectors\Connector.php(70): PDO->__construct('mysql:host=127....', 'homestead', 'secret', Array)
#1 C:\xampp\htdocs\be-fms\api\vendor\illuminate\database\Connectors\Connector.php(46): Illuminate\Database\Connectors\Connector->createPdoConnection('mysql:host=127....', 'homestead', 'secret', Array)
#2 C:\xampp\htdocs\be-fms\api\vendor\illuminate\database\Connectors\MySqlConnector.php(24): Illuminate\Database\Connectors\Connector->createConnection('mysql:host=127....', Array, Array)
#3 C:\xampp\htdocs\be-fms\api\vendor\illuminate\database\Connectors\ConnectionFactory.php(182): Illuminate\Database\Connectors\MySqlConnector->connect(Array)
#4 [internal function]: Illuminate\Database\Connectors\ConnectionFactory->Illuminate\Database\Connectors\{closure}()
#5 C:\xampp\htdocs\be-fms\api\vendor\illuminate\database\Connection.php(919): call_user_func(Object(Closure))
#6 C:\xampp\htdocs\be-fms\api\vendor\illuminate\database\Connection.php(944): Illuminate\Database\Connection->getPdo()
#7 C:\xampp\htdocs\be-fms\api\vendor\illuminate\database\Connection.php(399): Illuminate\Database\Connection->getReadPdo()
#8 C:\xampp\htdocs\be-fms\api\vendor\illuminate\database\Connection.php(325): Illuminate\Database\Connection->getPdoForSelect(true)
#9 C:\xampp\htdocs\be-fms\api\vendor\illuminate\database\Connection.php(657): Illuminate\Database\Connection->Illuminate\Database\{closure}('select * from `...', Array)
#10 C:\xampp\htdocs\be-fms\api\vendor\illuminate\database\Connection.php(624): Illuminate\Database\Connection->runQueryCallback('select * from `...', Array, Object(Closure))
#11 C:\xampp\htdocs\be-fms\api\vendor\illuminate\database\Connection.php(333): Illuminate\Database\Connection->run('select * from `...', Array, Object(Closure))
#12 C:\xampp\htdocs\be-fms\api\vendor\illuminate\database\Query\Builder.php(2130): Illuminate\Database\Connection->select('select * from `...', Array, true)
#13 C:\xampp\htdocs\be-fms\api\vendor\illuminate\database\Query\Builder.php(2118): Illuminate\Database\Query\Builder->runSelect()
#14 C:\xampp\htdocs\be-fms\api\vendor\illuminate\database\Query\Builder.php(2604): Illuminate\Database\Query\Builder->Illuminate\Database\Query\{closure}()
#15 C:\xampp\htdocs\be-fms\api\vendor\illuminate\database\Query\Builder.php(2119): Illuminate\Database\Query\Builder->onceWithColumns(Array, Object(Closure))
#16 C:\xampp\htdocs\be-fms\api\vendor\illuminate\database\Eloquent\Builder.php(521): Illuminate\Database\Query\Builder->get(Array)
#17 C:\xampp\htdocs\be-fms\api\vendor\illuminate\database\Eloquent\Builder.php(505): Illuminate\Database\Eloquent\Builder->getModels(Array)
#18 C:\xampp\htdocs\be-fms\api\vendor\illuminate\database\Concerns\BuildsQueries.php(77): Illuminate\Database\Eloquent\Builder->get(Array)
#19 C:\xampp\htdocs\be-fms\api\app\Http\Controllers\AuthController.php(48): Illuminate\Database\Eloquent\Builder->first()
#20 [internal function]: App\Http\Controllers\AuthController->login(Object(Laravel\Lumen\Http\Request))
#21 C:\xampp\htdocs\be-fms\api\vendor\illuminate\container\BoundMethod.php(32): call_user_func_array(Array, Array)
#22 C:\xampp\htdocs\be-fms\api\vendor\illuminate\container\BoundMethod.php(90): Illuminate\Container\BoundMethod::Illuminate\Container\{closure}()
#23 C:\xampp\htdocs\be-fms\api\vendor\illuminate\container\BoundMethod.php(34): Illuminate\Container\BoundMethod::callBoundMethod(Object(Laravel\Lumen\Application), Array, Object(Closure))
#24 C:\xampp\htdocs\be-fms\api\vendor\illuminate\container\Container.php(576): Illuminate\Container\BoundMethod::call(Object(Laravel\Lumen\Application), Array, Array, NULL)
#25 C:\xampp\htdocs\be-fms\api\vendor\laravel\lumen-framework\src\Concerns\RoutesRequests.php(376): Illuminate\Container\Container->call(Array, Array)
#26 C:\xampp\htdocs\be-fms\api\vendor\laravel\lumen-framework\src\Concerns\RoutesRequests.php(342): Laravel\Lumen\Application->callControllerCallable(Array, Array)
#27 C:\xampp\htdocs\be-fms\api\vendor\laravel\lumen-framework\src\Concerns\RoutesRequests.php(316): Laravel\Lumen\Application->callLumenController(Object(App\Http\Controllers\AuthController), 'login', Array)
#28 C:\xampp\htdocs\be-fms\api\vendor\laravel\lumen-framework\src\Concerns\RoutesRequests.php(278): Laravel\Lumen\Application->callControllerAction(Array)
#29 C:\xampp\htdocs\be-fms\api\vendor\laravel\lumen-framework\src\Concerns\RoutesRequests.php(263): Laravel\Lumen\Application->callActionOnArrayBasedRoute(Array)
#30 C:\xampp\htdocs\be-fms\api\vendor\laravel\lumen-framework\src\Concerns\RoutesRequests.php(165): Laravel\Lumen\Application->handleFoundRoute(Array)
#31 C:\xampp\htdocs\be-fms\api\vendor\laravel\lumen-framework\src\Concerns\RoutesRequests.php(416): Laravel\Lumen\Application->Laravel\Lumen\Concerns\{closure}(Object(Laravel\Lumen\Http\Request))
#32 C:\xampp\htdocs\be-fms\api\vendor\laravel\lumen-framework\src\Concerns\RoutesRequests.php(171): Laravel\Lumen\Application->sendThroughPipeline(Array, Object(Closure))
#33 C:\xampp\htdocs\be-fms\api\vendor\laravel\lumen-framework\src\Concerns\RoutesRequests.php(108): Laravel\Lumen\Application->dispatch(NULL)
#34 C:\xampp\htdocs\be-fms\api\public\index.php(28): Laravel\Lumen\Application->run()
#35 {main}

Next Illuminate\Database\QueryException: SQLSTATE[HY000] [1045] Access denied for user 'homestead'@'localhost' (using password: YES) (SQL: select * from `UserLogin` left join `ListUser` on `UserLogin`.`UserLoginID` = `ListUser`.`UserLoginID` where `UserLogin`.`Email` = joshua@gmail.com and `ListUser`.`StatusActive` = 0 limit 1) in C:\xampp\htdocs\be-fms\api\vendor\illuminate\database\Connection.php:664
Stack trace:
#0 C:\xampp\htdocs\be-fms\api\vendor\illuminate\database\Connection.php(624): Illuminate\Database\Connection->runQueryCallback('select * from `...', Array, Object(Closure))
#1 C:\xampp\htdocs\be-fms\api\vendor\illuminate\database\Connection.php(333): Illuminate\Database\Connection->run('select * from `...', Array, Object(Closure))
#2 C:\xampp\htdocs\be-fms\api\vendor\illuminate\database\Query\Builder.php(2130): Illuminate\Database\Connection->select('select * from `...', Array, true)
#3 C:\xampp\htdocs\be-fms\api\vendor\illuminate\database\Query\Builder.php(2118): Illuminate\Database\Query\Builder->runSelect()
#4 C:\xampp\htdocs\be-fms\api\vendor\illuminate\database\Query\Builder.php(2604): Illuminate\Database\Query\Builder->Illuminate\Database\Query\{closure}()
#5 C:\xampp\htdocs\be-fms\api\vendor\illuminate\database\Query\Builder.php(2119): Illuminate\Database\Query\Builder->onceWithColumns(Array, Object(Closure))
#6 C:\xampp\htdocs\be-fms\api\vendor\illuminate\database\Eloquent\Builder.php(521): Illuminate\Database\Query\Builder->get(Array)
#7 C:\xampp\htdocs\be-fms\api\vendor\illuminate\database\Eloquent\Builder.php(505): Illuminate\Database\Eloquent\Builder->getModels(Array)
#8 C:\xampp\htdocs\be-fms\api\vendor\illuminate\database\Concerns\BuildsQueries.php(77): Illuminate\Database\Eloquent\Builder->get(Array)
#9 C:\xampp\htdocs\be-fms\api\app\Http\Controllers\AuthController.php(48): Illuminate\Database\Eloquent\Builder->first()
#10 [internal function]: App\Http\Controllers\AuthController->login(Object(Laravel\Lumen\Http\Request))
#11 C:\xampp\htdocs\be-fms\api\vendor\illuminate\container\BoundMethod.php(32): call_user_func_array(Array, Array)
#12 C:\xampp\htdocs\be-fms\api\vendor\illuminate\container\BoundMethod.php(90): Illuminate\Container\BoundMethod::Illuminate\Container\{closure}()
#13 C:\xampp\htdocs\be-fms\api\vendor\illuminate\container\BoundMethod.php(34): Illuminate\Container\BoundMethod::callBoundMethod(Object(Laravel\Lumen\Application), Array, Object(Closure))
#14 C:\xampp\htdocs\be-fms\api\vendor\illuminate\container\Container.php(576): Illuminate\Container\BoundMethod::call(Object(Laravel\Lumen\Application), Array, Array, NULL)
#15 C:\xampp\htdocs\be-fms\api\vendor\laravel\lumen-framework\src\Concerns\RoutesRequests.php(376): Illuminate\Container\Container->call(Array, Array)
#16 C:\xampp\htdocs\be-fms\api\vendor\laravel\lumen-framework\src\Concerns\RoutesRequests.php(342): Laravel\Lumen\Application->callControllerCallable(Array, Array)
#17 C:\xampp\htdocs\be-fms\api\vendor\laravel\lumen-framework\src\Concerns\RoutesRequests.php(316): Laravel\Lumen\Application->callLumenController(Object(App\Http\Controllers\AuthController), 'login', Array)
#18 C:\xampp\htdocs\be-fms\api\vendor\laravel\lumen-framework\src\Concerns\RoutesRequests.php(278): Laravel\Lumen\Application->callControllerAction(Array)
#19 C:\xampp\htdocs\be-fms\api\vendor\laravel\lumen-framework\src\Concerns\RoutesRequests.php(263): Laravel\Lumen\Application->callActionOnArrayBasedRoute(Array)
#20 C:\xampp\htdocs\be-fms\api\vendor\laravel\lumen-framework\src\Concerns\RoutesRequests.php(165): Laravel\Lumen\Application->handleFoundRoute(Array)
#21 C:\xampp\htdocs\be-fms\api\vendor\laravel\lumen-framework\src\Concerns\RoutesRequests.php(416): Laravel\Lumen\Application->Laravel\Lumen\Concerns\{closure}(Object(Laravel\Lumen\Http\Request))
#22 C:\xampp\htdocs\be-fms\api\vendor\laravel\lumen-framework\src\Concerns\RoutesRequests.php(171): Laravel\Lumen\Application->sendThroughPipeline(Array, Object(Closure))
#23 C:\xampp\htdocs\be-fms\api\vendor\laravel\lumen-framework\src\Concerns\RoutesRequests.php(108): Laravel\Lumen\Application->dispatch(NULL)
#24 C:\xampp\htdocs\be-fms\api\public\index.php(28): Laravel\Lumen\Application->run()
#25 {main} {"exception":"[object] (Illuminate\\Database\\QueryException(code: 1045): SQLSTATE[HY000] [1045] Access denied for user 'homestead'@'localhost' (using password: YES) (SQL: select * from `UserLogin` left join `ListUser` on `UserLogin`.`UserLoginID` = `ListUser`.`UserLoginID` where `UserLogin`.`Email` = joshua@gmail.com and `ListUser`.`StatusActive` = 0 limit 1) at C:\\xampp\\htdocs\\be-fms\\api\\vendor\\illuminate\\database\\Connection.php:664, PDOException(code: 1045): SQLSTATE[HY000] [1045] Access denied for user 'homestead'@'localhost' (using password: YES) at C:\\xampp\\htdocs\\be-fms\\api\\vendor\\illuminate\\database\\Connectors\\Connector.php:70)
[stacktrace]
#0 C:\\xampp\\htdocs\\be-fms\\api\\vendor\\illuminate\\database\\Connection.php(624): Illuminate\\Database\\Connection->runQueryCallback('select * from `...', Array, Object(Closure))
#1 C:\\xampp\\htdocs\\be-fms\\api\\vendor\\illuminate\\database\\Connection.php(333): Illuminate\\Database\\Connection->run('select * from `...', Array, Object(Closure))
#2 C:\\xampp\\htdocs\\be-fms\\api\\vendor\\illuminate\\database\\Query\\Builder.php(2130): Illuminate\\Database\\Connection->select('select * from `...', Array, true)
#3 C:\\xampp\\htdocs\\be-fms\\api\\vendor\\illuminate\\database\\Query\\Builder.php(2118): Illuminate\\Database\\Query\\Builder->runSelect()
#4 C:\\xampp\\htdocs\\be-fms\\api\\vendor\\illuminate\\database\\Query\\Builder.php(2604): Illuminate\\Database\\Query\\Builder->Illuminate\\Database\\Query\\{closure}()
#5 C:\\xampp\\htdocs\\be-fms\\api\\vendor\\illuminate\\database\\Query\\Builder.php(2119): Illuminate\\Database\\Query\\Builder->onceWithColumns(Array, Object(Closure))
#6 C:\\xampp\\htdocs\\be-fms\\api\\vendor\\illuminate\\database\\Eloquent\\Builder.php(521): Illuminate\\Database\\Query\\Builder->get(Array)
#7 C:\\xampp\\htdocs\\be-fms\\api\\vendor\\illuminate\\database\\Eloquent\\Builder.php(505): Illuminate\\Database\\Eloquent\\Builder->getModels(Array)
#8 C:\\xampp\\htdocs\\be-fms\\api\\vendor\\illuminate\\database\\Concerns\\BuildsQueries.php(77): Illuminate\\Database\\Eloquent\\Builder->get(Array)
#9 C:\\xampp\\htdocs\\be-fms\\api\\app\\Http\\Controllers\\AuthController.php(48): Illuminate\\Database\\Eloquent\\Builder->first()
#10 [internal function]: App\\Http\\Controllers\\AuthController->login(Object(Laravel\\Lumen\\Http\\Request))
#11 C:\\xampp\\htdocs\\be-fms\\api\\vendor\\illuminate\\container\\BoundMethod.php(32): call_user_func_array(Array, Array)
#12 C:\\xampp\\htdocs\\be-fms\\api\\vendor\\illuminate\\container\\BoundMethod.php(90): Illuminate\\Container\\BoundMethod::Illuminate\\Container\\{closure}()
#13 C:\\xampp\\htdocs\\be-fms\\api\\vendor\\illuminate\\container\\BoundMethod.php(34): Illuminate\\Container\\BoundMethod::callBoundMethod(Object(Laravel\\Lumen\\Application), Array, Object(Closure))
#14 C:\\xampp\\htdocs\\be-fms\\api\\vendor\\illuminate\\container\\Container.php(576): Illuminate\\Container\\BoundMethod::call(Object(Laravel\\Lumen\\Application), Array, Array, NULL)
#15 C:\\xampp\\htdocs\\be-fms\\api\\vendor\\laravel\\lumen-framework\\src\\Concerns\\RoutesRequests.php(376): Illuminate\\Container\\Container->call(Array, Array)
#16 C:\\xampp\\htdocs\\be-fms\\api\\vendor\\laravel\\lumen-framework\\src\\Concerns\\RoutesRequests.php(342): Laravel\\Lumen\\Application->callControllerCallable(Array, Array)
#17 C:\\xampp\\htdocs\\be-fms\\api\\vendor\\laravel\\lumen-framework\\src\\Concerns\\RoutesRequests.php(316): Laravel\\Lumen\\Application->callLumenController(Object(App\\Http\\Controllers\\AuthController), 'login', Array)
#18 C:\\xampp\\htdocs\\be-fms\\api\\vendor\\laravel\\lumen-framework\\src\\Concerns\\RoutesRequests.php(278): Laravel\\Lumen\\Application->callControllerAction(Array)
#19 C:\\xampp\\htdocs\\be-fms\\api\\vendor\\laravel\\lumen-framework\\src\\Concerns\\RoutesRequests.php(263): Laravel\\Lumen\\Application->callActionOnArrayBasedRoute(Array)
#20 C:\\xampp\\htdocs\\be-fms\\api\\vendor\\laravel\\lumen-framework\\src\\Concerns\\RoutesRequests.php(165): Laravel\\Lumen\\Application->handleFoundRoute(Array)
#21 C:\\xampp\\htdocs\\be-fms\\api\\vendor\\laravel\\lumen-framework\\src\\Concerns\\RoutesRequests.php(416): Laravel\\Lumen\\Application->Laravel\\Lumen\\Concerns\\{closure}(Object(Laravel\\Lumen\\Http\\Request))
#22 C:\\xampp\\htdocs\\be-fms\\api\\vendor\\laravel\\lumen-framework\\src\\Concerns\\RoutesRequests.php(171): Laravel\\Lumen\\Application->sendThroughPipeline(Array, Object(Closure))
#23 C:\\xampp\\htdocs\\be-fms\\api\\vendor\\laravel\\lumen-framework\\src\\Concerns\\RoutesRequests.php(108): Laravel\\Lumen\\Application->dispatch(NULL)
#24 C:\\xampp\\htdocs\\be-fms\\api\\public\\index.php(28): Laravel\\Lumen\\Application->run()
#25 {main}
"} 
[2026-01-08 08:46:50] local.ERROR: PDOException: SQLSTATE[HY000] [1045] Access denied for user 'homestead'@'localhost' (using password: YES) in C:\xampp\htdocs\be-fms\api\vendor\illuminate\database\Connectors\Connector.php:70
Stack trace:
#0 C:\xampp\htdocs\be-fms\api\vendor\illuminate\database\Connectors\Connector.php(70): PDO->__construct('mysql:host=127....', 'homestead', 'secret', Array)
#1 C:\xampp\htdocs\be-fms\api\vendor\illuminate\database\Connectors\Connector.php(46): Illuminate\Database\Connectors\Connector->createPdoConnection('mysql:host=127....', 'homestead', 'secret', Array)
#2 C:\xampp\htdocs\be-fms\api\vendor\illuminate\database\Connectors\MySqlConnector.php(24): Illuminate\Database\Connectors\Connector->createConnection('mysql:host=127....', Array, Array)
#3 C:\xampp\htdocs\be-fms\api\vendor\illuminate\database\Connectors\ConnectionFactory.php(182): Illuminate\Database\Connectors\MySqlConnector->connect(Array)
#4 [internal function]: Illuminate\Database\Connectors\ConnectionFactory->Illuminate\Database\Connectors\{closure}()
#5 C:\xampp\htdocs\be-fms\api\vendor\illuminate\database\Connection.php(919): call_user_func(Object(Closure))
#6 C:\xampp\htdocs\be-fms\api\vendor\illuminate\database\Connection.php(944): Illuminate\Database\Connection->getPdo()
#7 C:\xampp\htdocs\be-fms\api\vendor\illuminate\database\Connection.php(399): Illuminate\Database\Connection->getReadPdo()
#8 C:\xampp\htdocs\be-fms\api\vendor\illuminate\database\Connection.php(325): Illuminate\Database\Connection->getPdoForSelect(true)
#9 C:\xampp\htdocs\be-fms\api\vendor\illuminate\database\Connection.php(657): Illuminate\Database\Connection->Illuminate\Database\{closure}('select * from `...', Array)
#10 C:\xampp\htdocs\be-fms\api\vendor\illuminate\database\Connection.php(624): Illuminate\Database\Connection->runQueryCallback('select * from `...', Array, Object(Closure))
#11 C:\xampp\htdocs\be-fms\api\vendor\illuminate\database\Connection.php(333): Illuminate\Database\Connection->run('select * from `...', Array, Object(Closure))
#12 C:\xampp\htdocs\be-fms\api\vendor\illuminate\database\Query\Builder.php(2130): Illuminate\Database\Connection->select('select * from `...', Array, true)
#13 C:\xampp\htdocs\be-fms\api\vendor\illuminate\database\Query\Builder.php(2118): Illuminate\Database\Query\Builder->runSelect()
#14 C:\xampp\htdocs\be-fms\api\vendor\illuminate\database\Query\Builder.php(2604): Illuminate\Database\Query\Builder->Illuminate\Database\Query\{closure}()
#15 C:\xampp\htdocs\be-fms\api\vendor\illuminate\database\Query\Builder.php(2119): Illuminate\Database\Query\Builder->onceWithColumns(Array, Object(Closure))
#16 C:\xampp\htdocs\be-fms\api\vendor\illuminate\database\Eloquent\Builder.php(521): Illuminate\Database\Query\Builder->get(Array)
#17 C:\xampp\htdocs\be-fms\api\vendor\illuminate\database\Eloquent\Builder.php(505): Illuminate\Database\Eloquent\Builder->getModels(Array)
#18 C:\xampp\htdocs\be-fms\api\vendor\illuminate\database\Concerns\BuildsQueries.php(77): Illuminate\Database\Eloquent\Builder->get(Array)
#19 C:\xampp\htdocs\be-fms\api\app\Http\Controllers\AuthController.php(48): Illuminate\Database\Eloquent\Builder->first()
#20 [internal function]: App\Http\Controllers\AuthController->login(Object(Laravel\Lumen\Http\Request))
#21 C:\xampp\htdocs\be-fms\api\vendor\illuminate\container\BoundMethod.php(32): call_user_func_array(Array, Array)
#22 C:\xampp\htdocs\be-fms\api\vendor\illuminate\container\BoundMethod.php(90): Illuminate\Container\BoundMethod::Illuminate\Container\{closure}()
#23 C:\xampp\htdocs\be-fms\api\vendor\illuminate\container\BoundMethod.php(34): Illuminate\Container\BoundMethod::callBoundMethod(Object(Laravel\Lumen\Application), Array, Object(Closure))
#24 C:\xampp\htdocs\be-fms\api\vendor\illuminate\container\Container.php(576): Illuminate\Container\BoundMethod::call(Object(Laravel\Lumen\Application), Array, Array, NULL)
#25 C:\xampp\htdocs\be-fms\api\vendor\laravel\lumen-framework\src\Concerns\RoutesRequests.php(376): Illuminate\Container\Container->call(Array, Array)
#26 C:\xampp\htdocs\be-fms\api\vendor\laravel\lumen-framework\src\Concerns\RoutesRequests.php(342): Laravel\Lumen\Application->callControllerCallable(Array, Array)
#27 C:\xampp\htdocs\be-fms\api\vendor\laravel\lumen-framework\src\Concerns\RoutesRequests.php(316): Laravel\Lumen\Application->callLumenController(Object(App\Http\Controllers\AuthController), 'login', Array)
#28 C:\xampp\htdocs\be-fms\api\vendor\laravel\lumen-framework\src\Concerns\RoutesRequests.php(278): Laravel\Lumen\Application->callControllerAction(Array)
#29 C:\xampp\htdocs\be-fms\api\vendor\laravel\lumen-framework\src\Concerns\RoutesRequests.php(263): Laravel\Lumen\Application->callActionOnArrayBasedRoute(Array)
#30 C:\xampp\htdocs\be-fms\api\vendor\laravel\lumen-framework\src\Concerns\RoutesRequests.php(165): Laravel\Lumen\Application->handleFoundRoute(Array)
#31 C:\xampp\htdocs\be-fms\api\vendor\laravel\lumen-framework\src\Concerns\RoutesRequests.php(416): Laravel\Lumen\Application->Laravel\Lumen\Concerns\{closure}(Object(Laravel\Lumen\Http\Request))
#32 C:\xampp\htdocs\be-fms\api\vendor\laravel\lumen-framework\src\Concerns\RoutesRequests.php(171): Laravel\Lumen\Application->sendThroughPipeline(Array, Object(Closure))
#33 C:\xampp\htdocs\be-fms\api\vendor\laravel\lumen-framework\src\Concerns\RoutesRequests.php(108): Laravel\Lumen\Application->dispatch(NULL)
#34 C:\xampp\htdocs\be-fms\api\public\index.php(28): Laravel\Lumen\Application->run()
#35 {main}

Next Illuminate\Database\QueryException: SQLSTATE[HY000] [1045] Access denied for user 'homestead'@'localhost' (using password: YES) (SQL: select * from `UserLogin` left join `ListUser` on `UserLogin`.`UserLoginID` = `ListUser`.`UserLoginID` where `UserLogin`.`Email` = joshua@gmail.com and `ListUser`.`StatusActive` = 0 limit 1) in C:\xampp\htdocs\be-fms\api\vendor\illuminate\database\Connection.php:664
Stack trace:
#0 C:\xampp\htdocs\be-fms\api\vendor\illuminate\database\Connection.php(624): Illuminate\Database\Connection->runQueryCallback('select * from `...', Array, Object(Closure))
#1 C:\xampp\htdocs\be-fms\api\vendor\illuminate\database\Connection.php(333): Illuminate\Database\Connection->run('select * from `...', Array, Object(Closure))
#2 C:\xampp\htdocs\be-fms\api\vendor\illuminate\database\Query\Builder.php(2130): Illuminate\Database\Connection->select('select * from `...', Array, true)
#3 C:\xampp\htdocs\be-fms\api\vendor\illuminate\database\Query\Builder.php(2118): Illuminate\Database\Query\Builder->runSelect()
#4 C:\xampp\htdocs\be-fms\api\vendor\illuminate\database\Query\Builder.php(2604): Illuminate\Database\Query\Builder->Illuminate\Database\Query\{closure}()
#5 C:\xampp\htdocs\be-fms\api\vendor\illuminate\database\Query\Builder.php(2119): Illuminate\Database\Query\Builder->onceWithColumns(Array, Object(Closure))
#6 C:\xampp\htdocs\be-fms\api\vendor\illuminate\database\Eloquent\Builder.php(521): Illuminate\Database\Query\Builder->get(Array)
#7 C:\xampp\htdocs\be-fms\api\vendor\illuminate\database\Eloquent\Builder.php(505): Illuminate\Database\Eloquent\Builder->getModels(Array)
#8 C:\xampp\htdocs\be-fms\api\vendor\illuminate\database\Concerns\BuildsQueries.php(77): Illuminate\Database\Eloquent\Builder->get(Array)
#9 C:\xampp\htdocs\be-fms\api\app\Http\Controllers\AuthController.php(48): Illuminate\Database\Eloquent\Builder->first()
#10 [internal function]: App\Http\Controllers\AuthController->login(Object(Laravel\Lumen\Http\Request))
#11 C:\xampp\htdocs\be-fms\api\vendor\illuminate\container\BoundMethod.php(32): call_user_func_array(Array, Array)
#12 C:\xampp\htdocs\be-fms\api\vendor\illuminate\container\BoundMethod.php(90): Illuminate\Container\BoundMethod::Illuminate\Container\{closure}()
#13 C:\xampp\htdocs\be-fms\api\vendor\illuminate\container\BoundMethod.php(34): Illuminate\Container\BoundMethod::callBoundMethod(Object(Laravel\Lumen\Application), Array, Object(Closure))
#14 C:\xampp\htdocs\be-fms\api\vendor\illuminate\container\Container.php(576): Illuminate\Container\BoundMethod::call(Object(Laravel\Lumen\Application), Array, Array, NULL)
#15 C:\xampp\htdocs\be-fms\api\vendor\laravel\lumen-framework\src\Concerns\RoutesRequests.php(376): Illuminate\Container\Container->call(Array, Array)
#16 C:\xampp\htdocs\be-fms\api\vendor\laravel\lumen-framework\src\Concerns\RoutesRequests.php(342): Laravel\Lumen\Application->callControllerCallable(Array, Array)
#17 C:\xampp\htdocs\be-fms\api\vendor\laravel\lumen-framework\src\Concerns\RoutesRequests.php(316): Laravel\Lumen\Application->callLumenController(Object(App\Http\Controllers\AuthController), 'login', Array)
#18 C:\xampp\htdocs\be-fms\api\vendor\laravel\lumen-framework\src\Concerns\RoutesRequests.php(278): Laravel\Lumen\Application->callControllerAction(Array)
#19 C:\xampp\htdocs\be-fms\api\vendor\laravel\lumen-framework\src\Concerns\RoutesRequests.php(263): Laravel\Lumen\Application->callActionOnArrayBasedRoute(Array)
#20 C:\xampp\htdocs\be-fms\api\vendor\laravel\lumen-framework\src\Concerns\RoutesRequests.php(165): Laravel\Lumen\Application->handleFoundRoute(Array)
#21 C:\xampp\htdocs\be-fms\api\vendor\laravel\lumen-framework\src\Concerns\RoutesRequests.php(416): Laravel\Lumen\Application->Laravel\Lumen\Concerns\{closure}(Object(Laravel\Lumen\Http\Request))
#22 C:\xampp\htdocs\be-fms\api\vendor\laravel\lumen-framework\src\Concerns\RoutesRequests.php(171): Laravel\Lumen\Application->sendThroughPipeline(Array, Object(Closure))
#23 C:\xampp\htdocs\be-fms\api\vendor\laravel\lumen-framework\src\Concerns\RoutesRequests.php(108): Laravel\Lumen\Application->dispatch(NULL)
#24 C:\xampp\htdocs\be-fms\api\public\index.php(28): Laravel\Lumen\Application->run()
#25 {main} {"exception":"[object] (Illuminate\\Database\\QueryException(code: 1045): SQLSTATE[HY000] [1045] Access denied for user 'homestead'@'localhost' (using password: YES) (SQL: select * from `UserLogin` left join `ListUser` on `UserLogin`.`UserLoginID` = `ListUser`.`UserLoginID` where `UserLogin`.`Email` = joshua@gmail.com and `ListUser`.`StatusActive` = 0 limit 1) at C:\\xampp\\htdocs\\be-fms\\api\\vendor\\illuminate\\database\\Connection.php:664, PDOException(code: 1045): SQLSTATE[HY000] [1045] Access denied for user 'homestead'@'localhost' (using password: YES) at C:\\xampp\\htdocs\\be-fms\\api\\vendor\\illuminate\\database\\Connectors\\Connector.php:70)
[stacktrace]
#0 C:\\xampp\\htdocs\\be-fms\\api\\vendor\\illuminate\\database\\Connection.php(624): Illuminate\\Database\\Connection->runQueryCallback('select * from `...', Array, Object(Closure))
#1 C:\\xampp\\htdocs\\be-fms\\api\\vendor\\illuminate\\database\\Connection.php(333): Illuminate\\Database\\Connection->run('select * from `...', Array, Object(Closure))
#2 C:\\xampp\\htdocs\\be-fms\\api\\vendor\\illuminate\\database\\Query\\Builder.php(2130): Illuminate\\Database\\Connection->select('select * from `...', Array, true)
#3 C:\\xampp\\htdocs\\be-fms\\api\\vendor\\illuminate\\database\\Query\\Builder.php(2118): Illuminate\\Database\\Query\\Builder->runSelect()
#4 C:\\xampp\\htdocs\\be-fms\\api\\vendor\\illuminate\\database\\Query\\Builder.php(2604): Illuminate\\Database\\Query\\Builder->Illuminate\\Database\\Query\\{closure}()
#5 C:\\xampp\\htdocs\\be-fms\\api\\vendor\\illuminate\\database\\Query\\Builder.php(2119): Illuminate\\Database\\Query\\Builder->onceWithColumns(Array, Object(Closure))
#6 C:\\xampp\\htdocs\\be-fms\\api\\vendor\\illuminate\\database\\Eloquent\\Builder.php(521): Illuminate\\Database\\Query\\Builder->get(Array)
#7 C:\\xampp\\htdocs\\be-fms\\api\\vendor\\illuminate\\database\\Eloquent\\Builder.php(505): Illuminate\\Database\\Eloquent\\Builder->getModels(Array)
#8 C:\\xampp\\htdocs\\be-fms\\api\\vendor\\illuminate\\database\\Concerns\\BuildsQueries.php(77): Illuminate\\Database\\Eloquent\\Builder->get(Array)
#9 C:\\xampp\\htdocs\\be-fms\\api\\app\\Http\\Controllers\\AuthController.php(48): Illuminate\\Database\\Eloquent\\Builder->first()
#10 [internal function]: App\\Http\\Controllers\\AuthController->login(Object(Laravel\\Lumen\\Http\\Request))
#11 C:\\xampp\\htdocs\\be-fms\\api\\vendor\\illuminate\\container\\BoundMethod.php(32): call_user_func_array(Array, Array)
#12 C:\\xampp\\htdocs\\be-fms\\api\\vendor\\illuminate\\container\\BoundMethod.php(90): Illuminate\\Container\\BoundMethod::Illuminate\\Container\\{closure}()
#13 C:\\xampp\\htdocs\\be-fms\\api\\vendor\\illuminate\\container\\BoundMethod.php(34): Illuminate\\Container\\BoundMethod::callBoundMethod(Object(Laravel\\Lumen\\Application), Array, Object(Closure))
#14 C:\\xampp\\htdocs\\be-fms\\api\\vendor\\illuminate\\container\\Container.php(576): Illuminate\\Container\\BoundMethod::call(Object(Laravel\\Lumen\\Application), Array, Array, NULL)
#15 C:\\xampp\\htdocs\\be-fms\\api\\vendor\\laravel\\lumen-framework\\src\\Concerns\\RoutesRequests.php(376): Illuminate\\Container\\Container->call(Array, Array)
#16 C:\\xampp\\htdocs\\be-fms\\api\\vendor\\laravel\\lumen-framework\\src\\Concerns\\RoutesRequests.php(342): Laravel\\Lumen\\Application->callControllerCallable(Array, Array)
#17 C:\\xampp\\htdocs\\be-fms\\api\\vendor\\laravel\\lumen-framework\\src\\Concerns\\RoutesRequests.php(316): Laravel\\Lumen\\Application->callLumenController(Object(App\\Http\\Controllers\\AuthController), 'login', Array)
#18 C:\\xampp\\htdocs\\be-fms\\api\\vendor\\laravel\\lumen-framework\\src\\Concerns\\RoutesRequests.php(278): Laravel\\Lumen\\Application->callControllerAction(Array)
#19 C:\\xampp\\htdocs\\be-fms\\api\\vendor\\laravel\\lumen-framework\\src\\Concerns\\RoutesRequests.php(263): Laravel\\Lumen\\Application->callActionOnArrayBasedRoute(Array)
#20 C:\\xampp\\htdocs\\be-fms\\api\\vendor\\laravel\\lumen-framework\\src\\Concerns\\RoutesRequests.php(165): Laravel\\Lumen\\Application->handleFoundRoute(Array)
#21 C:\\xampp\\htdocs\\be-fms\\api\\vendor\\laravel\\lumen-framework\\src\\Concerns\\RoutesRequests.php(416): Laravel\\Lumen\\Application->Laravel\\Lumen\\Concerns\\{closure}(Object(Laravel\\Lumen\\Http\\Request))
#22 C:\\xampp\\htdocs\\be-fms\\api\\vendor\\laravel\\lumen-framework\\src\\Concerns\\RoutesRequests.php(171): Laravel\\Lumen\\Application->sendThroughPipeline(Array, Object(Closure))
#23 C:\\xampp\\htdocs\\be-fms\\api\\vendor\\laravel\\lumen-framework\\src\\Concerns\\RoutesRequests.php(108): Laravel\\Lumen\\Application->dispatch(NULL)
#24 C:\\xampp\\htdocs\\be-fms\\api\\public\\index.php(28): Laravel\\Lumen\\Application->run()
#25 {main}
"} 
