[2025-10-16 11:58:40] staging.ERROR: ErrorException: file_put_contents(/var/www/html/efms/api/storage/framework/views/9381f8f1b9a4e95cf673740c9aea6af811a92d5e.php): failed to open stream: Permission denied in /var/www/html/efms/api/vendor/illuminate/filesystem/Filesystem.php:122
Stack trace:
#0 [internal function]: Laravel\Lumen\Application->Laravel\Lumen\Concerns\{closure}()
#1 /var/www/html/efms/api/vendor/illuminate/filesystem/Filesystem.php(122): file_put_contents()
#2 /var/www/html/efms/api/vendor/illuminate/view/Compilers/BladeCompiler.php(140): Illuminate\Filesystem\Filesystem->put()
#3 /var/www/html/efms/api/vendor/illuminate/view/Engines/CompilerEngine.php(51): Illuminate\View\Compilers\BladeCompiler->compile()
#4 /var/www/html/efms/api/vendor/illuminate/view/View.php(142): Illuminate\View\Engines\CompilerEngine->get()
#5 /var/www/html/efms/api/vendor/illuminate/view/View.php(125): Illuminate\View\View->getContents()
#6 /var/www/html/efms/api/vendor/illuminate/view/View.php(90): Illuminate\View\View->renderContents()
#7 /var/www/html/efms/api/vendor/illuminate/http/Response.php(42): Illuminate\View\View->render()
#8 /var/www/html/efms/api/vendor/symfony/http-foundation/Response.php(205): Illuminate\Http\Response->setContent()
#9 /var/www/html/efms/api/vendor/laravel/lumen-framework/src/Concerns/RoutesRequests.php(436): Symfony\Component\HttpFoundation\Response->__construct()
#10 /var/www/html/efms/api/vendor/laravel/lumen-framework/src/Concerns/RoutesRequests.php(376): Laravel\Lumen\Application->prepareResponse()
#11 /var/www/html/efms/api/vendor/laravel/lumen-framework/src/Concerns/RoutesRequests.php(342): Laravel\Lumen\Application->callControllerCallable()
#12 /var/www/html/efms/api/vendor/laravel/lumen-framework/src/Concerns/RoutesRequests.php(316): Laravel\Lumen\Application->callLumenController()
#13 /var/www/html/efms/api/vendor/laravel/lumen-framework/src/Concerns/RoutesRequests.php(278): Laravel\Lumen\Application->callControllerAction()
#14 /var/www/html/efms/api/vendor/laravel/lumen-framework/src/Concerns/RoutesRequests.php(263): Laravel\Lumen\Application->callActionOnArrayBasedRoute()
#15 /var/www/html/efms/api/vendor/laravel/lumen-framework/src/Concerns/RoutesRequests.php(165): Laravel\Lumen\Application->handleFoundRoute()
#16 /var/www/html/efms/api/vendor/laravel/lumen-framework/src/Concerns/RoutesRequests.php(416): Laravel\Lumen\Application->Laravel\Lumen\Concerns\{closure}()
#17 /var/www/html/efms/api/vendor/laravel/lumen-framework/src/Concerns/RoutesRequests.php(171): Laravel\Lumen\Application->sendThroughPipeline()
#18 /var/www/html/efms/api/vendor/laravel/lumen-framework/src/Concerns/RoutesRequests.php(108): Laravel\Lumen\Application->dispatch()
#19 /var/www/html/efms/api/public/index.php(28): Laravel\Lumen\Application->run()
#20 /var/www/html/efms/api/index.php(22): require_once('/var/www/html/e...')
#21 {main} {"exception":"[object] (ErrorException(code: 0): file_put_contents(/var/www/html/efms/api/storage/framework/views/9381f8f1b9a4e95cf673740c9aea6af811a92d5e.php): failed to open stream: Permission denied at /var/www/html/efms/api/vendor/illuminate/filesystem/Filesystem.php:122)
[stacktrace]
#0 [internal function]: Laravel\\Lumen\\Application->Laravel\\Lumen\\Concerns\\{closure}()
#1 /var/www/html/efms/api/vendor/illuminate/filesystem/Filesystem.php(122): file_put_contents()
#2 /var/www/html/efms/api/vendor/illuminate/view/Compilers/BladeCompiler.php(140): Illuminate\\Filesystem\\Filesystem->put()
#3 /var/www/html/efms/api/vendor/illuminate/view/Engines/CompilerEngine.php(51): Illuminate\\View\\Compilers\\BladeCompiler->compile()
#4 /var/www/html/efms/api/vendor/illuminate/view/View.php(142): Illuminate\\View\\Engines\\CompilerEngine->get()
#5 /var/www/html/efms/api/vendor/illuminate/view/View.php(125): Illuminate\\View\\View->getContents()
#6 /var/www/html/efms/api/vendor/illuminate/view/View.php(90): Illuminate\\View\\View->renderContents()
#7 /var/www/html/efms/api/vendor/illuminate/http/Response.php(42): Illuminate\\View\\View->render()
#8 /var/www/html/efms/api/vendor/symfony/http-foundation/Response.php(205): Illuminate\\Http\\Response->setContent()
#9 /var/www/html/efms/api/vendor/laravel/lumen-framework/src/Concerns/RoutesRequests.php(436): Symfony\\Component\\HttpFoundation\\Response->__construct()
#10 /var/www/html/efms/api/vendor/laravel/lumen-framework/src/Concerns/RoutesRequests.php(376): Laravel\\Lumen\\Application->prepareResponse()
#11 /var/www/html/efms/api/vendor/laravel/lumen-framework/src/Concerns/RoutesRequests.php(342): Laravel\\Lumen\\Application->callControllerCallable()
#12 /var/www/html/efms/api/vendor/laravel/lumen-framework/src/Concerns/RoutesRequests.php(316): Laravel\\Lumen\\Application->callLumenController()
#13 /var/www/html/efms/api/vendor/laravel/lumen-framework/src/Concerns/RoutesRequests.php(278): Laravel\\Lumen\\Application->callControllerAction()
#14 /var/www/html/efms/api/vendor/laravel/lumen-framework/src/Concerns/RoutesRequests.php(263): Laravel\\Lumen\\Application->callActionOnArrayBasedRoute()
#15 /var/www/html/efms/api/vendor/laravel/lumen-framework/src/Concerns/RoutesRequests.php(165): Laravel\\Lumen\\Application->handleFoundRoute()
#16 /var/www/html/efms/api/vendor/laravel/lumen-framework/src/Concerns/RoutesRequests.php(416): Laravel\\Lumen\\Application->Laravel\\Lumen\\Concerns\\{closure}()
#17 /var/www/html/efms/api/vendor/laravel/lumen-framework/src/Concerns/RoutesRequests.php(171): Laravel\\Lumen\\Application->sendThroughPipeline()
#18 /var/www/html/efms/api/vendor/laravel/lumen-framework/src/Concerns/RoutesRequests.php(108): Laravel\\Lumen\\Application->dispatch()
#19 /var/www/html/efms/api/public/index.php(28): Laravel\\Lumen\\Application->run()
#20 /var/www/html/efms/api/index.php(22): require_once('/var/www/html/e...')
#21 {main}
"} 
