[2025-09-15 13:23:42] staging.ERROR: ReflectionException: Class App\Http\Controllers\DapaController does not exist in /var/www/html/efms/api/vendor/illuminate/container/Container.php:788
Stack trace:
#0 /var/www/html/efms/api/vendor/illuminate/container/Container.php(788): ReflectionClass->__construct()
#1 /var/www/html/efms/api/vendor/illuminate/container/Container.php(667): Illuminate\Container\Container->build()
#2 /var/www/html/efms/api/vendor/illuminate/container/Container.php(615): Illuminate\Container\Container->resolve()
#3 /var/www/html/efms/api/vendor/laravel/lumen-framework/src/Application.php(267): Illuminate\Container\Container->make()
#4 /var/www/html/efms/api/vendor/laravel/lumen-framework/src/Concerns/RoutesRequests.php(311): Laravel\Lumen\Application->make()
#5 /var/www/html/efms/api/vendor/laravel/lumen-framework/src/Concerns/RoutesRequests.php(278): Laravel\Lumen\Application->callControllerAction()
#6 /var/www/html/efms/api/vendor/laravel/lumen-framework/src/Concerns/RoutesRequests.php(258): Laravel\Lumen\Application->callActionOnArrayBasedRoute()
#7 [internal function]: Laravel\Lumen\Application->Laravel\Lumen\Concerns\{closure}()
#8 /var/www/html/efms/api/vendor/laravel/lumen-framework/src/Routing/Pipeline.php(52): call_user_func()
#9 /var/www/html/efms/api/app/Http/Middleware/Authenticate.php(64): Laravel\Lumen\Routing\Pipeline->Laravel\Lumen\Routing\{closure}()
#10 /var/www/html/efms/api/vendor/illuminate/pipeline/Pipeline.php(163): App\Http\Middleware\Authenticate->handle()
#11 [internal function]: Illuminate\Pipeline\Pipeline->Illuminate\Pipeline\{closure}()
#12 /var/www/html/efms/api/vendor/laravel/lumen-framework/src/Routing/Pipeline.php(32): call_user_func()
#13 /var/www/html/efms/api/vendor/illuminate/pipeline/Pipeline.php(104): Laravel\Lumen\Routing\Pipeline->Laravel\Lumen\Routing\{closure}()
#14 /var/www/html/efms/api/vendor/laravel/lumen-framework/src/Concerns/RoutesRequests.php(413): Illuminate\Pipeline\Pipeline->then()
#15 /var/www/html/efms/api/vendor/laravel/lumen-framework/src/Concerns/RoutesRequests.php(259): Laravel\Lumen\Application->sendThroughPipeline()
#16 /var/www/html/efms/api/vendor/laravel/lumen-framework/src/Concerns/RoutesRequests.php(165): Laravel\Lumen\Application->handleFoundRoute()
#17 /var/www/html/efms/api/vendor/laravel/lumen-framework/src/Concerns/RoutesRequests.php(416): Laravel\Lumen\Application->Laravel\Lumen\Concerns\{closure}()
#18 /var/www/html/efms/api/vendor/laravel/lumen-framework/src/Concerns/RoutesRequests.php(171): Laravel\Lumen\Application->sendThroughPipeline()
#19 /var/www/html/efms/api/vendor/laravel/lumen-framework/src/Concerns/RoutesRequests.php(108): Laravel\Lumen\Application->dispatch()
#20 /var/www/html/efms/api/public/index.php(28): Laravel\Lumen\Application->run()
#21 /var/www/html/efms/api/index.php(22): require_once('/var/www/html/e...')
#22 {main} {"exception":"[object] (ReflectionException(code: -1): Class App\\Http\\Controllers\\DapaController does not exist at /var/www/html/efms/api/vendor/illuminate/container/Container.php:788)
[stacktrace]
#0 /var/www/html/efms/api/vendor/illuminate/container/Container.php(788): ReflectionClass->__construct()
#1 /var/www/html/efms/api/vendor/illuminate/container/Container.php(667): Illuminate\\Container\\Container->build()
#2 /var/www/html/efms/api/vendor/illuminate/container/Container.php(615): Illuminate\\Container\\Container->resolve()
#3 /var/www/html/efms/api/vendor/laravel/lumen-framework/src/Application.php(267): Illuminate\\Container\\Container->make()
#4 /var/www/html/efms/api/vendor/laravel/lumen-framework/src/Concerns/RoutesRequests.php(311): Laravel\\Lumen\\Application->make()
#5 /var/www/html/efms/api/vendor/laravel/lumen-framework/src/Concerns/RoutesRequests.php(278): Laravel\\Lumen\\Application->callControllerAction()
#6 /var/www/html/efms/api/vendor/laravel/lumen-framework/src/Concerns/RoutesRequests.php(258): Laravel\\Lumen\\Application->callActionOnArrayBasedRoute()
#7 [internal function]: Laravel\\Lumen\\Application->Laravel\\Lumen\\Concerns\\{closure}()
#8 /var/www/html/efms/api/vendor/laravel/lumen-framework/src/Routing/Pipeline.php(52): call_user_func()
#9 /var/www/html/efms/api/app/Http/Middleware/Authenticate.php(64): Laravel\\Lumen\\Routing\\Pipeline->Laravel\\Lumen\\Routing\\{closure}()
#10 /var/www/html/efms/api/vendor/illuminate/pipeline/Pipeline.php(163): App\\Http\\Middleware\\Authenticate->handle()
#11 [internal function]: Illuminate\\Pipeline\\Pipeline->Illuminate\\Pipeline\\{closure}()
#12 /var/www/html/efms/api/vendor/laravel/lumen-framework/src/Routing/Pipeline.php(32): call_user_func()
#13 /var/www/html/efms/api/vendor/illuminate/pipeline/Pipeline.php(104): Laravel\\Lumen\\Routing\\Pipeline->Laravel\\Lumen\\Routing\\{closure}()
#14 /var/www/html/efms/api/vendor/laravel/lumen-framework/src/Concerns/RoutesRequests.php(413): Illuminate\\Pipeline\\Pipeline->then()
#15 /var/www/html/efms/api/vendor/laravel/lumen-framework/src/Concerns/RoutesRequests.php(259): Laravel\\Lumen\\Application->sendThroughPipeline()
#16 /var/www/html/efms/api/vendor/laravel/lumen-framework/src/Concerns/RoutesRequests.php(165): Laravel\\Lumen\\Application->handleFoundRoute()
#17 /var/www/html/efms/api/vendor/laravel/lumen-framework/src/Concerns/RoutesRequests.php(416): Laravel\\Lumen\\Application->Laravel\\Lumen\\Concerns\\{closure}()
#18 /var/www/html/efms/api/vendor/laravel/lumen-framework/src/Concerns/RoutesRequests.php(171): Laravel\\Lumen\\Application->sendThroughPipeline()
#19 /var/www/html/efms/api/vendor/laravel/lumen-framework/src/Concerns/RoutesRequests.php(108): Laravel\\Lumen\\Application->dispatch()
#20 /var/www/html/efms/api/public/index.php(28): Laravel\\Lumen\\Application->run()
#21 /var/www/html/efms/api/index.php(22): require_once('/var/www/html/e...')
#22 {main}
"} 
[2025-09-15 14:58:45] staging.ERROR: Symfony\Component\Debug\Exception\FatalThrowableError: syntax error, unexpected 'return' (T_RETURN) in /var/www/html/efms/api/app/Http/Controllers/DapaController.php:35
Stack trace:
#0 /var/www/html/efms/api/vendor/composer/ClassLoader.php(322): Composer\Autoload\includeFile()
#1 [internal function]: Composer\Autoload\ClassLoader->loadClass()
#2 [internal function]: spl_autoload_call()
#3 /var/www/html/efms/api/vendor/illuminate/container/Container.php(788): ReflectionClass->__construct()
#4 /var/www/html/efms/api/vendor/illuminate/container/Container.php(667): Illuminate\Container\Container->build()
#5 /var/www/html/efms/api/vendor/illuminate/container/Container.php(615): Illuminate\Container\Container->resolve()
#6 /var/www/html/efms/api/vendor/laravel/lumen-framework/src/Application.php(267): Illuminate\Container\Container->make()
#7 /var/www/html/efms/api/vendor/laravel/lumen-framework/src/Concerns/RoutesRequests.php(311): Laravel\Lumen\Application->make()
#8 /var/www/html/efms/api/vendor/laravel/lumen-framework/src/Concerns/RoutesRequests.php(278): Laravel\Lumen\Application->callControllerAction()
#9 /var/www/html/efms/api/vendor/laravel/lumen-framework/src/Concerns/RoutesRequests.php(258): Laravel\Lumen\Application->callActionOnArrayBasedRoute()
#10 [internal function]: Laravel\Lumen\Application->Laravel\Lumen\Concerns\{closure}()
#11 /var/www/html/efms/api/vendor/laravel/lumen-framework/src/Routing/Pipeline.php(52): call_user_func()
#12 /var/www/html/efms/api/app/Http/Middleware/Authenticate.php(64): Laravel\Lumen\Routing\Pipeline->Laravel\Lumen\Routing\{closure}()
#13 /var/www/html/efms/api/vendor/illuminate/pipeline/Pipeline.php(163): App\Http\Middleware\Authenticate->handle()
#14 [internal function]: Illuminate\Pipeline\Pipeline->Illuminate\Pipeline\{closure}()
#15 /var/www/html/efms/api/vendor/laravel/lumen-framework/src/Routing/Pipeline.php(32): call_user_func()
#16 /var/www/html/efms/api/vendor/illuminate/pipeline/Pipeline.php(104): Laravel\Lumen\Routing\Pipeline->Laravel\Lumen\Routing\{closure}()
#17 /var/www/html/efms/api/vendor/laravel/lumen-framework/src/Concerns/RoutesRequests.php(413): Illuminate\Pipeline\Pipeline->then()
#18 /var/www/html/efms/api/vendor/laravel/lumen-framework/src/Concerns/RoutesRequests.php(259): Laravel\Lumen\Application->sendThroughPipeline()
#19 /var/www/html/efms/api/vendor/laravel/lumen-framework/src/Concerns/RoutesRequests.php(165): Laravel\Lumen\Application->handleFoundRoute()
#20 /var/www/html/efms/api/vendor/laravel/lumen-framework/src/Concerns/RoutesRequests.php(416): Laravel\Lumen\Application->Laravel\Lumen\Concerns\{closure}()
#21 /var/www/html/efms/api/vendor/laravel/lumen-framework/src/Concerns/RoutesRequests.php(171): Laravel\Lumen\Application->sendThroughPipeline()
#22 /var/www/html/efms/api/vendor/laravel/lumen-framework/src/Concerns/RoutesRequests.php(108): Laravel\Lumen\Application->dispatch()
#23 /var/www/html/efms/api/public/index.php(28): Laravel\Lumen\Application->run()
#24 /var/www/html/efms/api/index.php(22): require_once('/var/www/html/e...')
#25 {main} {"exception":"[object] (Symfony\\Component\\Debug\\Exception\\FatalThrowableError(code: 0): syntax error, unexpected 'return' (T_RETURN) at /var/www/html/efms/api/app/Http/Controllers/DapaController.php:35)
[stacktrace]
#0 /var/www/html/efms/api/vendor/composer/ClassLoader.php(322): Composer\\Autoload\\includeFile()
#1 [internal function]: Composer\\Autoload\\ClassLoader->loadClass()
#2 [internal function]: spl_autoload_call()
#3 /var/www/html/efms/api/vendor/illuminate/container/Container.php(788): ReflectionClass->__construct()
#4 /var/www/html/efms/api/vendor/illuminate/container/Container.php(667): Illuminate\\Container\\Container->build()
#5 /var/www/html/efms/api/vendor/illuminate/container/Container.php(615): Illuminate\\Container\\Container->resolve()
#6 /var/www/html/efms/api/vendor/laravel/lumen-framework/src/Application.php(267): Illuminate\\Container\\Container->make()
#7 /var/www/html/efms/api/vendor/laravel/lumen-framework/src/Concerns/RoutesRequests.php(311): Laravel\\Lumen\\Application->make()
#8 /var/www/html/efms/api/vendor/laravel/lumen-framework/src/Concerns/RoutesRequests.php(278): Laravel\\Lumen\\Application->callControllerAction()
#9 /var/www/html/efms/api/vendor/laravel/lumen-framework/src/Concerns/RoutesRequests.php(258): Laravel\\Lumen\\Application->callActionOnArrayBasedRoute()
#10 [internal function]: Laravel\\Lumen\\Application->Laravel\\Lumen\\Concerns\\{closure}()
#11 /var/www/html/efms/api/vendor/laravel/lumen-framework/src/Routing/Pipeline.php(52): call_user_func()
#12 /var/www/html/efms/api/app/Http/Middleware/Authenticate.php(64): Laravel\\Lumen\\Routing\\Pipeline->Laravel\\Lumen\\Routing\\{closure}()
#13 /var/www/html/efms/api/vendor/illuminate/pipeline/Pipeline.php(163): App\\Http\\Middleware\\Authenticate->handle()
#14 [internal function]: Illuminate\\Pipeline\\Pipeline->Illuminate\\Pipeline\\{closure}()
#15 /var/www/html/efms/api/vendor/laravel/lumen-framework/src/Routing/Pipeline.php(32): call_user_func()
#16 /var/www/html/efms/api/vendor/illuminate/pipeline/Pipeline.php(104): Laravel\\Lumen\\Routing\\Pipeline->Laravel\\Lumen\\Routing\\{closure}()
#17 /var/www/html/efms/api/vendor/laravel/lumen-framework/src/Concerns/RoutesRequests.php(413): Illuminate\\Pipeline\\Pipeline->then()
#18 /var/www/html/efms/api/vendor/laravel/lumen-framework/src/Concerns/RoutesRequests.php(259): Laravel\\Lumen\\Application->sendThroughPipeline()
#19 /var/www/html/efms/api/vendor/laravel/lumen-framework/src/Concerns/RoutesRequests.php(165): Laravel\\Lumen\\Application->handleFoundRoute()
#20 /var/www/html/efms/api/vendor/laravel/lumen-framework/src/Concerns/RoutesRequests.php(416): Laravel\\Lumen\\Application->Laravel\\Lumen\\Concerns\\{closure}()
#21 /var/www/html/efms/api/vendor/laravel/lumen-framework/src/Concerns/RoutesRequests.php(171): Laravel\\Lumen\\Application->sendThroughPipeline()
#22 /var/www/html/efms/api/vendor/laravel/lumen-framework/src/Concerns/RoutesRequests.php(108): Laravel\\Lumen\\Application->dispatch()
#23 /var/www/html/efms/api/public/index.php(28): Laravel\\Lumen\\Application->run()
#24 /var/www/html/efms/api/index.php(22): require_once('/var/www/html/e...')
#25 {main}
"} 
[2025-09-15 20:34:43] staging.ERROR: Symfony\Component\Debug\Exception\FatalThrowableError: syntax error, unexpected 'return' (T_RETURN) in /var/www/html/efms/api/app/Http/Controllers/DapaController.php:35
Stack trace:
#0 /var/www/html/efms/api/vendor/composer/ClassLoader.php(322): Composer\Autoload\includeFile()
#1 [internal function]: Composer\Autoload\ClassLoader->loadClass()
#2 [internal function]: spl_autoload_call()
#3 /var/www/html/efms/api/vendor/illuminate/container/Container.php(788): ReflectionClass->__construct()
#4 /var/www/html/efms/api/vendor/illuminate/container/Container.php(667): Illuminate\Container\Container->build()
#5 /var/www/html/efms/api/vendor/illuminate/container/Container.php(615): Illuminate\Container\Container->resolve()
#6 /var/www/html/efms/api/vendor/laravel/lumen-framework/src/Application.php(267): Illuminate\Container\Container->make()
#7 /var/www/html/efms/api/vendor/laravel/lumen-framework/src/Concerns/RoutesRequests.php(311): Laravel\Lumen\Application->make()
#8 /var/www/html/efms/api/vendor/laravel/lumen-framework/src/Concerns/RoutesRequests.php(278): Laravel\Lumen\Application->callControllerAction()
#9 /var/www/html/efms/api/vendor/laravel/lumen-framework/src/Concerns/RoutesRequests.php(258): Laravel\Lumen\Application->callActionOnArrayBasedRoute()
#10 [internal function]: Laravel\Lumen\Application->Laravel\Lumen\Concerns\{closure}()
#11 /var/www/html/efms/api/vendor/laravel/lumen-framework/src/Routing/Pipeline.php(52): call_user_func()
#12 /var/www/html/efms/api/app/Http/Middleware/Authenticate.php(64): Laravel\Lumen\Routing\Pipeline->Laravel\Lumen\Routing\{closure}()
#13 /var/www/html/efms/api/vendor/illuminate/pipeline/Pipeline.php(163): App\Http\Middleware\Authenticate->handle()
#14 [internal function]: Illuminate\Pipeline\Pipeline->Illuminate\Pipeline\{closure}()
#15 /var/www/html/efms/api/vendor/laravel/lumen-framework/src/Routing/Pipeline.php(32): call_user_func()
#16 /var/www/html/efms/api/vendor/illuminate/pipeline/Pipeline.php(104): Laravel\Lumen\Routing\Pipeline->Laravel\Lumen\Routing\{closure}()
#17 /var/www/html/efms/api/vendor/laravel/lumen-framework/src/Concerns/RoutesRequests.php(413): Illuminate\Pipeline\Pipeline->then()
#18 /var/www/html/efms/api/vendor/laravel/lumen-framework/src/Concerns/RoutesRequests.php(259): Laravel\Lumen\Application->sendThroughPipeline()
#19 /var/www/html/efms/api/vendor/laravel/lumen-framework/src/Concerns/RoutesRequests.php(165): Laravel\Lumen\Application->handleFoundRoute()
#20 /var/www/html/efms/api/vendor/laravel/lumen-framework/src/Concerns/RoutesRequests.php(416): Laravel\Lumen\Application->Laravel\Lumen\Concerns\{closure}()
#21 /var/www/html/efms/api/vendor/laravel/lumen-framework/src/Concerns/RoutesRequests.php(171): Laravel\Lumen\Application->sendThroughPipeline()
#22 /var/www/html/efms/api/vendor/laravel/lumen-framework/src/Concerns/RoutesRequests.php(108): Laravel\Lumen\Application->dispatch()
#23 /var/www/html/efms/api/public/index.php(28): Laravel\Lumen\Application->run()
#24 /var/www/html/efms/api/index.php(22): require_once('/var/www/html/e...')
#25 {main} {"exception":"[object] (Symfony\\Component\\Debug\\Exception\\FatalThrowableError(code: 0): syntax error, unexpected 'return' (T_RETURN) at /var/www/html/efms/api/app/Http/Controllers/DapaController.php:35)
[stacktrace]
#0 /var/www/html/efms/api/vendor/composer/ClassLoader.php(322): Composer\\Autoload\\includeFile()
#1 [internal function]: Composer\\Autoload\\ClassLoader->loadClass()
#2 [internal function]: spl_autoload_call()
#3 /var/www/html/efms/api/vendor/illuminate/container/Container.php(788): ReflectionClass->__construct()
#4 /var/www/html/efms/api/vendor/illuminate/container/Container.php(667): Illuminate\\Container\\Container->build()
#5 /var/www/html/efms/api/vendor/illuminate/container/Container.php(615): Illuminate\\Container\\Container->resolve()
#6 /var/www/html/efms/api/vendor/laravel/lumen-framework/src/Application.php(267): Illuminate\\Container\\Container->make()
#7 /var/www/html/efms/api/vendor/laravel/lumen-framework/src/Concerns/RoutesRequests.php(311): Laravel\\Lumen\\Application->make()
#8 /var/www/html/efms/api/vendor/laravel/lumen-framework/src/Concerns/RoutesRequests.php(278): Laravel\\Lumen\\Application->callControllerAction()
#9 /var/www/html/efms/api/vendor/laravel/lumen-framework/src/Concerns/RoutesRequests.php(258): Laravel\\Lumen\\Application->callActionOnArrayBasedRoute()
#10 [internal function]: Laravel\\Lumen\\Application->Laravel\\Lumen\\Concerns\\{closure}()
#11 /var/www/html/efms/api/vendor/laravel/lumen-framework/src/Routing/Pipeline.php(52): call_user_func()
#12 /var/www/html/efms/api/app/Http/Middleware/Authenticate.php(64): Laravel\\Lumen\\Routing\\Pipeline->Laravel\\Lumen\\Routing\\{closure}()
#13 /var/www/html/efms/api/vendor/illuminate/pipeline/Pipeline.php(163): App\\Http\\Middleware\\Authenticate->handle()
#14 [internal function]: Illuminate\\Pipeline\\Pipeline->Illuminate\\Pipeline\\{closure}()
#15 /var/www/html/efms/api/vendor/laravel/lumen-framework/src/Routing/Pipeline.php(32): call_user_func()
#16 /var/www/html/efms/api/vendor/illuminate/pipeline/Pipeline.php(104): Laravel\\Lumen\\Routing\\Pipeline->Laravel\\Lumen\\Routing\\{closure}()
#17 /var/www/html/efms/api/vendor/laravel/lumen-framework/src/Concerns/RoutesRequests.php(413): Illuminate\\Pipeline\\Pipeline->then()
#18 /var/www/html/efms/api/vendor/laravel/lumen-framework/src/Concerns/RoutesRequests.php(259): Laravel\\Lumen\\Application->sendThroughPipeline()
#19 /var/www/html/efms/api/vendor/laravel/lumen-framework/src/Concerns/RoutesRequests.php(165): Laravel\\Lumen\\Application->handleFoundRoute()
#20 /var/www/html/efms/api/vendor/laravel/lumen-framework/src/Concerns/RoutesRequests.php(416): Laravel\\Lumen\\Application->Laravel\\Lumen\\Concerns\\{closure}()
#21 /var/www/html/efms/api/vendor/laravel/lumen-framework/src/Concerns/RoutesRequests.php(171): Laravel\\Lumen\\Application->sendThroughPipeline()
#22 /var/www/html/efms/api/vendor/laravel/lumen-framework/src/Concerns/RoutesRequests.php(108): Laravel\\Lumen\\Application->dispatch()
#23 /var/www/html/efms/api/public/index.php(28): Laravel\\Lumen\\Application->run()
#24 /var/www/html/efms/api/index.php(22): require_once('/var/www/html/e...')
#25 {main}
"} 
[2025-09-15 20:35:03] staging.ERROR: Symfony\Component\Debug\Exception\FatalThrowableError: syntax error, unexpected 'return' (T_RETURN) in /var/www/html/efms/api/app/Http/Controllers/DapaController.php:35
Stack trace:
#0 /var/www/html/efms/api/vendor/composer/ClassLoader.php(322): Composer\Autoload\includeFile()
#1 [internal function]: Composer\Autoload\ClassLoader->loadClass()
#2 [internal function]: spl_autoload_call()
#3 /var/www/html/efms/api/vendor/illuminate/container/Container.php(788): ReflectionClass->__construct()
#4 /var/www/html/efms/api/vendor/illuminate/container/Container.php(667): Illuminate\Container\Container->build()
#5 /var/www/html/efms/api/vendor/illuminate/container/Container.php(615): Illuminate\Container\Container->resolve()
#6 /var/www/html/efms/api/vendor/laravel/lumen-framework/src/Application.php(267): Illuminate\Container\Container->make()
#7 /var/www/html/efms/api/vendor/laravel/lumen-framework/src/Concerns/RoutesRequests.php(311): Laravel\Lumen\Application->make()
#8 /var/www/html/efms/api/vendor/laravel/lumen-framework/src/Concerns/RoutesRequests.php(278): Laravel\Lumen\Application->callControllerAction()
#9 /var/www/html/efms/api/vendor/laravel/lumen-framework/src/Concerns/RoutesRequests.php(258): Laravel\Lumen\Application->callActionOnArrayBasedRoute()
#10 [internal function]: Laravel\Lumen\Application->Laravel\Lumen\Concerns\{closure}()
#11 /var/www/html/efms/api/vendor/laravel/lumen-framework/src/Routing/Pipeline.php(52): call_user_func()
#12 /var/www/html/efms/api/app/Http/Middleware/Authenticate.php(64): Laravel\Lumen\Routing\Pipeline->Laravel\Lumen\Routing\{closure}()
#13 /var/www/html/efms/api/vendor/illuminate/pipeline/Pipeline.php(163): App\Http\Middleware\Authenticate->handle()
#14 [internal function]: Illuminate\Pipeline\Pipeline->Illuminate\Pipeline\{closure}()
#15 /var/www/html/efms/api/vendor/laravel/lumen-framework/src/Routing/Pipeline.php(32): call_user_func()
#16 /var/www/html/efms/api/vendor/illuminate/pipeline/Pipeline.php(104): Laravel\Lumen\Routing\Pipeline->Laravel\Lumen\Routing\{closure}()
#17 /var/www/html/efms/api/vendor/laravel/lumen-framework/src/Concerns/RoutesRequests.php(413): Illuminate\Pipeline\Pipeline->then()
#18 /var/www/html/efms/api/vendor/laravel/lumen-framework/src/Concerns/RoutesRequests.php(259): Laravel\Lumen\Application->sendThroughPipeline()
#19 /var/www/html/efms/api/vendor/laravel/lumen-framework/src/Concerns/RoutesRequests.php(165): Laravel\Lumen\Application->handleFoundRoute()
#20 /var/www/html/efms/api/vendor/laravel/lumen-framework/src/Concerns/RoutesRequests.php(416): Laravel\Lumen\Application->Laravel\Lumen\Concerns\{closure}()
#21 /var/www/html/efms/api/vendor/laravel/lumen-framework/src/Concerns/RoutesRequests.php(171): Laravel\Lumen\Application->sendThroughPipeline()
#22 /var/www/html/efms/api/vendor/laravel/lumen-framework/src/Concerns/RoutesRequests.php(108): Laravel\Lumen\Application->dispatch()
#23 /var/www/html/efms/api/public/index.php(28): Laravel\Lumen\Application->run()
#24 /var/www/html/efms/api/index.php(22): require_once('/var/www/html/e...')
#25 {main} {"exception":"[object] (Symfony\\Component\\Debug\\Exception\\FatalThrowableError(code: 0): syntax error, unexpected 'return' (T_RETURN) at /var/www/html/efms/api/app/Http/Controllers/DapaController.php:35)
[stacktrace]
#0 /var/www/html/efms/api/vendor/composer/ClassLoader.php(322): Composer\\Autoload\\includeFile()
#1 [internal function]: Composer\\Autoload\\ClassLoader->loadClass()
#2 [internal function]: spl_autoload_call()
#3 /var/www/html/efms/api/vendor/illuminate/container/Container.php(788): ReflectionClass->__construct()
#4 /var/www/html/efms/api/vendor/illuminate/container/Container.php(667): Illuminate\\Container\\Container->build()
#5 /var/www/html/efms/api/vendor/illuminate/container/Container.php(615): Illuminate\\Container\\Container->resolve()
#6 /var/www/html/efms/api/vendor/laravel/lumen-framework/src/Application.php(267): Illuminate\\Container\\Container->make()
#7 /var/www/html/efms/api/vendor/laravel/lumen-framework/src/Concerns/RoutesRequests.php(311): Laravel\\Lumen\\Application->make()
#8 /var/www/html/efms/api/vendor/laravel/lumen-framework/src/Concerns/RoutesRequests.php(278): Laravel\\Lumen\\Application->callControllerAction()
#9 /var/www/html/efms/api/vendor/laravel/lumen-framework/src/Concerns/RoutesRequests.php(258): Laravel\\Lumen\\Application->callActionOnArrayBasedRoute()
#10 [internal function]: Laravel\\Lumen\\Application->Laravel\\Lumen\\Concerns\\{closure}()
#11 /var/www/html/efms/api/vendor/laravel/lumen-framework/src/Routing/Pipeline.php(52): call_user_func()
#12 /var/www/html/efms/api/app/Http/Middleware/Authenticate.php(64): Laravel\\Lumen\\Routing\\Pipeline->Laravel\\Lumen\\Routing\\{closure}()
#13 /var/www/html/efms/api/vendor/illuminate/pipeline/Pipeline.php(163): App\\Http\\Middleware\\Authenticate->handle()
#14 [internal function]: Illuminate\\Pipeline\\Pipeline->Illuminate\\Pipeline\\{closure}()
#15 /var/www/html/efms/api/vendor/laravel/lumen-framework/src/Routing/Pipeline.php(32): call_user_func()
#16 /var/www/html/efms/api/vendor/illuminate/pipeline/Pipeline.php(104): Laravel\\Lumen\\Routing\\Pipeline->Laravel\\Lumen\\Routing\\{closure}()
#17 /var/www/html/efms/api/vendor/laravel/lumen-framework/src/Concerns/RoutesRequests.php(413): Illuminate\\Pipeline\\Pipeline->then()
#18 /var/www/html/efms/api/vendor/laravel/lumen-framework/src/Concerns/RoutesRequests.php(259): Laravel\\Lumen\\Application->sendThroughPipeline()
#19 /var/www/html/efms/api/vendor/laravel/lumen-framework/src/Concerns/RoutesRequests.php(165): Laravel\\Lumen\\Application->handleFoundRoute()
#20 /var/www/html/efms/api/vendor/laravel/lumen-framework/src/Concerns/RoutesRequests.php(416): Laravel\\Lumen\\Application->Laravel\\Lumen\\Concerns\\{closure}()
#21 /var/www/html/efms/api/vendor/laravel/lumen-framework/src/Concerns/RoutesRequests.php(171): Laravel\\Lumen\\Application->sendThroughPipeline()
#22 /var/www/html/efms/api/vendor/laravel/lumen-framework/src/Concerns/RoutesRequests.php(108): Laravel\\Lumen\\Application->dispatch()
#23 /var/www/html/efms/api/public/index.php(28): Laravel\\Lumen\\Application->run()
#24 /var/www/html/efms/api/index.php(22): require_once('/var/www/html/e...')
#25 {main}
"} 
[2025-09-15 20:44:53] staging.ERROR: Symfony\Component\Debug\Exception\FatalThrowableError: syntax error, unexpected 'return' (T_RETURN) in /var/www/html/efms/api/app/Http/Controllers/DapaController.php:35
Stack trace:
#0 /var/www/html/efms/api/vendor/composer/ClassLoader.php(322): Composer\Autoload\includeFile()
#1 [internal function]: Composer\Autoload\ClassLoader->loadClass()
#2 [internal function]: spl_autoload_call()
#3 /var/www/html/efms/api/vendor/illuminate/container/Container.php(788): ReflectionClass->__construct()
#4 /var/www/html/efms/api/vendor/illuminate/container/Container.php(667): Illuminate\Container\Container->build()
#5 /var/www/html/efms/api/vendor/illuminate/container/Container.php(615): Illuminate\Container\Container->resolve()
#6 /var/www/html/efms/api/vendor/laravel/lumen-framework/src/Application.php(267): Illuminate\Container\Container->make()
#7 /var/www/html/efms/api/vendor/laravel/lumen-framework/src/Concerns/RoutesRequests.php(311): Laravel\Lumen\Application->make()
#8 /var/www/html/efms/api/vendor/laravel/lumen-framework/src/Concerns/RoutesRequests.php(278): Laravel\Lumen\Application->callControllerAction()
#9 /var/www/html/efms/api/vendor/laravel/lumen-framework/src/Concerns/RoutesRequests.php(258): Laravel\Lumen\Application->callActionOnArrayBasedRoute()
#10 [internal function]: Laravel\Lumen\Application->Laravel\Lumen\Concerns\{closure}()
#11 /var/www/html/efms/api/vendor/laravel/lumen-framework/src/Routing/Pipeline.php(52): call_user_func()
#12 /var/www/html/efms/api/app/Http/Middleware/Authenticate.php(64): Laravel\Lumen\Routing\Pipeline->Laravel\Lumen\Routing\{closure}()
#13 /var/www/html/efms/api/vendor/illuminate/pipeline/Pipeline.php(163): App\Http\Middleware\Authenticate->handle()
#14 [internal function]: Illuminate\Pipeline\Pipeline->Illuminate\Pipeline\{closure}()
#15 /var/www/html/efms/api/vendor/laravel/lumen-framework/src/Routing/Pipeline.php(32): call_user_func()
#16 /var/www/html/efms/api/vendor/illuminate/pipeline/Pipeline.php(104): Laravel\Lumen\Routing\Pipeline->Laravel\Lumen\Routing\{closure}()
#17 /var/www/html/efms/api/vendor/laravel/lumen-framework/src/Concerns/RoutesRequests.php(413): Illuminate\Pipeline\Pipeline->then()
#18 /var/www/html/efms/api/vendor/laravel/lumen-framework/src/Concerns/RoutesRequests.php(259): Laravel\Lumen\Application->sendThroughPipeline()
#19 /var/www/html/efms/api/vendor/laravel/lumen-framework/src/Concerns/RoutesRequests.php(165): Laravel\Lumen\Application->handleFoundRoute()
#20 /var/www/html/efms/api/vendor/laravel/lumen-framework/src/Concerns/RoutesRequests.php(416): Laravel\Lumen\Application->Laravel\Lumen\Concerns\{closure}()
#21 /var/www/html/efms/api/vendor/laravel/lumen-framework/src/Concerns/RoutesRequests.php(171): Laravel\Lumen\Application->sendThroughPipeline()
#22 /var/www/html/efms/api/vendor/laravel/lumen-framework/src/Concerns/RoutesRequests.php(108): Laravel\Lumen\Application->dispatch()
#23 /var/www/html/efms/api/public/index.php(28): Laravel\Lumen\Application->run()
#24 /var/www/html/efms/api/index.php(22): require_once('/var/www/html/e...')
#25 {main} {"exception":"[object] (Symfony\\Component\\Debug\\Exception\\FatalThrowableError(code: 0): syntax error, unexpected 'return' (T_RETURN) at /var/www/html/efms/api/app/Http/Controllers/DapaController.php:35)
[stacktrace]
#0 /var/www/html/efms/api/vendor/composer/ClassLoader.php(322): Composer\\Autoload\\includeFile()
#1 [internal function]: Composer\\Autoload\\ClassLoader->loadClass()
#2 [internal function]: spl_autoload_call()
#3 /var/www/html/efms/api/vendor/illuminate/container/Container.php(788): ReflectionClass->__construct()
#4 /var/www/html/efms/api/vendor/illuminate/container/Container.php(667): Illuminate\\Container\\Container->build()
#5 /var/www/html/efms/api/vendor/illuminate/container/Container.php(615): Illuminate\\Container\\Container->resolve()
#6 /var/www/html/efms/api/vendor/laravel/lumen-framework/src/Application.php(267): Illuminate\\Container\\Container->make()
#7 /var/www/html/efms/api/vendor/laravel/lumen-framework/src/Concerns/RoutesRequests.php(311): Laravel\\Lumen\\Application->make()
#8 /var/www/html/efms/api/vendor/laravel/lumen-framework/src/Concerns/RoutesRequests.php(278): Laravel\\Lumen\\Application->callControllerAction()
#9 /var/www/html/efms/api/vendor/laravel/lumen-framework/src/Concerns/RoutesRequests.php(258): Laravel\\Lumen\\Application->callActionOnArrayBasedRoute()
#10 [internal function]: Laravel\\Lumen\\Application->Laravel\\Lumen\\Concerns\\{closure}()
#11 /var/www/html/efms/api/vendor/laravel/lumen-framework/src/Routing/Pipeline.php(52): call_user_func()
#12 /var/www/html/efms/api/app/Http/Middleware/Authenticate.php(64): Laravel\\Lumen\\Routing\\Pipeline->Laravel\\Lumen\\Routing\\{closure}()
#13 /var/www/html/efms/api/vendor/illuminate/pipeline/Pipeline.php(163): App\\Http\\Middleware\\Authenticate->handle()
#14 [internal function]: Illuminate\\Pipeline\\Pipeline->Illuminate\\Pipeline\\{closure}()
#15 /var/www/html/efms/api/vendor/laravel/lumen-framework/src/Routing/Pipeline.php(32): call_user_func()
#16 /var/www/html/efms/api/vendor/illuminate/pipeline/Pipeline.php(104): Laravel\\Lumen\\Routing\\Pipeline->Laravel\\Lumen\\Routing\\{closure}()
#17 /var/www/html/efms/api/vendor/laravel/lumen-framework/src/Concerns/RoutesRequests.php(413): Illuminate\\Pipeline\\Pipeline->then()
#18 /var/www/html/efms/api/vendor/laravel/lumen-framework/src/Concerns/RoutesRequests.php(259): Laravel\\Lumen\\Application->sendThroughPipeline()
#19 /var/www/html/efms/api/vendor/laravel/lumen-framework/src/Concerns/RoutesRequests.php(165): Laravel\\Lumen\\Application->handleFoundRoute()
#20 /var/www/html/efms/api/vendor/laravel/lumen-framework/src/Concerns/RoutesRequests.php(416): Laravel\\Lumen\\Application->Laravel\\Lumen\\Concerns\\{closure}()
#21 /var/www/html/efms/api/vendor/laravel/lumen-framework/src/Concerns/RoutesRequests.php(171): Laravel\\Lumen\\Application->sendThroughPipeline()
#22 /var/www/html/efms/api/vendor/laravel/lumen-framework/src/Concerns/RoutesRequests.php(108): Laravel\\Lumen\\Application->dispatch()
#23 /var/www/html/efms/api/public/index.php(28): Laravel\\Lumen\\Application->run()
#24 /var/www/html/efms/api/index.php(22): require_once('/var/www/html/e...')
#25 {main}
"} 
