[2025-09-04 11:03:38] staging.ERROR: PDOException: SQLSTATE[23000]: Integrity constraint violation: 1052 Column 'Email' in where clause is ambiguous in /var/www/html/efms/api/vendor/illuminate/database/Connection.php:326
Stack trace:
#0 /var/www/html/efms/api/vendor/illuminate/database/Connection.php(326): PDO->prepare()
#1 /var/www/html/efms/api/vendor/illuminate/database/Connection.php(657): Illuminate\Database\Connection->Illuminate\Database\{closure}()
#2 /var/www/html/efms/api/vendor/illuminate/database/Connection.php(624): Illuminate\Database\Connection->runQueryCallback()
#3 /var/www/html/efms/api/vendor/illuminate/database/Connection.php(333): Illuminate\Database\Connection->run()
#4 /var/www/html/efms/api/vendor/illuminate/database/Query/Builder.php(2130): Illuminate\Database\Connection->select()
#5 /var/www/html/efms/api/vendor/illuminate/database/Query/Builder.php(2118): Illuminate\Database\Query\Builder->runSelect()
#6 /var/www/html/efms/api/vendor/illuminate/database/Query/Builder.php(2604): Illuminate\Database\Query\Builder->Illuminate\Database\Query\{closure}()
#7 /var/www/html/efms/api/vendor/illuminate/database/Query/Builder.php(2119): Illuminate\Database\Query\Builder->onceWithColumns()
#8 /var/www/html/efms/api/vendor/illuminate/database/Eloquent/Builder.php(521): Illuminate\Database\Query\Builder->get()
#9 /var/www/html/efms/api/vendor/illuminate/database/Eloquent/Builder.php(505): Illuminate\Database\Eloquent\Builder->getModels()
#10 /var/www/html/efms/api/vendor/illuminate/database/Concerns/BuildsQueries.php(77): Illuminate\Database\Eloquent\Builder->get()
#11 /var/www/html/efms/api/app/Http/Controllers/AuthController.php(65): Illuminate\Database\Eloquent\Builder->first()
#12 [internal function]: App\Http\Controllers\AuthController->login()
#13 /var/www/html/efms/api/vendor/illuminate/container/BoundMethod.php(32): call_user_func_array()
#14 /var/www/html/efms/api/vendor/illuminate/container/BoundMethod.php(90): Illuminate\Container\BoundMethod::Illuminate\Container\{closure}()
#15 /var/www/html/efms/api/vendor/illuminate/container/BoundMethod.php(34): Illuminate\Container\BoundMethod::callBoundMethod()
#16 /var/www/html/efms/api/vendor/illuminate/container/Container.php(576): Illuminate\Container\BoundMethod::call()
#17 /var/www/html/efms/api/vendor/laravel/lumen-framework/src/Concerns/RoutesRequests.php(376): Illuminate\Container\Container->call()
#18 /var/www/html/efms/api/vendor/laravel/lumen-framework/src/Concerns/RoutesRequests.php(342): Laravel\Lumen\Application->callControllerCallable()
#19 /var/www/html/efms/api/vendor/laravel/lumen-framework/src/Concerns/RoutesRequests.php(316): Laravel\Lumen\Application->callLumenController()
#20 /var/www/html/efms/api/vendor/laravel/lumen-framework/src/Concerns/RoutesRequests.php(278): Laravel\Lumen\Application->callControllerAction()
#21 /var/www/html/efms/api/vendor/laravel/lumen-framework/src/Concerns/RoutesRequests.php(263): Laravel\Lumen\Application->callActionOnArrayBasedRoute()
#22 /var/www/html/efms/api/vendor/laravel/lumen-framework/src/Concerns/RoutesRequests.php(165): Laravel\Lumen\Application->handleFoundRoute()
#23 /var/www/html/efms/api/vendor/laravel/lumen-framework/src/Concerns/RoutesRequests.php(416): Laravel\Lumen\Application->Laravel\Lumen\Concerns\{closure}()
#24 /var/www/html/efms/api/vendor/laravel/lumen-framework/src/Concerns/RoutesRequests.php(171): Laravel\Lumen\Application->sendThroughPipeline()
#25 /var/www/html/efms/api/vendor/laravel/lumen-framework/src/Concerns/RoutesRequests.php(108): Laravel\Lumen\Application->dispatch()
#26 /var/www/html/efms/api/public/index.php(28): Laravel\Lumen\Application->run()
#27 /var/www/html/efms/api/index.php(22): require_once('/var/www/html/e...')
#28 {main}

Next Illuminate\Database\QueryException: SQLSTATE[23000]: Integrity constraint violation: 1052 Column 'Email' in where clause is ambiguous (SQL: select * from `UserLogin` left join `ListUser` on `UserLogin`.`UserLoginID` = `ListUser`.`UserLoginID` where `Email` = test_dev@gmail.com limit 1) in /var/www/html/efms/api/vendor/illuminate/database/Connection.php:664
Stack trace:
#0 /var/www/html/efms/api/vendor/illuminate/database/Connection.php(624): Illuminate\Database\Connection->runQueryCallback()
#1 /var/www/html/efms/api/vendor/illuminate/database/Connection.php(333): Illuminate\Database\Connection->run()
#2 /var/www/html/efms/api/vendor/illuminate/database/Query/Builder.php(2130): Illuminate\Database\Connection->select()
#3 /var/www/html/efms/api/vendor/illuminate/database/Query/Builder.php(2118): Illuminate\Database\Query\Builder->runSelect()
#4 /var/www/html/efms/api/vendor/illuminate/database/Query/Builder.php(2604): Illuminate\Database\Query\Builder->Illuminate\Database\Query\{closure}()
#5 /var/www/html/efms/api/vendor/illuminate/database/Query/Builder.php(2119): Illuminate\Database\Query\Builder->onceWithColumns()
#6 /var/www/html/efms/api/vendor/illuminate/database/Eloquent/Builder.php(521): Illuminate\Database\Query\Builder->get()
#7 /var/www/html/efms/api/vendor/illuminate/database/Eloquent/Builder.php(505): Illuminate\Database\Eloquent\Builder->getModels()
#8 /var/www/html/efms/api/vendor/illuminate/database/Concerns/BuildsQueries.php(77): Illuminate\Database\Eloquent\Builder->get()
#9 /var/www/html/efms/api/app/Http/Controllers/AuthController.php(65): Illuminate\Database\Eloquent\Builder->first()
#10 [internal function]: App\Http\Controllers\AuthController->login()
#11 /var/www/html/efms/api/vendor/illuminate/container/BoundMethod.php(32): call_user_func_array()
#12 /var/www/html/efms/api/vendor/illuminate/container/BoundMethod.php(90): Illuminate\Container\BoundMethod::Illuminate\Container\{closure}()
#13 /var/www/html/efms/api/vendor/illuminate/container/BoundMethod.php(34): Illuminate\Container\BoundMethod::callBoundMethod()
#14 /var/www/html/efms/api/vendor/illuminate/container/Container.php(576): Illuminate\Container\BoundMethod::call()
#15 /var/www/html/efms/api/vendor/laravel/lumen-framework/src/Concerns/RoutesRequests.php(376): Illuminate\Container\Container->call()
#16 /var/www/html/efms/api/vendor/laravel/lumen-framework/src/Concerns/RoutesRequests.php(342): Laravel\Lumen\Application->callControllerCallable()
#17 /var/www/html/efms/api/vendor/laravel/lumen-framework/src/Concerns/RoutesRequests.php(316): Laravel\Lumen\Application->callLumenController()
#18 /var/www/html/efms/api/vendor/laravel/lumen-framework/src/Concerns/RoutesRequests.php(278): Laravel\Lumen\Application->callControllerAction()
#19 /var/www/html/efms/api/vendor/laravel/lumen-framework/src/Concerns/RoutesRequests.php(263): Laravel\Lumen\Application->callActionOnArrayBasedRoute()
#20 /var/www/html/efms/api/vendor/laravel/lumen-framework/src/Concerns/RoutesRequests.php(165): Laravel\Lumen\Application->handleFoundRoute()
#21 /var/www/html/efms/api/vendor/laravel/lumen-framework/src/Concerns/RoutesRequests.php(416): Laravel\Lumen\Application->Laravel\Lumen\Concerns\{closure}()
#22 /var/www/html/efms/api/vendor/laravel/lumen-framework/src/Concerns/RoutesRequests.php(171): Laravel\Lumen\Application->sendThroughPipeline()
#23 /var/www/html/efms/api/vendor/laravel/lumen-framework/src/Concerns/RoutesRequests.php(108): Laravel\Lumen\Application->dispatch()
#24 /var/www/html/efms/api/public/index.php(28): Laravel\Lumen\Application->run()
#25 /var/www/html/efms/api/index.php(22): require_once('/var/www/html/e...')
#26 {main} {"exception":"[object] (Illuminate\\Database\\QueryException(code: 23000): SQLSTATE[23000]: Integrity constraint violation: 1052 Column 'Email' in where clause is ambiguous (SQL: select * from `UserLogin` left join `ListUser` on `UserLogin`.`UserLoginID` = `ListUser`.`UserLoginID` where `Email` = test_dev@gmail.com limit 1) at /var/www/html/efms/api/vendor/illuminate/database/Connection.php:664, PDOException(code: 23000): SQLSTATE[23000]: Integrity constraint violation: 1052 Column 'Email' in where clause is ambiguous at /var/www/html/efms/api/vendor/illuminate/database/Connection.php:326)
[stacktrace]
#0 /var/www/html/efms/api/vendor/illuminate/database/Connection.php(624): Illuminate\\Database\\Connection->runQueryCallback()
#1 /var/www/html/efms/api/vendor/illuminate/database/Connection.php(333): Illuminate\\Database\\Connection->run()
#2 /var/www/html/efms/api/vendor/illuminate/database/Query/Builder.php(2130): Illuminate\\Database\\Connection->select()
#3 /var/www/html/efms/api/vendor/illuminate/database/Query/Builder.php(2118): Illuminate\\Database\\Query\\Builder->runSelect()
#4 /var/www/html/efms/api/vendor/illuminate/database/Query/Builder.php(2604): Illuminate\\Database\\Query\\Builder->Illuminate\\Database\\Query\\{closure}()
#5 /var/www/html/efms/api/vendor/illuminate/database/Query/Builder.php(2119): Illuminate\\Database\\Query\\Builder->onceWithColumns()
#6 /var/www/html/efms/api/vendor/illuminate/database/Eloquent/Builder.php(521): Illuminate\\Database\\Query\\Builder->get()
#7 /var/www/html/efms/api/vendor/illuminate/database/Eloquent/Builder.php(505): Illuminate\\Database\\Eloquent\\Builder->getModels()
#8 /var/www/html/efms/api/vendor/illuminate/database/Concerns/BuildsQueries.php(77): Illuminate\\Database\\Eloquent\\Builder->get()
#9 /var/www/html/efms/api/app/Http/Controllers/AuthController.php(65): Illuminate\\Database\\Eloquent\\Builder->first()
#10 [internal function]: App\\Http\\Controllers\\AuthController->login()
#11 /var/www/html/efms/api/vendor/illuminate/container/BoundMethod.php(32): call_user_func_array()
#12 /var/www/html/efms/api/vendor/illuminate/container/BoundMethod.php(90): Illuminate\\Container\\BoundMethod::Illuminate\\Container\\{closure}()
#13 /var/www/html/efms/api/vendor/illuminate/container/BoundMethod.php(34): Illuminate\\Container\\BoundMethod::callBoundMethod()
#14 /var/www/html/efms/api/vendor/illuminate/container/Container.php(576): Illuminate\\Container\\BoundMethod::call()
#15 /var/www/html/efms/api/vendor/laravel/lumen-framework/src/Concerns/RoutesRequests.php(376): Illuminate\\Container\\Container->call()
#16 /var/www/html/efms/api/vendor/laravel/lumen-framework/src/Concerns/RoutesRequests.php(342): Laravel\\Lumen\\Application->callControllerCallable()
#17 /var/www/html/efms/api/vendor/laravel/lumen-framework/src/Concerns/RoutesRequests.php(316): Laravel\\Lumen\\Application->callLumenController()
#18 /var/www/html/efms/api/vendor/laravel/lumen-framework/src/Concerns/RoutesRequests.php(278): Laravel\\Lumen\\Application->callControllerAction()
#19 /var/www/html/efms/api/vendor/laravel/lumen-framework/src/Concerns/RoutesRequests.php(263): Laravel\\Lumen\\Application->callActionOnArrayBasedRoute()
#20 /var/www/html/efms/api/vendor/laravel/lumen-framework/src/Concerns/RoutesRequests.php(165): Laravel\\Lumen\\Application->handleFoundRoute()
#21 /var/www/html/efms/api/vendor/laravel/lumen-framework/src/Concerns/RoutesRequests.php(416): Laravel\\Lumen\\Application->Laravel\\Lumen\\Concerns\\{closure}()
#22 /var/www/html/efms/api/vendor/laravel/lumen-framework/src/Concerns/RoutesRequests.php(171): Laravel\\Lumen\\Application->sendThroughPipeline()
#23 /var/www/html/efms/api/vendor/laravel/lumen-framework/src/Concerns/RoutesRequests.php(108): Laravel\\Lumen\\Application->dispatch()
#24 /var/www/html/efms/api/public/index.php(28): Laravel\\Lumen\\Application->run()
#25 /var/www/html/efms/api/index.php(22): require_once('/var/www/html/e...')
#26 {main}
"} 
[2025-09-04 11:04:17] staging.ERROR: PDOException: SQLSTATE[23000]: Integrity constraint violation: 1052 Column 'Email' in where clause is ambiguous in /var/www/html/efms/api/vendor/illuminate/database/Connection.php:326
Stack trace:
#0 /var/www/html/efms/api/vendor/illuminate/database/Connection.php(326): PDO->prepare()
#1 /var/www/html/efms/api/vendor/illuminate/database/Connection.php(657): Illuminate\Database\Connection->Illuminate\Database\{closure}()
#2 /var/www/html/efms/api/vendor/illuminate/database/Connection.php(624): Illuminate\Database\Connection->runQueryCallback()
#3 /var/www/html/efms/api/vendor/illuminate/database/Connection.php(333): Illuminate\Database\Connection->run()
#4 /var/www/html/efms/api/vendor/illuminate/database/Query/Builder.php(2130): Illuminate\Database\Connection->select()
#5 /var/www/html/efms/api/vendor/illuminate/database/Query/Builder.php(2118): Illuminate\Database\Query\Builder->runSelect()
#6 /var/www/html/efms/api/vendor/illuminate/database/Query/Builder.php(2604): Illuminate\Database\Query\Builder->Illuminate\Database\Query\{closure}()
#7 /var/www/html/efms/api/vendor/illuminate/database/Query/Builder.php(2119): Illuminate\Database\Query\Builder->onceWithColumns()
#8 /var/www/html/efms/api/vendor/illuminate/database/Eloquent/Builder.php(521): Illuminate\Database\Query\Builder->get()
#9 /var/www/html/efms/api/vendor/illuminate/database/Eloquent/Builder.php(505): Illuminate\Database\Eloquent\Builder->getModels()
#10 /var/www/html/efms/api/vendor/illuminate/database/Concerns/BuildsQueries.php(77): Illuminate\Database\Eloquent\Builder->get()
#11 /var/www/html/efms/api/app/Http/Controllers/AuthController.php(64): Illuminate\Database\Eloquent\Builder->first()
#12 [internal function]: App\Http\Controllers\AuthController->login()
#13 /var/www/html/efms/api/vendor/illuminate/container/BoundMethod.php(32): call_user_func_array()
#14 /var/www/html/efms/api/vendor/illuminate/container/BoundMethod.php(90): Illuminate\Container\BoundMethod::Illuminate\Container\{closure}()
#15 /var/www/html/efms/api/vendor/illuminate/container/BoundMethod.php(34): Illuminate\Container\BoundMethod::callBoundMethod()
#16 /var/www/html/efms/api/vendor/illuminate/container/Container.php(576): Illuminate\Container\BoundMethod::call()
#17 /var/www/html/efms/api/vendor/laravel/lumen-framework/src/Concerns/RoutesRequests.php(376): Illuminate\Container\Container->call()
#18 /var/www/html/efms/api/vendor/laravel/lumen-framework/src/Concerns/RoutesRequests.php(342): Laravel\Lumen\Application->callControllerCallable()
#19 /var/www/html/efms/api/vendor/laravel/lumen-framework/src/Concerns/RoutesRequests.php(316): Laravel\Lumen\Application->callLumenController()
#20 /var/www/html/efms/api/vendor/laravel/lumen-framework/src/Concerns/RoutesRequests.php(278): Laravel\Lumen\Application->callControllerAction()
#21 /var/www/html/efms/api/vendor/laravel/lumen-framework/src/Concerns/RoutesRequests.php(263): Laravel\Lumen\Application->callActionOnArrayBasedRoute()
#22 /var/www/html/efms/api/vendor/laravel/lumen-framework/src/Concerns/RoutesRequests.php(165): Laravel\Lumen\Application->handleFoundRoute()
#23 /var/www/html/efms/api/vendor/laravel/lumen-framework/src/Concerns/RoutesRequests.php(416): Laravel\Lumen\Application->Laravel\Lumen\Concerns\{closure}()
#24 /var/www/html/efms/api/vendor/laravel/lumen-framework/src/Concerns/RoutesRequests.php(171): Laravel\Lumen\Application->sendThroughPipeline()
#25 /var/www/html/efms/api/vendor/laravel/lumen-framework/src/Concerns/RoutesRequests.php(108): Laravel\Lumen\Application->dispatch()
#26 /var/www/html/efms/api/public/index.php(28): Laravel\Lumen\Application->run()
#27 /var/www/html/efms/api/index.php(22): require_once('/var/www/html/e...')
#28 {main}

Next Illuminate\Database\QueryException: SQLSTATE[23000]: Integrity constraint violation: 1052 Column 'Email' in where clause is ambiguous (SQL: select * from `UserLogin` left join `ListUser` on `UserLogin`.`UserLoginID` = `ListUser`.`UserLoginID` where `Email` = test_dev@gmail.com limit 1) in /var/www/html/efms/api/vendor/illuminate/database/Connection.php:664
Stack trace:
#0 /var/www/html/efms/api/vendor/illuminate/database/Connection.php(624): Illuminate\Database\Connection->runQueryCallback()
#1 /var/www/html/efms/api/vendor/illuminate/database/Connection.php(333): Illuminate\Database\Connection->run()
#2 /var/www/html/efms/api/vendor/illuminate/database/Query/Builder.php(2130): Illuminate\Database\Connection->select()
#3 /var/www/html/efms/api/vendor/illuminate/database/Query/Builder.php(2118): Illuminate\Database\Query\Builder->runSelect()
#4 /var/www/html/efms/api/vendor/illuminate/database/Query/Builder.php(2604): Illuminate\Database\Query\Builder->Illuminate\Database\Query\{closure}()
#5 /var/www/html/efms/api/vendor/illuminate/database/Query/Builder.php(2119): Illuminate\Database\Query\Builder->onceWithColumns()
#6 /var/www/html/efms/api/vendor/illuminate/database/Eloquent/Builder.php(521): Illuminate\Database\Query\Builder->get()
#7 /var/www/html/efms/api/vendor/illuminate/database/Eloquent/Builder.php(505): Illuminate\Database\Eloquent\Builder->getModels()
#8 /var/www/html/efms/api/vendor/illuminate/database/Concerns/BuildsQueries.php(77): Illuminate\Database\Eloquent\Builder->get()
#9 /var/www/html/efms/api/app/Http/Controllers/AuthController.php(64): Illuminate\Database\Eloquent\Builder->first()
#10 [internal function]: App\Http\Controllers\AuthController->login()
#11 /var/www/html/efms/api/vendor/illuminate/container/BoundMethod.php(32): call_user_func_array()
#12 /var/www/html/efms/api/vendor/illuminate/container/BoundMethod.php(90): Illuminate\Container\BoundMethod::Illuminate\Container\{closure}()
#13 /var/www/html/efms/api/vendor/illuminate/container/BoundMethod.php(34): Illuminate\Container\BoundMethod::callBoundMethod()
#14 /var/www/html/efms/api/vendor/illuminate/container/Container.php(576): Illuminate\Container\BoundMethod::call()
#15 /var/www/html/efms/api/vendor/laravel/lumen-framework/src/Concerns/RoutesRequests.php(376): Illuminate\Container\Container->call()
#16 /var/www/html/efms/api/vendor/laravel/lumen-framework/src/Concerns/RoutesRequests.php(342): Laravel\Lumen\Application->callControllerCallable()
#17 /var/www/html/efms/api/vendor/laravel/lumen-framework/src/Concerns/RoutesRequests.php(316): Laravel\Lumen\Application->callLumenController()
#18 /var/www/html/efms/api/vendor/laravel/lumen-framework/src/Concerns/RoutesRequests.php(278): Laravel\Lumen\Application->callControllerAction()
#19 /var/www/html/efms/api/vendor/laravel/lumen-framework/src/Concerns/RoutesRequests.php(263): Laravel\Lumen\Application->callActionOnArrayBasedRoute()
#20 /var/www/html/efms/api/vendor/laravel/lumen-framework/src/Concerns/RoutesRequests.php(165): Laravel\Lumen\Application->handleFoundRoute()
#21 /var/www/html/efms/api/vendor/laravel/lumen-framework/src/Concerns/RoutesRequests.php(416): Laravel\Lumen\Application->Laravel\Lumen\Concerns\{closure}()
#22 /var/www/html/efms/api/vendor/laravel/lumen-framework/src/Concerns/RoutesRequests.php(171): Laravel\Lumen\Application->sendThroughPipeline()
#23 /var/www/html/efms/api/vendor/laravel/lumen-framework/src/Concerns/RoutesRequests.php(108): Laravel\Lumen\Application->dispatch()
#24 /var/www/html/efms/api/public/index.php(28): Laravel\Lumen\Application->run()
#25 /var/www/html/efms/api/index.php(22): require_once('/var/www/html/e...')
#26 {main} {"exception":"[object] (Illuminate\\Database\\QueryException(code: 23000): SQLSTATE[23000]: Integrity constraint violation: 1052 Column 'Email' in where clause is ambiguous (SQL: select * from `UserLogin` left join `ListUser` on `UserLogin`.`UserLoginID` = `ListUser`.`UserLoginID` where `Email` = test_dev@gmail.com limit 1) at /var/www/html/efms/api/vendor/illuminate/database/Connection.php:664, PDOException(code: 23000): SQLSTATE[23000]: Integrity constraint violation: 1052 Column 'Email' in where clause is ambiguous at /var/www/html/efms/api/vendor/illuminate/database/Connection.php:326)
[stacktrace]
#0 /var/www/html/efms/api/vendor/illuminate/database/Connection.php(624): Illuminate\\Database\\Connection->runQueryCallback()
#1 /var/www/html/efms/api/vendor/illuminate/database/Connection.php(333): Illuminate\\Database\\Connection->run()
#2 /var/www/html/efms/api/vendor/illuminate/database/Query/Builder.php(2130): Illuminate\\Database\\Connection->select()
#3 /var/www/html/efms/api/vendor/illuminate/database/Query/Builder.php(2118): Illuminate\\Database\\Query\\Builder->runSelect()
#4 /var/www/html/efms/api/vendor/illuminate/database/Query/Builder.php(2604): Illuminate\\Database\\Query\\Builder->Illuminate\\Database\\Query\\{closure}()
#5 /var/www/html/efms/api/vendor/illuminate/database/Query/Builder.php(2119): Illuminate\\Database\\Query\\Builder->onceWithColumns()
#6 /var/www/html/efms/api/vendor/illuminate/database/Eloquent/Builder.php(521): Illuminate\\Database\\Query\\Builder->get()
#7 /var/www/html/efms/api/vendor/illuminate/database/Eloquent/Builder.php(505): Illuminate\\Database\\Eloquent\\Builder->getModels()
#8 /var/www/html/efms/api/vendor/illuminate/database/Concerns/BuildsQueries.php(77): Illuminate\\Database\\Eloquent\\Builder->get()
#9 /var/www/html/efms/api/app/Http/Controllers/AuthController.php(64): Illuminate\\Database\\Eloquent\\Builder->first()
#10 [internal function]: App\\Http\\Controllers\\AuthController->login()
#11 /var/www/html/efms/api/vendor/illuminate/container/BoundMethod.php(32): call_user_func_array()
#12 /var/www/html/efms/api/vendor/illuminate/container/BoundMethod.php(90): Illuminate\\Container\\BoundMethod::Illuminate\\Container\\{closure}()
#13 /var/www/html/efms/api/vendor/illuminate/container/BoundMethod.php(34): Illuminate\\Container\\BoundMethod::callBoundMethod()
#14 /var/www/html/efms/api/vendor/illuminate/container/Container.php(576): Illuminate\\Container\\BoundMethod::call()
#15 /var/www/html/efms/api/vendor/laravel/lumen-framework/src/Concerns/RoutesRequests.php(376): Illuminate\\Container\\Container->call()
#16 /var/www/html/efms/api/vendor/laravel/lumen-framework/src/Concerns/RoutesRequests.php(342): Laravel\\Lumen\\Application->callControllerCallable()
#17 /var/www/html/efms/api/vendor/laravel/lumen-framework/src/Concerns/RoutesRequests.php(316): Laravel\\Lumen\\Application->callLumenController()
#18 /var/www/html/efms/api/vendor/laravel/lumen-framework/src/Concerns/RoutesRequests.php(278): Laravel\\Lumen\\Application->callControllerAction()
#19 /var/www/html/efms/api/vendor/laravel/lumen-framework/src/Concerns/RoutesRequests.php(263): Laravel\\Lumen\\Application->callActionOnArrayBasedRoute()
#20 /var/www/html/efms/api/vendor/laravel/lumen-framework/src/Concerns/RoutesRequests.php(165): Laravel\\Lumen\\Application->handleFoundRoute()
#21 /var/www/html/efms/api/vendor/laravel/lumen-framework/src/Concerns/RoutesRequests.php(416): Laravel\\Lumen\\Application->Laravel\\Lumen\\Concerns\\{closure}()
#22 /var/www/html/efms/api/vendor/laravel/lumen-framework/src/Concerns/RoutesRequests.php(171): Laravel\\Lumen\\Application->sendThroughPipeline()
#23 /var/www/html/efms/api/vendor/laravel/lumen-framework/src/Concerns/RoutesRequests.php(108): Laravel\\Lumen\\Application->dispatch()
#24 /var/www/html/efms/api/public/index.php(28): Laravel\\Lumen\\Application->run()
#25 /var/www/html/efms/api/index.php(22): require_once('/var/www/html/e...')
#26 {main}
"} 
[2025-09-04 11:09:59] staging.ERROR: PDOException: SQLSTATE[42S22]: Column not found: 1054 Unknown column 'ListJob.updated_at' in 'field list' in /var/www/html/efms/api/vendor/illuminate/database/Connection.php:479
Stack trace:
#0 /var/www/html/efms/api/vendor/illuminate/database/Connection.php(479): PDO->prepare()
#1 /var/www/html/efms/api/vendor/illuminate/database/Connection.php(657): Illuminate\Database\Connection->Illuminate\Database\{closure}()
#2 /var/www/html/efms/api/vendor/illuminate/database/Connection.php(624): Illuminate\Database\Connection->runQueryCallback()
#3 /var/www/html/efms/api/vendor/illuminate/database/Connection.php(490): Illuminate\Database\Connection->run()
#4 /var/www/html/efms/api/vendor/illuminate/database/Connection.php(423): Illuminate\Database\Connection->affectingStatement()
#5 /var/www/html/efms/api/vendor/illuminate/database/Query/Builder.php(2721): Illuminate\Database\Connection->update()
#6 /var/www/html/efms/api/vendor/illuminate/database/Eloquent/Builder.php(820): Illuminate\Database\Query\Builder->update()
#7 /var/www/html/efms/api/vendor/illuminate/database/Eloquent/Model.php(745): Illuminate\Database\Eloquent\Builder->update()
#8 /var/www/html/efms/api/vendor/illuminate/database/Eloquent/Model.php(660): Illuminate\Database\Eloquent\Model->performUpdate()
#9 /var/www/html/efms/api/vendor/illuminate/database/Eloquent/Model.php(607): Illuminate\Database\Eloquent\Model->save()
#10 /var/www/html/efms/api/app/Http/Controllers/JobController.php(57): Illuminate\Database\Eloquent\Model->update()
#11 [internal function]: App\Http\Controllers\JobController->driver_get_job()
#12 /var/www/html/efms/api/vendor/illuminate/container/BoundMethod.php(32): call_user_func_array()
#13 /var/www/html/efms/api/vendor/illuminate/container/BoundMethod.php(90): Illuminate\Container\BoundMethod::Illuminate\Container\{closure}()
#14 /var/www/html/efms/api/vendor/illuminate/container/BoundMethod.php(34): Illuminate\Container\BoundMethod::callBoundMethod()
#15 /var/www/html/efms/api/vendor/illuminate/container/Container.php(576): Illuminate\Container\BoundMethod::call()
#16 /var/www/html/efms/api/vendor/laravel/lumen-framework/src/Concerns/RoutesRequests.php(376): Illuminate\Container\Container->call()
#17 /var/www/html/efms/api/vendor/laravel/lumen-framework/src/Concerns/RoutesRequests.php(342): Laravel\Lumen\Application->callControllerCallable()
#18 /var/www/html/efms/api/vendor/laravel/lumen-framework/src/Concerns/RoutesRequests.php(316): Laravel\Lumen\Application->callLumenController()
#19 /var/www/html/efms/api/vendor/laravel/lumen-framework/src/Concerns/RoutesRequests.php(278): Laravel\Lumen\Application->callControllerAction()
#20 /var/www/html/efms/api/vendor/laravel/lumen-framework/src/Concerns/RoutesRequests.php(258): Laravel\Lumen\Application->callActionOnArrayBasedRoute()
#21 [internal function]: Laravel\Lumen\Application->Laravel\Lumen\Concerns\{closure}()
#22 /var/www/html/efms/api/vendor/laravel/lumen-framework/src/Routing/Pipeline.php(52): call_user_func()
#23 /var/www/html/efms/api/app/Http/Middleware/Authenticate.php(64): Laravel\Lumen\Routing\Pipeline->Laravel\Lumen\Routing\{closure}()
#24 /var/www/html/efms/api/vendor/illuminate/pipeline/Pipeline.php(163): App\Http\Middleware\Authenticate->handle()
#25 [internal function]: Illuminate\Pipeline\Pipeline->Illuminate\Pipeline\{closure}()
#26 /var/www/html/efms/api/vendor/laravel/lumen-framework/src/Routing/Pipeline.php(32): call_user_func()
#27 /var/www/html/efms/api/vendor/illuminate/pipeline/Pipeline.php(104): Laravel\Lumen\Routing\Pipeline->Laravel\Lumen\Routing\{closure}()
#28 /var/www/html/efms/api/vendor/laravel/lumen-framework/src/Concerns/RoutesRequests.php(413): Illuminate\Pipeline\Pipeline->then()
#29 /var/www/html/efms/api/vendor/laravel/lumen-framework/src/Concerns/RoutesRequests.php(259): Laravel\Lumen\Application->sendThroughPipeline()
#30 /var/www/html/efms/api/vendor/laravel/lumen-framework/src/Concerns/RoutesRequests.php(165): Laravel\Lumen\Application->handleFoundRoute()
#31 /var/www/html/efms/api/vendor/laravel/lumen-framework/src/Concerns/RoutesRequests.php(416): Laravel\Lumen\Application->Laravel\Lumen\Concerns\{closure}()
#32 /var/www/html/efms/api/vendor/laravel/lumen-framework/src/Concerns/RoutesRequests.php(171): Laravel\Lumen\Application->sendThroughPipeline()
#33 /var/www/html/efms/api/vendor/laravel/lumen-framework/src/Concerns/RoutesRequests.php(108): Laravel\Lumen\Application->dispatch()
#34 /var/www/html/efms/api/public/index.php(28): Laravel\Lumen\Application->run()
#35 /var/www/html/efms/api/index.php(22): require_once('/var/www/html/e...')
#36 {main}

Next Illuminate\Database\QueryException: SQLSTATE[42S22]: Column not found: 1054 Unknown column 'ListJob.updated_at' in 'field list' (SQL: update `ListJob` set `UserID` = 2, `ListJob`.`updated_at` = 2025-09-04 11:09:59 where `JobID` = 4) in /var/www/html/efms/api/vendor/illuminate/database/Connection.php:664
Stack trace:
#0 /var/www/html/efms/api/vendor/illuminate/database/Connection.php(624): Illuminate\Database\Connection->runQueryCallback()
#1 /var/www/html/efms/api/vendor/illuminate/database/Connection.php(490): Illuminate\Database\Connection->run()
#2 /var/www/html/efms/api/vendor/illuminate/database/Connection.php(423): Illuminate\Database\Connection->affectingStatement()
#3 /var/www/html/efms/api/vendor/illuminate/database/Query/Builder.php(2721): Illuminate\Database\Connection->update()
#4 /var/www/html/efms/api/vendor/illuminate/database/Eloquent/Builder.php(820): Illuminate\Database\Query\Builder->update()
#5 /var/www/html/efms/api/vendor/illuminate/database/Eloquent/Model.php(745): Illuminate\Database\Eloquent\Builder->update()
#6 /var/www/html/efms/api/vendor/illuminate/database/Eloquent/Model.php(660): Illuminate\Database\Eloquent\Model->performUpdate()
#7 /var/www/html/efms/api/vendor/illuminate/database/Eloquent/Model.php(607): Illuminate\Database\Eloquent\Model->save()
#8 /var/www/html/efms/api/app/Http/Controllers/JobController.php(57): Illuminate\Database\Eloquent\Model->update()
#9 [internal function]: App\Http\Controllers\JobController->driver_get_job()
#10 /var/www/html/efms/api/vendor/illuminate/container/BoundMethod.php(32): call_user_func_array()
#11 /var/www/html/efms/api/vendor/illuminate/container/BoundMethod.php(90): Illuminate\Container\BoundMethod::Illuminate\Container\{closure}()
#12 /var/www/html/efms/api/vendor/illuminate/container/BoundMethod.php(34): Illuminate\Container\BoundMethod::callBoundMethod()
#13 /var/www/html/efms/api/vendor/illuminate/container/Container.php(576): Illuminate\Container\BoundMethod::call()
#14 /var/www/html/efms/api/vendor/laravel/lumen-framework/src/Concerns/RoutesRequests.php(376): Illuminate\Container\Container->call()
#15 /var/www/html/efms/api/vendor/laravel/lumen-framework/src/Concerns/RoutesRequests.php(342): Laravel\Lumen\Application->callControllerCallable()
#16 /var/www/html/efms/api/vendor/laravel/lumen-framework/src/Concerns/RoutesRequests.php(316): Laravel\Lumen\Application->callLumenController()
#17 /var/www/html/efms/api/vendor/laravel/lumen-framework/src/Concerns/RoutesRequests.php(278): Laravel\Lumen\Application->callControllerAction()
#18 /var/www/html/efms/api/vendor/laravel/lumen-framework/src/Concerns/RoutesRequests.php(258): Laravel\Lumen\Application->callActionOnArrayBasedRoute()
#19 [internal function]: Laravel\Lumen\Application->Laravel\Lumen\Concerns\{closure}()
#20 /var/www/html/efms/api/vendor/laravel/lumen-framework/src/Routing/Pipeline.php(52): call_user_func()
#21 /var/www/html/efms/api/app/Http/Middleware/Authenticate.php(64): Laravel\Lumen\Routing\Pipeline->Laravel\Lumen\Routing\{closure}()
#22 /var/www/html/efms/api/vendor/illuminate/pipeline/Pipeline.php(163): App\Http\Middleware\Authenticate->handle()
#23 [internal function]: Illuminate\Pipeline\Pipeline->Illuminate\Pipeline\{closure}()
#24 /var/www/html/efms/api/vendor/laravel/lumen-framework/src/Routing/Pipeline.php(32): call_user_func()
#25 /var/www/html/efms/api/vendor/illuminate/pipeline/Pipeline.php(104): Laravel\Lumen\Routing\Pipeline->Laravel\Lumen\Routing\{closure}()
#26 /var/www/html/efms/api/vendor/laravel/lumen-framework/src/Concerns/RoutesRequests.php(413): Illuminate\Pipeline\Pipeline->then()
#27 /var/www/html/efms/api/vendor/laravel/lumen-framework/src/Concerns/RoutesRequests.php(259): Laravel\Lumen\Application->sendThroughPipeline()
#28 /var/www/html/efms/api/vendor/laravel/lumen-framework/src/Concerns/RoutesRequests.php(165): Laravel\Lumen\Application->handleFoundRoute()
#29 /var/www/html/efms/api/vendor/laravel/lumen-framework/src/Concerns/RoutesRequests.php(416): Laravel\Lumen\Application->Laravel\Lumen\Concerns\{closure}()
#30 /var/www/html/efms/api/vendor/laravel/lumen-framework/src/Concerns/RoutesRequests.php(171): Laravel\Lumen\Application->sendThroughPipeline()
#31 /var/www/html/efms/api/vendor/laravel/lumen-framework/src/Concerns/RoutesRequests.php(108): Laravel\Lumen\Application->dispatch()
#32 /var/www/html/efms/api/public/index.php(28): Laravel\Lumen\Application->run()
#33 /var/www/html/efms/api/index.php(22): require_once('/var/www/html/e...')
#34 {main} {"exception":"[object] (Illuminate\\Database\\QueryException(code: 42S22): SQLSTATE[42S22]: Column not found: 1054 Unknown column 'ListJob.updated_at' in 'field list' (SQL: update `ListJob` set `UserID` = 2, `ListJob`.`updated_at` = 2025-09-04 11:09:59 where `JobID` = 4) at /var/www/html/efms/api/vendor/illuminate/database/Connection.php:664, PDOException(code: 42S22): SQLSTATE[42S22]: Column not found: 1054 Unknown column 'ListJob.updated_at' in 'field list' at /var/www/html/efms/api/vendor/illuminate/database/Connection.php:479)
[stacktrace]
#0 /var/www/html/efms/api/vendor/illuminate/database/Connection.php(624): Illuminate\\Database\\Connection->runQueryCallback()
#1 /var/www/html/efms/api/vendor/illuminate/database/Connection.php(490): Illuminate\\Database\\Connection->run()
#2 /var/www/html/efms/api/vendor/illuminate/database/Connection.php(423): Illuminate\\Database\\Connection->affectingStatement()
#3 /var/www/html/efms/api/vendor/illuminate/database/Query/Builder.php(2721): Illuminate\\Database\\Connection->update()
#4 /var/www/html/efms/api/vendor/illuminate/database/Eloquent/Builder.php(820): Illuminate\\Database\\Query\\Builder->update()
#5 /var/www/html/efms/api/vendor/illuminate/database/Eloquent/Model.php(745): Illuminate\\Database\\Eloquent\\Builder->update()
#6 /var/www/html/efms/api/vendor/illuminate/database/Eloquent/Model.php(660): Illuminate\\Database\\Eloquent\\Model->performUpdate()
#7 /var/www/html/efms/api/vendor/illuminate/database/Eloquent/Model.php(607): Illuminate\\Database\\Eloquent\\Model->save()
#8 /var/www/html/efms/api/app/Http/Controllers/JobController.php(57): Illuminate\\Database\\Eloquent\\Model->update()
#9 [internal function]: App\\Http\\Controllers\\JobController->driver_get_job()
#10 /var/www/html/efms/api/vendor/illuminate/container/BoundMethod.php(32): call_user_func_array()
#11 /var/www/html/efms/api/vendor/illuminate/container/BoundMethod.php(90): Illuminate\\Container\\BoundMethod::Illuminate\\Container\\{closure}()
#12 /var/www/html/efms/api/vendor/illuminate/container/BoundMethod.php(34): Illuminate\\Container\\BoundMethod::callBoundMethod()
#13 /var/www/html/efms/api/vendor/illuminate/container/Container.php(576): Illuminate\\Container\\BoundMethod::call()
#14 /var/www/html/efms/api/vendor/laravel/lumen-framework/src/Concerns/RoutesRequests.php(376): Illuminate\\Container\\Container->call()
#15 /var/www/html/efms/api/vendor/laravel/lumen-framework/src/Concerns/RoutesRequests.php(342): Laravel\\Lumen\\Application->callControllerCallable()
#16 /var/www/html/efms/api/vendor/laravel/lumen-framework/src/Concerns/RoutesRequests.php(316): Laravel\\Lumen\\Application->callLumenController()
#17 /var/www/html/efms/api/vendor/laravel/lumen-framework/src/Concerns/RoutesRequests.php(278): Laravel\\Lumen\\Application->callControllerAction()
#18 /var/www/html/efms/api/vendor/laravel/lumen-framework/src/Concerns/RoutesRequests.php(258): Laravel\\Lumen\\Application->callActionOnArrayBasedRoute()
#19 [internal function]: Laravel\\Lumen\\Application->Laravel\\Lumen\\Concerns\\{closure}()
#20 /var/www/html/efms/api/vendor/laravel/lumen-framework/src/Routing/Pipeline.php(52): call_user_func()
#21 /var/www/html/efms/api/app/Http/Middleware/Authenticate.php(64): Laravel\\Lumen\\Routing\\Pipeline->Laravel\\Lumen\\Routing\\{closure}()
#22 /var/www/html/efms/api/vendor/illuminate/pipeline/Pipeline.php(163): App\\Http\\Middleware\\Authenticate->handle()
#23 [internal function]: Illuminate\\Pipeline\\Pipeline->Illuminate\\Pipeline\\{closure}()
#24 /var/www/html/efms/api/vendor/laravel/lumen-framework/src/Routing/Pipeline.php(32): call_user_func()
#25 /var/www/html/efms/api/vendor/illuminate/pipeline/Pipeline.php(104): Laravel\\Lumen\\Routing\\Pipeline->Laravel\\Lumen\\Routing\\{closure}()
#26 /var/www/html/efms/api/vendor/laravel/lumen-framework/src/Concerns/RoutesRequests.php(413): Illuminate\\Pipeline\\Pipeline->then()
#27 /var/www/html/efms/api/vendor/laravel/lumen-framework/src/Concerns/RoutesRequests.php(259): Laravel\\Lumen\\Application->sendThroughPipeline()
#28 /var/www/html/efms/api/vendor/laravel/lumen-framework/src/Concerns/RoutesRequests.php(165): Laravel\\Lumen\\Application->handleFoundRoute()
#29 /var/www/html/efms/api/vendor/laravel/lumen-framework/src/Concerns/RoutesRequests.php(416): Laravel\\Lumen\\Application->Laravel\\Lumen\\Concerns\\{closure}()
#30 /var/www/html/efms/api/vendor/laravel/lumen-framework/src/Concerns/RoutesRequests.php(171): Laravel\\Lumen\\Application->sendThroughPipeline()
#31 /var/www/html/efms/api/vendor/laravel/lumen-framework/src/Concerns/RoutesRequests.php(108): Laravel\\Lumen\\Application->dispatch()
#32 /var/www/html/efms/api/public/index.php(28): Laravel\\Lumen\\Application->run()
#33 /var/www/html/efms/api/index.php(22): require_once('/var/www/html/e...')
#34 {main}
"} 
[2025-09-04 11:16:03] staging.ERROR: Symfony\Component\Debug\Exception\FatalThrowableError: Return value of App\Http\Controllers\UserController::get_user() must be an instance of App\Http\Controllers\mixed, instance of Illuminate\Http\JsonResponse returned in /var/www/html/efms/api/app/Http/Controllers/UserController.php:33
Stack trace:
#0 [internal function]: App\Http\Controllers\UserController->get_user()
#1 /var/www/html/efms/api/vendor/illuminate/container/BoundMethod.php(32): call_user_func_array()
#2 /var/www/html/efms/api/vendor/illuminate/container/BoundMethod.php(90): Illuminate\Container\BoundMethod::Illuminate\Container\{closure}()
#3 /var/www/html/efms/api/vendor/illuminate/container/BoundMethod.php(34): Illuminate\Container\BoundMethod::callBoundMethod()
#4 /var/www/html/efms/api/vendor/illuminate/container/Container.php(576): Illuminate\Container\BoundMethod::call()
#5 /var/www/html/efms/api/vendor/laravel/lumen-framework/src/Concerns/RoutesRequests.php(376): Illuminate\Container\Container->call()
#6 /var/www/html/efms/api/vendor/laravel/lumen-framework/src/Concerns/RoutesRequests.php(342): Laravel\Lumen\Application->callControllerCallable()
#7 /var/www/html/efms/api/vendor/laravel/lumen-framework/src/Concerns/RoutesRequests.php(316): Laravel\Lumen\Application->callLumenController()
#8 /var/www/html/efms/api/vendor/laravel/lumen-framework/src/Concerns/RoutesRequests.php(278): Laravel\Lumen\Application->callControllerAction()
#9 /var/www/html/efms/api/vendor/laravel/lumen-framework/src/Concerns/RoutesRequests.php(258): Laravel\Lumen\Application->callActionOnArrayBasedRoute()
#10 [internal function]: Laravel\Lumen\Application->Laravel\Lumen\Concerns\{closure}()
#11 /var/www/html/efms/api/vendor/laravel/lumen-framework/src/Routing/Pipeline.php(52): call_user_func()
#12 /var/www/html/efms/api/app/Http/Middleware/Authenticate.php(64): Laravel\Lumen\Routing\Pipeline->Laravel\Lumen\Routing\{closure}()
#13 /var/www/html/efms/api/vendor/illuminate/pipeline/Pipeline.php(163): App\Http\Middleware\Authenticate->handle()
#14 [internal function]: Illuminate\Pipeline\Pipeline->Illuminate\Pipeline\{closure}()
#15 /var/www/html/efms/api/vendor/laravel/lumen-framework/src/Routing/Pipeline.php(32): call_user_func()
#16 /var/www/html/efms/api/vendor/illuminate/pipeline/Pipeline.php(104): Laravel\Lumen\Routing\Pipeline->Laravel\Lumen\Routing\{closure}()
#17 /var/www/html/efms/api/vendor/laravel/lumen-framework/src/Concerns/RoutesRequests.php(413): Illuminate\Pipeline\Pipeline->then()
#18 /var/www/html/efms/api/vendor/laravel/lumen-framework/src/Concerns/RoutesRequests.php(259): Laravel\Lumen\Application->sendThroughPipeline()
#19 /var/www/html/efms/api/vendor/laravel/lumen-framework/src/Concerns/RoutesRequests.php(233): Laravel\Lumen\Application->handleFoundRoute()
#20 /var/www/html/efms/api/vendor/laravel/lumen-framework/src/Concerns/RoutesRequests.php(169): Laravel\Lumen\Application->handleDispatcherResponse()
#21 /var/www/html/efms/api/vendor/laravel/lumen-framework/src/Concerns/RoutesRequests.php(416): Laravel\Lumen\Application->Laravel\Lumen\Concerns\{closure}()
#22 /var/www/html/efms/api/vendor/laravel/lumen-framework/src/Concerns/RoutesRequests.php(171): Laravel\Lumen\Application->sendThroughPipeline()
#23 /var/www/html/efms/api/vendor/laravel/lumen-framework/src/Concerns/RoutesRequests.php(108): Laravel\Lumen\Application->dispatch()
#24 /var/www/html/efms/api/public/index.php(28): Laravel\Lumen\Application->run()
#25 /var/www/html/efms/api/index.php(22): require_once('/var/www/html/e...')
#26 {main} {"exception":"[object] (Symfony\\Component\\Debug\\Exception\\FatalThrowableError(code: 0): Return value of App\\Http\\Controllers\\UserController::get_user() must be an instance of App\\Http\\Controllers\\mixed, instance of Illuminate\\Http\\JsonResponse returned at /var/www/html/efms/api/app/Http/Controllers/UserController.php:33)
[stacktrace]
#0 [internal function]: App\\Http\\Controllers\\UserController->get_user()
#1 /var/www/html/efms/api/vendor/illuminate/container/BoundMethod.php(32): call_user_func_array()
#2 /var/www/html/efms/api/vendor/illuminate/container/BoundMethod.php(90): Illuminate\\Container\\BoundMethod::Illuminate\\Container\\{closure}()
#3 /var/www/html/efms/api/vendor/illuminate/container/BoundMethod.php(34): Illuminate\\Container\\BoundMethod::callBoundMethod()
#4 /var/www/html/efms/api/vendor/illuminate/container/Container.php(576): Illuminate\\Container\\BoundMethod::call()
#5 /var/www/html/efms/api/vendor/laravel/lumen-framework/src/Concerns/RoutesRequests.php(376): Illuminate\\Container\\Container->call()
#6 /var/www/html/efms/api/vendor/laravel/lumen-framework/src/Concerns/RoutesRequests.php(342): Laravel\\Lumen\\Application->callControllerCallable()
#7 /var/www/html/efms/api/vendor/laravel/lumen-framework/src/Concerns/RoutesRequests.php(316): Laravel\\Lumen\\Application->callLumenController()
#8 /var/www/html/efms/api/vendor/laravel/lumen-framework/src/Concerns/RoutesRequests.php(278): Laravel\\Lumen\\Application->callControllerAction()
#9 /var/www/html/efms/api/vendor/laravel/lumen-framework/src/Concerns/RoutesRequests.php(258): Laravel\\Lumen\\Application->callActionOnArrayBasedRoute()
#10 [internal function]: Laravel\\Lumen\\Application->Laravel\\Lumen\\Concerns\\{closure}()
#11 /var/www/html/efms/api/vendor/laravel/lumen-framework/src/Routing/Pipeline.php(52): call_user_func()
#12 /var/www/html/efms/api/app/Http/Middleware/Authenticate.php(64): Laravel\\Lumen\\Routing\\Pipeline->Laravel\\Lumen\\Routing\\{closure}()
#13 /var/www/html/efms/api/vendor/illuminate/pipeline/Pipeline.php(163): App\\Http\\Middleware\\Authenticate->handle()
#14 [internal function]: Illuminate\\Pipeline\\Pipeline->Illuminate\\Pipeline\\{closure}()
#15 /var/www/html/efms/api/vendor/laravel/lumen-framework/src/Routing/Pipeline.php(32): call_user_func()
#16 /var/www/html/efms/api/vendor/illuminate/pipeline/Pipeline.php(104): Laravel\\Lumen\\Routing\\Pipeline->Laravel\\Lumen\\Routing\\{closure}()
#17 /var/www/html/efms/api/vendor/laravel/lumen-framework/src/Concerns/RoutesRequests.php(413): Illuminate\\Pipeline\\Pipeline->then()
#18 /var/www/html/efms/api/vendor/laravel/lumen-framework/src/Concerns/RoutesRequests.php(259): Laravel\\Lumen\\Application->sendThroughPipeline()
#19 /var/www/html/efms/api/vendor/laravel/lumen-framework/src/Concerns/RoutesRequests.php(233): Laravel\\Lumen\\Application->handleFoundRoute()
#20 /var/www/html/efms/api/vendor/laravel/lumen-framework/src/Concerns/RoutesRequests.php(169): Laravel\\Lumen\\Application->handleDispatcherResponse()
#21 /var/www/html/efms/api/vendor/laravel/lumen-framework/src/Concerns/RoutesRequests.php(416): Laravel\\Lumen\\Application->Laravel\\Lumen\\Concerns\\{closure}()
#22 /var/www/html/efms/api/vendor/laravel/lumen-framework/src/Concerns/RoutesRequests.php(171): Laravel\\Lumen\\Application->sendThroughPipeline()
#23 /var/www/html/efms/api/vendor/laravel/lumen-framework/src/Concerns/RoutesRequests.php(108): Laravel\\Lumen\\Application->dispatch()
#24 /var/www/html/efms/api/public/index.php(28): Laravel\\Lumen\\Application->run()
#25 /var/www/html/efms/api/index.php(22): require_once('/var/www/html/e...')
#26 {main}
"} 
[2025-09-04 11:16:17] staging.ERROR: Symfony\Component\Debug\Exception\FatalThrowableError: Return value of App\Http\Controllers\UserController::get_user() must be an instance of App\Http\Controllers\mixed, instance of Illuminate\Http\JsonResponse returned in /var/www/html/efms/api/app/Http/Controllers/UserController.php:38
Stack trace:
#0 [internal function]: App\Http\Controllers\UserController->get_user()
#1 /var/www/html/efms/api/vendor/illuminate/container/BoundMethod.php(32): call_user_func_array()
#2 /var/www/html/efms/api/vendor/illuminate/container/BoundMethod.php(90): Illuminate\Container\BoundMethod::Illuminate\Container\{closure}()
#3 /var/www/html/efms/api/vendor/illuminate/container/BoundMethod.php(34): Illuminate\Container\BoundMethod::callBoundMethod()
#4 /var/www/html/efms/api/vendor/illuminate/container/Container.php(576): Illuminate\Container\BoundMethod::call()
#5 /var/www/html/efms/api/vendor/laravel/lumen-framework/src/Concerns/RoutesRequests.php(376): Illuminate\Container\Container->call()
#6 /var/www/html/efms/api/vendor/laravel/lumen-framework/src/Concerns/RoutesRequests.php(342): Laravel\Lumen\Application->callControllerCallable()
#7 /var/www/html/efms/api/vendor/laravel/lumen-framework/src/Concerns/RoutesRequests.php(316): Laravel\Lumen\Application->callLumenController()
#8 /var/www/html/efms/api/vendor/laravel/lumen-framework/src/Concerns/RoutesRequests.php(278): Laravel\Lumen\Application->callControllerAction()
#9 /var/www/html/efms/api/vendor/laravel/lumen-framework/src/Concerns/RoutesRequests.php(258): Laravel\Lumen\Application->callActionOnArrayBasedRoute()
#10 [internal function]: Laravel\Lumen\Application->Laravel\Lumen\Concerns\{closure}()
#11 /var/www/html/efms/api/vendor/laravel/lumen-framework/src/Routing/Pipeline.php(52): call_user_func()
#12 /var/www/html/efms/api/app/Http/Middleware/Authenticate.php(64): Laravel\Lumen\Routing\Pipeline->Laravel\Lumen\Routing\{closure}()
#13 /var/www/html/efms/api/vendor/illuminate/pipeline/Pipeline.php(163): App\Http\Middleware\Authenticate->handle()
#14 [internal function]: Illuminate\Pipeline\Pipeline->Illuminate\Pipeline\{closure}()
#15 /var/www/html/efms/api/vendor/laravel/lumen-framework/src/Routing/Pipeline.php(32): call_user_func()
#16 /var/www/html/efms/api/vendor/illuminate/pipeline/Pipeline.php(104): Laravel\Lumen\Routing\Pipeline->Laravel\Lumen\Routing\{closure}()
#17 /var/www/html/efms/api/vendor/laravel/lumen-framework/src/Concerns/RoutesRequests.php(413): Illuminate\Pipeline\Pipeline->then()
#18 /var/www/html/efms/api/vendor/laravel/lumen-framework/src/Concerns/RoutesRequests.php(259): Laravel\Lumen\Application->sendThroughPipeline()
#19 /var/www/html/efms/api/vendor/laravel/lumen-framework/src/Concerns/RoutesRequests.php(233): Laravel\Lumen\Application->handleFoundRoute()
#20 /var/www/html/efms/api/vendor/laravel/lumen-framework/src/Concerns/RoutesRequests.php(169): Laravel\Lumen\Application->handleDispatcherResponse()
#21 /var/www/html/efms/api/vendor/laravel/lumen-framework/src/Concerns/RoutesRequests.php(416): Laravel\Lumen\Application->Laravel\Lumen\Concerns\{closure}()
#22 /var/www/html/efms/api/vendor/laravel/lumen-framework/src/Concerns/RoutesRequests.php(171): Laravel\Lumen\Application->sendThroughPipeline()
#23 /var/www/html/efms/api/vendor/laravel/lumen-framework/src/Concerns/RoutesRequests.php(108): Laravel\Lumen\Application->dispatch()
#24 /var/www/html/efms/api/public/index.php(28): Laravel\Lumen\Application->run()
#25 /var/www/html/efms/api/index.php(22): require_once('/var/www/html/e...')
#26 {main} {"exception":"[object] (Symfony\\Component\\Debug\\Exception\\FatalThrowableError(code: 0): Return value of App\\Http\\Controllers\\UserController::get_user() must be an instance of App\\Http\\Controllers\\mixed, instance of Illuminate\\Http\\JsonResponse returned at /var/www/html/efms/api/app/Http/Controllers/UserController.php:38)
[stacktrace]
#0 [internal function]: App\\Http\\Controllers\\UserController->get_user()
#1 /var/www/html/efms/api/vendor/illuminate/container/BoundMethod.php(32): call_user_func_array()
#2 /var/www/html/efms/api/vendor/illuminate/container/BoundMethod.php(90): Illuminate\\Container\\BoundMethod::Illuminate\\Container\\{closure}()
#3 /var/www/html/efms/api/vendor/illuminate/container/BoundMethod.php(34): Illuminate\\Container\\BoundMethod::callBoundMethod()
#4 /var/www/html/efms/api/vendor/illuminate/container/Container.php(576): Illuminate\\Container\\BoundMethod::call()
#5 /var/www/html/efms/api/vendor/laravel/lumen-framework/src/Concerns/RoutesRequests.php(376): Illuminate\\Container\\Container->call()
#6 /var/www/html/efms/api/vendor/laravel/lumen-framework/src/Concerns/RoutesRequests.php(342): Laravel\\Lumen\\Application->callControllerCallable()
#7 /var/www/html/efms/api/vendor/laravel/lumen-framework/src/Concerns/RoutesRequests.php(316): Laravel\\Lumen\\Application->callLumenController()
#8 /var/www/html/efms/api/vendor/laravel/lumen-framework/src/Concerns/RoutesRequests.php(278): Laravel\\Lumen\\Application->callControllerAction()
#9 /var/www/html/efms/api/vendor/laravel/lumen-framework/src/Concerns/RoutesRequests.php(258): Laravel\\Lumen\\Application->callActionOnArrayBasedRoute()
#10 [internal function]: Laravel\\Lumen\\Application->Laravel\\Lumen\\Concerns\\{closure}()
#11 /var/www/html/efms/api/vendor/laravel/lumen-framework/src/Routing/Pipeline.php(52): call_user_func()
#12 /var/www/html/efms/api/app/Http/Middleware/Authenticate.php(64): Laravel\\Lumen\\Routing\\Pipeline->Laravel\\Lumen\\Routing\\{closure}()
#13 /var/www/html/efms/api/vendor/illuminate/pipeline/Pipeline.php(163): App\\Http\\Middleware\\Authenticate->handle()
#14 [internal function]: Illuminate\\Pipeline\\Pipeline->Illuminate\\Pipeline\\{closure}()
#15 /var/www/html/efms/api/vendor/laravel/lumen-framework/src/Routing/Pipeline.php(32): call_user_func()
#16 /var/www/html/efms/api/vendor/illuminate/pipeline/Pipeline.php(104): Laravel\\Lumen\\Routing\\Pipeline->Laravel\\Lumen\\Routing\\{closure}()
#17 /var/www/html/efms/api/vendor/laravel/lumen-framework/src/Concerns/RoutesRequests.php(413): Illuminate\\Pipeline\\Pipeline->then()
#18 /var/www/html/efms/api/vendor/laravel/lumen-framework/src/Concerns/RoutesRequests.php(259): Laravel\\Lumen\\Application->sendThroughPipeline()
#19 /var/www/html/efms/api/vendor/laravel/lumen-framework/src/Concerns/RoutesRequests.php(233): Laravel\\Lumen\\Application->handleFoundRoute()
#20 /var/www/html/efms/api/vendor/laravel/lumen-framework/src/Concerns/RoutesRequests.php(169): Laravel\\Lumen\\Application->handleDispatcherResponse()
#21 /var/www/html/efms/api/vendor/laravel/lumen-framework/src/Concerns/RoutesRequests.php(416): Laravel\\Lumen\\Application->Laravel\\Lumen\\Concerns\\{closure}()
#22 /var/www/html/efms/api/vendor/laravel/lumen-framework/src/Concerns/RoutesRequests.php(171): Laravel\\Lumen\\Application->sendThroughPipeline()
#23 /var/www/html/efms/api/vendor/laravel/lumen-framework/src/Concerns/RoutesRequests.php(108): Laravel\\Lumen\\Application->dispatch()
#24 /var/www/html/efms/api/public/index.php(28): Laravel\\Lumen\\Application->run()
#25 /var/www/html/efms/api/index.php(22): require_once('/var/www/html/e...')
#26 {main}
"} 
[2025-09-04 11:17:33] staging.ERROR: Symfony\Component\Debug\Exception\FatalThrowableError: Return value of App\Http\Controllers\UserController::get_user() must be an instance of App\Http\Controllers\mixed, instance of Illuminate\Http\JsonResponse returned in /var/www/html/efms/api/app/Http/Controllers/UserController.php:33
Stack trace:
#0 [internal function]: App\Http\Controllers\UserController->get_user()
#1 /var/www/html/efms/api/vendor/illuminate/container/BoundMethod.php(32): call_user_func_array()
#2 /var/www/html/efms/api/vendor/illuminate/container/BoundMethod.php(90): Illuminate\Container\BoundMethod::Illuminate\Container\{closure}()
#3 /var/www/html/efms/api/vendor/illuminate/container/BoundMethod.php(34): Illuminate\Container\BoundMethod::callBoundMethod()
#4 /var/www/html/efms/api/vendor/illuminate/container/Container.php(576): Illuminate\Container\BoundMethod::call()
#5 /var/www/html/efms/api/vendor/laravel/lumen-framework/src/Concerns/RoutesRequests.php(376): Illuminate\Container\Container->call()
#6 /var/www/html/efms/api/vendor/laravel/lumen-framework/src/Concerns/RoutesRequests.php(342): Laravel\Lumen\Application->callControllerCallable()
#7 /var/www/html/efms/api/vendor/laravel/lumen-framework/src/Concerns/RoutesRequests.php(316): Laravel\Lumen\Application->callLumenController()
#8 /var/www/html/efms/api/vendor/laravel/lumen-framework/src/Concerns/RoutesRequests.php(278): Laravel\Lumen\Application->callControllerAction()
#9 /var/www/html/efms/api/vendor/laravel/lumen-framework/src/Concerns/RoutesRequests.php(258): Laravel\Lumen\Application->callActionOnArrayBasedRoute()
#10 [internal function]: Laravel\Lumen\Application->Laravel\Lumen\Concerns\{closure}()
#11 /var/www/html/efms/api/vendor/laravel/lumen-framework/src/Routing/Pipeline.php(52): call_user_func()
#12 /var/www/html/efms/api/app/Http/Middleware/Authenticate.php(64): Laravel\Lumen\Routing\Pipeline->Laravel\Lumen\Routing\{closure}()
#13 /var/www/html/efms/api/vendor/illuminate/pipeline/Pipeline.php(163): App\Http\Middleware\Authenticate->handle()
#14 [internal function]: Illuminate\Pipeline\Pipeline->Illuminate\Pipeline\{closure}()
#15 /var/www/html/efms/api/vendor/laravel/lumen-framework/src/Routing/Pipeline.php(32): call_user_func()
#16 /var/www/html/efms/api/vendor/illuminate/pipeline/Pipeline.php(104): Laravel\Lumen\Routing\Pipeline->Laravel\Lumen\Routing\{closure}()
#17 /var/www/html/efms/api/vendor/laravel/lumen-framework/src/Concerns/RoutesRequests.php(413): Illuminate\Pipeline\Pipeline->then()
#18 /var/www/html/efms/api/vendor/laravel/lumen-framework/src/Concerns/RoutesRequests.php(259): Laravel\Lumen\Application->sendThroughPipeline()
#19 /var/www/html/efms/api/vendor/laravel/lumen-framework/src/Concerns/RoutesRequests.php(233): Laravel\Lumen\Application->handleFoundRoute()
#20 /var/www/html/efms/api/vendor/laravel/lumen-framework/src/Concerns/RoutesRequests.php(169): Laravel\Lumen\Application->handleDispatcherResponse()
#21 /var/www/html/efms/api/vendor/laravel/lumen-framework/src/Concerns/RoutesRequests.php(416): Laravel\Lumen\Application->Laravel\Lumen\Concerns\{closure}()
#22 /var/www/html/efms/api/vendor/laravel/lumen-framework/src/Concerns/RoutesRequests.php(171): Laravel\Lumen\Application->sendThroughPipeline()
#23 /var/www/html/efms/api/vendor/laravel/lumen-framework/src/Concerns/RoutesRequests.php(108): Laravel\Lumen\Application->dispatch()
#24 /var/www/html/efms/api/public/index.php(28): Laravel\Lumen\Application->run()
#25 /var/www/html/efms/api/index.php(22): require_once('/var/www/html/e...')
#26 {main} {"exception":"[object] (Symfony\\Component\\Debug\\Exception\\FatalThrowableError(code: 0): Return value of App\\Http\\Controllers\\UserController::get_user() must be an instance of App\\Http\\Controllers\\mixed, instance of Illuminate\\Http\\JsonResponse returned at /var/www/html/efms/api/app/Http/Controllers/UserController.php:33)
[stacktrace]
#0 [internal function]: App\\Http\\Controllers\\UserController->get_user()
#1 /var/www/html/efms/api/vendor/illuminate/container/BoundMethod.php(32): call_user_func_array()
#2 /var/www/html/efms/api/vendor/illuminate/container/BoundMethod.php(90): Illuminate\\Container\\BoundMethod::Illuminate\\Container\\{closure}()
#3 /var/www/html/efms/api/vendor/illuminate/container/BoundMethod.php(34): Illuminate\\Container\\BoundMethod::callBoundMethod()
#4 /var/www/html/efms/api/vendor/illuminate/container/Container.php(576): Illuminate\\Container\\BoundMethod::call()
#5 /var/www/html/efms/api/vendor/laravel/lumen-framework/src/Concerns/RoutesRequests.php(376): Illuminate\\Container\\Container->call()
#6 /var/www/html/efms/api/vendor/laravel/lumen-framework/src/Concerns/RoutesRequests.php(342): Laravel\\Lumen\\Application->callControllerCallable()
#7 /var/www/html/efms/api/vendor/laravel/lumen-framework/src/Concerns/RoutesRequests.php(316): Laravel\\Lumen\\Application->callLumenController()
#8 /var/www/html/efms/api/vendor/laravel/lumen-framework/src/Concerns/RoutesRequests.php(278): Laravel\\Lumen\\Application->callControllerAction()
#9 /var/www/html/efms/api/vendor/laravel/lumen-framework/src/Concerns/RoutesRequests.php(258): Laravel\\Lumen\\Application->callActionOnArrayBasedRoute()
#10 [internal function]: Laravel\\Lumen\\Application->Laravel\\Lumen\\Concerns\\{closure}()
#11 /var/www/html/efms/api/vendor/laravel/lumen-framework/src/Routing/Pipeline.php(52): call_user_func()
#12 /var/www/html/efms/api/app/Http/Middleware/Authenticate.php(64): Laravel\\Lumen\\Routing\\Pipeline->Laravel\\Lumen\\Routing\\{closure}()
#13 /var/www/html/efms/api/vendor/illuminate/pipeline/Pipeline.php(163): App\\Http\\Middleware\\Authenticate->handle()
#14 [internal function]: Illuminate\\Pipeline\\Pipeline->Illuminate\\Pipeline\\{closure}()
#15 /var/www/html/efms/api/vendor/laravel/lumen-framework/src/Routing/Pipeline.php(32): call_user_func()
#16 /var/www/html/efms/api/vendor/illuminate/pipeline/Pipeline.php(104): Laravel\\Lumen\\Routing\\Pipeline->Laravel\\Lumen\\Routing\\{closure}()
#17 /var/www/html/efms/api/vendor/laravel/lumen-framework/src/Concerns/RoutesRequests.php(413): Illuminate\\Pipeline\\Pipeline->then()
#18 /var/www/html/efms/api/vendor/laravel/lumen-framework/src/Concerns/RoutesRequests.php(259): Laravel\\Lumen\\Application->sendThroughPipeline()
#19 /var/www/html/efms/api/vendor/laravel/lumen-framework/src/Concerns/RoutesRequests.php(233): Laravel\\Lumen\\Application->handleFoundRoute()
#20 /var/www/html/efms/api/vendor/laravel/lumen-framework/src/Concerns/RoutesRequests.php(169): Laravel\\Lumen\\Application->handleDispatcherResponse()
#21 /var/www/html/efms/api/vendor/laravel/lumen-framework/src/Concerns/RoutesRequests.php(416): Laravel\\Lumen\\Application->Laravel\\Lumen\\Concerns\\{closure}()
#22 /var/www/html/efms/api/vendor/laravel/lumen-framework/src/Concerns/RoutesRequests.php(171): Laravel\\Lumen\\Application->sendThroughPipeline()
#23 /var/www/html/efms/api/vendor/laravel/lumen-framework/src/Concerns/RoutesRequests.php(108): Laravel\\Lumen\\Application->dispatch()
#24 /var/www/html/efms/api/public/index.php(28): Laravel\\Lumen\\Application->run()
#25 /var/www/html/efms/api/index.php(22): require_once('/var/www/html/e...')
#26 {main}
"} 
[2025-09-04 11:17:46] staging.ERROR: Symfony\Component\Debug\Exception\FatalThrowableError: Return value of App\Http\Controllers\UserController::get_user() must be an instance of App\Http\Controllers\mixed, instance of Illuminate\Http\JsonResponse returned in /var/www/html/efms/api/app/Http/Controllers/UserController.php:33
Stack trace:
#0 [internal function]: App\Http\Controllers\UserController->get_user()
#1 /var/www/html/efms/api/vendor/illuminate/container/BoundMethod.php(32): call_user_func_array()
#2 /var/www/html/efms/api/vendor/illuminate/container/BoundMethod.php(90): Illuminate\Container\BoundMethod::Illuminate\Container\{closure}()
#3 /var/www/html/efms/api/vendor/illuminate/container/BoundMethod.php(34): Illuminate\Container\BoundMethod::callBoundMethod()
#4 /var/www/html/efms/api/vendor/illuminate/container/Container.php(576): Illuminate\Container\BoundMethod::call()
#5 /var/www/html/efms/api/vendor/laravel/lumen-framework/src/Concerns/RoutesRequests.php(376): Illuminate\Container\Container->call()
#6 /var/www/html/efms/api/vendor/laravel/lumen-framework/src/Concerns/RoutesRequests.php(342): Laravel\Lumen\Application->callControllerCallable()
#7 /var/www/html/efms/api/vendor/laravel/lumen-framework/src/Concerns/RoutesRequests.php(316): Laravel\Lumen\Application->callLumenController()
#8 /var/www/html/efms/api/vendor/laravel/lumen-framework/src/Concerns/RoutesRequests.php(278): Laravel\Lumen\Application->callControllerAction()
#9 /var/www/html/efms/api/vendor/laravel/lumen-framework/src/Concerns/RoutesRequests.php(258): Laravel\Lumen\Application->callActionOnArrayBasedRoute()
#10 [internal function]: Laravel\Lumen\Application->Laravel\Lumen\Concerns\{closure}()
#11 /var/www/html/efms/api/vendor/laravel/lumen-framework/src/Routing/Pipeline.php(52): call_user_func()
#12 /var/www/html/efms/api/app/Http/Middleware/Authenticate.php(64): Laravel\Lumen\Routing\Pipeline->Laravel\Lumen\Routing\{closure}()
#13 /var/www/html/efms/api/vendor/illuminate/pipeline/Pipeline.php(163): App\Http\Middleware\Authenticate->handle()
#14 [internal function]: Illuminate\Pipeline\Pipeline->Illuminate\Pipeline\{closure}()
#15 /var/www/html/efms/api/vendor/laravel/lumen-framework/src/Routing/Pipeline.php(32): call_user_func()
#16 /var/www/html/efms/api/vendor/illuminate/pipeline/Pipeline.php(104): Laravel\Lumen\Routing\Pipeline->Laravel\Lumen\Routing\{closure}()
#17 /var/www/html/efms/api/vendor/laravel/lumen-framework/src/Concerns/RoutesRequests.php(413): Illuminate\Pipeline\Pipeline->then()
#18 /var/www/html/efms/api/vendor/laravel/lumen-framework/src/Concerns/RoutesRequests.php(259): Laravel\Lumen\Application->sendThroughPipeline()
#19 /var/www/html/efms/api/vendor/laravel/lumen-framework/src/Concerns/RoutesRequests.php(233): Laravel\Lumen\Application->handleFoundRoute()
#20 /var/www/html/efms/api/vendor/laravel/lumen-framework/src/Concerns/RoutesRequests.php(169): Laravel\Lumen\Application->handleDispatcherResponse()
#21 /var/www/html/efms/api/vendor/laravel/lumen-framework/src/Concerns/RoutesRequests.php(416): Laravel\Lumen\Application->Laravel\Lumen\Concerns\{closure}()
#22 /var/www/html/efms/api/vendor/laravel/lumen-framework/src/Concerns/RoutesRequests.php(171): Laravel\Lumen\Application->sendThroughPipeline()
#23 /var/www/html/efms/api/vendor/laravel/lumen-framework/src/Concerns/RoutesRequests.php(108): Laravel\Lumen\Application->dispatch()
#24 /var/www/html/efms/api/public/index.php(28): Laravel\Lumen\Application->run()
#25 /var/www/html/efms/api/index.php(22): require_once('/var/www/html/e...')
#26 {main} {"exception":"[object] (Symfony\\Component\\Debug\\Exception\\FatalThrowableError(code: 0): Return value of App\\Http\\Controllers\\UserController::get_user() must be an instance of App\\Http\\Controllers\\mixed, instance of Illuminate\\Http\\JsonResponse returned at /var/www/html/efms/api/app/Http/Controllers/UserController.php:33)
[stacktrace]
#0 [internal function]: App\\Http\\Controllers\\UserController->get_user()
#1 /var/www/html/efms/api/vendor/illuminate/container/BoundMethod.php(32): call_user_func_array()
#2 /var/www/html/efms/api/vendor/illuminate/container/BoundMethod.php(90): Illuminate\\Container\\BoundMethod::Illuminate\\Container\\{closure}()
#3 /var/www/html/efms/api/vendor/illuminate/container/BoundMethod.php(34): Illuminate\\Container\\BoundMethod::callBoundMethod()
#4 /var/www/html/efms/api/vendor/illuminate/container/Container.php(576): Illuminate\\Container\\BoundMethod::call()
#5 /var/www/html/efms/api/vendor/laravel/lumen-framework/src/Concerns/RoutesRequests.php(376): Illuminate\\Container\\Container->call()
#6 /var/www/html/efms/api/vendor/laravel/lumen-framework/src/Concerns/RoutesRequests.php(342): Laravel\\Lumen\\Application->callControllerCallable()
#7 /var/www/html/efms/api/vendor/laravel/lumen-framework/src/Concerns/RoutesRequests.php(316): Laravel\\Lumen\\Application->callLumenController()
#8 /var/www/html/efms/api/vendor/laravel/lumen-framework/src/Concerns/RoutesRequests.php(278): Laravel\\Lumen\\Application->callControllerAction()
#9 /var/www/html/efms/api/vendor/laravel/lumen-framework/src/Concerns/RoutesRequests.php(258): Laravel\\Lumen\\Application->callActionOnArrayBasedRoute()
#10 [internal function]: Laravel\\Lumen\\Application->Laravel\\Lumen\\Concerns\\{closure}()
#11 /var/www/html/efms/api/vendor/laravel/lumen-framework/src/Routing/Pipeline.php(52): call_user_func()
#12 /var/www/html/efms/api/app/Http/Middleware/Authenticate.php(64): Laravel\\Lumen\\Routing\\Pipeline->Laravel\\Lumen\\Routing\\{closure}()
#13 /var/www/html/efms/api/vendor/illuminate/pipeline/Pipeline.php(163): App\\Http\\Middleware\\Authenticate->handle()
#14 [internal function]: Illuminate\\Pipeline\\Pipeline->Illuminate\\Pipeline\\{closure}()
#15 /var/www/html/efms/api/vendor/laravel/lumen-framework/src/Routing/Pipeline.php(32): call_user_func()
#16 /var/www/html/efms/api/vendor/illuminate/pipeline/Pipeline.php(104): Laravel\\Lumen\\Routing\\Pipeline->Laravel\\Lumen\\Routing\\{closure}()
#17 /var/www/html/efms/api/vendor/laravel/lumen-framework/src/Concerns/RoutesRequests.php(413): Illuminate\\Pipeline\\Pipeline->then()
#18 /var/www/html/efms/api/vendor/laravel/lumen-framework/src/Concerns/RoutesRequests.php(259): Laravel\\Lumen\\Application->sendThroughPipeline()
#19 /var/www/html/efms/api/vendor/laravel/lumen-framework/src/Concerns/RoutesRequests.php(233): Laravel\\Lumen\\Application->handleFoundRoute()
#20 /var/www/html/efms/api/vendor/laravel/lumen-framework/src/Concerns/RoutesRequests.php(169): Laravel\\Lumen\\Application->handleDispatcherResponse()
#21 /var/www/html/efms/api/vendor/laravel/lumen-framework/src/Concerns/RoutesRequests.php(416): Laravel\\Lumen\\Application->Laravel\\Lumen\\Concerns\\{closure}()
#22 /var/www/html/efms/api/vendor/laravel/lumen-framework/src/Concerns/RoutesRequests.php(171): Laravel\\Lumen\\Application->sendThroughPipeline()
#23 /var/www/html/efms/api/vendor/laravel/lumen-framework/src/Concerns/RoutesRequests.php(108): Laravel\\Lumen\\Application->dispatch()
#24 /var/www/html/efms/api/public/index.php(28): Laravel\\Lumen\\Application->run()
#25 /var/www/html/efms/api/index.php(22): require_once('/var/www/html/e...')
#26 {main}
"} 
[2025-09-04 11:17:55] staging.ERROR: Symfony\Component\Debug\Exception\FatalThrowableError: Return value of App\Http\Controllers\UserController::get_user() must be an instance of App\Http\Controllers\mixed, instance of Illuminate\Http\JsonResponse returned in /var/www/html/efms/api/app/Http/Controllers/UserController.php:38
Stack trace:
#0 [internal function]: App\Http\Controllers\UserController->get_user()
#1 /var/www/html/efms/api/vendor/illuminate/container/BoundMethod.php(32): call_user_func_array()
#2 /var/www/html/efms/api/vendor/illuminate/container/BoundMethod.php(90): Illuminate\Container\BoundMethod::Illuminate\Container\{closure}()
#3 /var/www/html/efms/api/vendor/illuminate/container/BoundMethod.php(34): Illuminate\Container\BoundMethod::callBoundMethod()
#4 /var/www/html/efms/api/vendor/illuminate/container/Container.php(576): Illuminate\Container\BoundMethod::call()
#5 /var/www/html/efms/api/vendor/laravel/lumen-framework/src/Concerns/RoutesRequests.php(376): Illuminate\Container\Container->call()
#6 /var/www/html/efms/api/vendor/laravel/lumen-framework/src/Concerns/RoutesRequests.php(342): Laravel\Lumen\Application->callControllerCallable()
#7 /var/www/html/efms/api/vendor/laravel/lumen-framework/src/Concerns/RoutesRequests.php(316): Laravel\Lumen\Application->callLumenController()
#8 /var/www/html/efms/api/vendor/laravel/lumen-framework/src/Concerns/RoutesRequests.php(278): Laravel\Lumen\Application->callControllerAction()
#9 /var/www/html/efms/api/vendor/laravel/lumen-framework/src/Concerns/RoutesRequests.php(258): Laravel\Lumen\Application->callActionOnArrayBasedRoute()
#10 [internal function]: Laravel\Lumen\Application->Laravel\Lumen\Concerns\{closure}()
#11 /var/www/html/efms/api/vendor/laravel/lumen-framework/src/Routing/Pipeline.php(52): call_user_func()
#12 /var/www/html/efms/api/app/Http/Middleware/Authenticate.php(64): Laravel\Lumen\Routing\Pipeline->Laravel\Lumen\Routing\{closure}()
#13 /var/www/html/efms/api/vendor/illuminate/pipeline/Pipeline.php(163): App\Http\Middleware\Authenticate->handle()
#14 [internal function]: Illuminate\Pipeline\Pipeline->Illuminate\Pipeline\{closure}()
#15 /var/www/html/efms/api/vendor/laravel/lumen-framework/src/Routing/Pipeline.php(32): call_user_func()
#16 /var/www/html/efms/api/vendor/illuminate/pipeline/Pipeline.php(104): Laravel\Lumen\Routing\Pipeline->Laravel\Lumen\Routing\{closure}()
#17 /var/www/html/efms/api/vendor/laravel/lumen-framework/src/Concerns/RoutesRequests.php(413): Illuminate\Pipeline\Pipeline->then()
#18 /var/www/html/efms/api/vendor/laravel/lumen-framework/src/Concerns/RoutesRequests.php(259): Laravel\Lumen\Application->sendThroughPipeline()
#19 /var/www/html/efms/api/vendor/laravel/lumen-framework/src/Concerns/RoutesRequests.php(233): Laravel\Lumen\Application->handleFoundRoute()
#20 /var/www/html/efms/api/vendor/laravel/lumen-framework/src/Concerns/RoutesRequests.php(169): Laravel\Lumen\Application->handleDispatcherResponse()
#21 /var/www/html/efms/api/vendor/laravel/lumen-framework/src/Concerns/RoutesRequests.php(416): Laravel\Lumen\Application->Laravel\Lumen\Concerns\{closure}()
#22 /var/www/html/efms/api/vendor/laravel/lumen-framework/src/Concerns/RoutesRequests.php(171): Laravel\Lumen\Application->sendThroughPipeline()
#23 /var/www/html/efms/api/vendor/laravel/lumen-framework/src/Concerns/RoutesRequests.php(108): Laravel\Lumen\Application->dispatch()
#24 /var/www/html/efms/api/public/index.php(28): Laravel\Lumen\Application->run()
#25 /var/www/html/efms/api/index.php(22): require_once('/var/www/html/e...')
#26 {main} {"exception":"[object] (Symfony\\Component\\Debug\\Exception\\FatalThrowableError(code: 0): Return value of App\\Http\\Controllers\\UserController::get_user() must be an instance of App\\Http\\Controllers\\mixed, instance of Illuminate\\Http\\JsonResponse returned at /var/www/html/efms/api/app/Http/Controllers/UserController.php:38)
[stacktrace]
#0 [internal function]: App\\Http\\Controllers\\UserController->get_user()
#1 /var/www/html/efms/api/vendor/illuminate/container/BoundMethod.php(32): call_user_func_array()
#2 /var/www/html/efms/api/vendor/illuminate/container/BoundMethod.php(90): Illuminate\\Container\\BoundMethod::Illuminate\\Container\\{closure}()
#3 /var/www/html/efms/api/vendor/illuminate/container/BoundMethod.php(34): Illuminate\\Container\\BoundMethod::callBoundMethod()
#4 /var/www/html/efms/api/vendor/illuminate/container/Container.php(576): Illuminate\\Container\\BoundMethod::call()
#5 /var/www/html/efms/api/vendor/laravel/lumen-framework/src/Concerns/RoutesRequests.php(376): Illuminate\\Container\\Container->call()
#6 /var/www/html/efms/api/vendor/laravel/lumen-framework/src/Concerns/RoutesRequests.php(342): Laravel\\Lumen\\Application->callControllerCallable()
#7 /var/www/html/efms/api/vendor/laravel/lumen-framework/src/Concerns/RoutesRequests.php(316): Laravel\\Lumen\\Application->callLumenController()
#8 /var/www/html/efms/api/vendor/laravel/lumen-framework/src/Concerns/RoutesRequests.php(278): Laravel\\Lumen\\Application->callControllerAction()
#9 /var/www/html/efms/api/vendor/laravel/lumen-framework/src/Concerns/RoutesRequests.php(258): Laravel\\Lumen\\Application->callActionOnArrayBasedRoute()
#10 [internal function]: Laravel\\Lumen\\Application->Laravel\\Lumen\\Concerns\\{closure}()
#11 /var/www/html/efms/api/vendor/laravel/lumen-framework/src/Routing/Pipeline.php(52): call_user_func()
#12 /var/www/html/efms/api/app/Http/Middleware/Authenticate.php(64): Laravel\\Lumen\\Routing\\Pipeline->Laravel\\Lumen\\Routing\\{closure}()
#13 /var/www/html/efms/api/vendor/illuminate/pipeline/Pipeline.php(163): App\\Http\\Middleware\\Authenticate->handle()
#14 [internal function]: Illuminate\\Pipeline\\Pipeline->Illuminate\\Pipeline\\{closure}()
#15 /var/www/html/efms/api/vendor/laravel/lumen-framework/src/Routing/Pipeline.php(32): call_user_func()
#16 /var/www/html/efms/api/vendor/illuminate/pipeline/Pipeline.php(104): Laravel\\Lumen\\Routing\\Pipeline->Laravel\\Lumen\\Routing\\{closure}()
#17 /var/www/html/efms/api/vendor/laravel/lumen-framework/src/Concerns/RoutesRequests.php(413): Illuminate\\Pipeline\\Pipeline->then()
#18 /var/www/html/efms/api/vendor/laravel/lumen-framework/src/Concerns/RoutesRequests.php(259): Laravel\\Lumen\\Application->sendThroughPipeline()
#19 /var/www/html/efms/api/vendor/laravel/lumen-framework/src/Concerns/RoutesRequests.php(233): Laravel\\Lumen\\Application->handleFoundRoute()
#20 /var/www/html/efms/api/vendor/laravel/lumen-framework/src/Concerns/RoutesRequests.php(169): Laravel\\Lumen\\Application->handleDispatcherResponse()
#21 /var/www/html/efms/api/vendor/laravel/lumen-framework/src/Concerns/RoutesRequests.php(416): Laravel\\Lumen\\Application->Laravel\\Lumen\\Concerns\\{closure}()
#22 /var/www/html/efms/api/vendor/laravel/lumen-framework/src/Concerns/RoutesRequests.php(171): Laravel\\Lumen\\Application->sendThroughPipeline()
#23 /var/www/html/efms/api/vendor/laravel/lumen-framework/src/Concerns/RoutesRequests.php(108): Laravel\\Lumen\\Application->dispatch()
#24 /var/www/html/efms/api/public/index.php(28): Laravel\\Lumen\\Application->run()
#25 /var/www/html/efms/api/index.php(22): require_once('/var/www/html/e...')
#26 {main}
"} 
[2025-09-04 11:18:48] staging.ERROR: Symfony\Component\Debug\Exception\FatalThrowableError: Return value of App\Http\Controllers\UserController::get_user() must be an instance of App\Http\Controllers\mixed, instance of Illuminate\Http\JsonResponse returned in /var/www/html/efms/api/app/Http/Controllers/UserController.php:38
Stack trace:
#0 [internal function]: App\Http\Controllers\UserController->get_user()
#1 /var/www/html/efms/api/vendor/illuminate/container/BoundMethod.php(32): call_user_func_array()
#2 /var/www/html/efms/api/vendor/illuminate/container/BoundMethod.php(90): Illuminate\Container\BoundMethod::Illuminate\Container\{closure}()
#3 /var/www/html/efms/api/vendor/illuminate/container/BoundMethod.php(34): Illuminate\Container\BoundMethod::callBoundMethod()
#4 /var/www/html/efms/api/vendor/illuminate/container/Container.php(576): Illuminate\Container\BoundMethod::call()
#5 /var/www/html/efms/api/vendor/laravel/lumen-framework/src/Concerns/RoutesRequests.php(376): Illuminate\Container\Container->call()
#6 /var/www/html/efms/api/vendor/laravel/lumen-framework/src/Concerns/RoutesRequests.php(342): Laravel\Lumen\Application->callControllerCallable()
#7 /var/www/html/efms/api/vendor/laravel/lumen-framework/src/Concerns/RoutesRequests.php(316): Laravel\Lumen\Application->callLumenController()
#8 /var/www/html/efms/api/vendor/laravel/lumen-framework/src/Concerns/RoutesRequests.php(278): Laravel\Lumen\Application->callControllerAction()
#9 /var/www/html/efms/api/vendor/laravel/lumen-framework/src/Concerns/RoutesRequests.php(258): Laravel\Lumen\Application->callActionOnArrayBasedRoute()
#10 [internal function]: Laravel\Lumen\Application->Laravel\Lumen\Concerns\{closure}()
#11 /var/www/html/efms/api/vendor/laravel/lumen-framework/src/Routing/Pipeline.php(52): call_user_func()
#12 /var/www/html/efms/api/app/Http/Middleware/Authenticate.php(64): Laravel\Lumen\Routing\Pipeline->Laravel\Lumen\Routing\{closure}()
#13 /var/www/html/efms/api/vendor/illuminate/pipeline/Pipeline.php(163): App\Http\Middleware\Authenticate->handle()
#14 [internal function]: Illuminate\Pipeline\Pipeline->Illuminate\Pipeline\{closure}()
#15 /var/www/html/efms/api/vendor/laravel/lumen-framework/src/Routing/Pipeline.php(32): call_user_func()
#16 /var/www/html/efms/api/vendor/illuminate/pipeline/Pipeline.php(104): Laravel\Lumen\Routing\Pipeline->Laravel\Lumen\Routing\{closure}()
#17 /var/www/html/efms/api/vendor/laravel/lumen-framework/src/Concerns/RoutesRequests.php(413): Illuminate\Pipeline\Pipeline->then()
#18 /var/www/html/efms/api/vendor/laravel/lumen-framework/src/Concerns/RoutesRequests.php(259): Laravel\Lumen\Application->sendThroughPipeline()
#19 /var/www/html/efms/api/vendor/laravel/lumen-framework/src/Concerns/RoutesRequests.php(233): Laravel\Lumen\Application->handleFoundRoute()
#20 /var/www/html/efms/api/vendor/laravel/lumen-framework/src/Concerns/RoutesRequests.php(169): Laravel\Lumen\Application->handleDispatcherResponse()
#21 /var/www/html/efms/api/vendor/laravel/lumen-framework/src/Concerns/RoutesRequests.php(416): Laravel\Lumen\Application->Laravel\Lumen\Concerns\{closure}()
#22 /var/www/html/efms/api/vendor/laravel/lumen-framework/src/Concerns/RoutesRequests.php(171): Laravel\Lumen\Application->sendThroughPipeline()
#23 /var/www/html/efms/api/vendor/laravel/lumen-framework/src/Concerns/RoutesRequests.php(108): Laravel\Lumen\Application->dispatch()
#24 /var/www/html/efms/api/public/index.php(28): Laravel\Lumen\Application->run()
#25 /var/www/html/efms/api/index.php(22): require_once('/var/www/html/e...')
#26 {main} {"exception":"[object] (Symfony\\Component\\Debug\\Exception\\FatalThrowableError(code: 0): Return value of App\\Http\\Controllers\\UserController::get_user() must be an instance of App\\Http\\Controllers\\mixed, instance of Illuminate\\Http\\JsonResponse returned at /var/www/html/efms/api/app/Http/Controllers/UserController.php:38)
[stacktrace]
#0 [internal function]: App\\Http\\Controllers\\UserController->get_user()
#1 /var/www/html/efms/api/vendor/illuminate/container/BoundMethod.php(32): call_user_func_array()
#2 /var/www/html/efms/api/vendor/illuminate/container/BoundMethod.php(90): Illuminate\\Container\\BoundMethod::Illuminate\\Container\\{closure}()
#3 /var/www/html/efms/api/vendor/illuminate/container/BoundMethod.php(34): Illuminate\\Container\\BoundMethod::callBoundMethod()
#4 /var/www/html/efms/api/vendor/illuminate/container/Container.php(576): Illuminate\\Container\\BoundMethod::call()
#5 /var/www/html/efms/api/vendor/laravel/lumen-framework/src/Concerns/RoutesRequests.php(376): Illuminate\\Container\\Container->call()
#6 /var/www/html/efms/api/vendor/laravel/lumen-framework/src/Concerns/RoutesRequests.php(342): Laravel\\Lumen\\Application->callControllerCallable()
#7 /var/www/html/efms/api/vendor/laravel/lumen-framework/src/Concerns/RoutesRequests.php(316): Laravel\\Lumen\\Application->callLumenController()
#8 /var/www/html/efms/api/vendor/laravel/lumen-framework/src/Concerns/RoutesRequests.php(278): Laravel\\Lumen\\Application->callControllerAction()
#9 /var/www/html/efms/api/vendor/laravel/lumen-framework/src/Concerns/RoutesRequests.php(258): Laravel\\Lumen\\Application->callActionOnArrayBasedRoute()
#10 [internal function]: Laravel\\Lumen\\Application->Laravel\\Lumen\\Concerns\\{closure}()
#11 /var/www/html/efms/api/vendor/laravel/lumen-framework/src/Routing/Pipeline.php(52): call_user_func()
#12 /var/www/html/efms/api/app/Http/Middleware/Authenticate.php(64): Laravel\\Lumen\\Routing\\Pipeline->Laravel\\Lumen\\Routing\\{closure}()
#13 /var/www/html/efms/api/vendor/illuminate/pipeline/Pipeline.php(163): App\\Http\\Middleware\\Authenticate->handle()
#14 [internal function]: Illuminate\\Pipeline\\Pipeline->Illuminate\\Pipeline\\{closure}()
#15 /var/www/html/efms/api/vendor/laravel/lumen-framework/src/Routing/Pipeline.php(32): call_user_func()
#16 /var/www/html/efms/api/vendor/illuminate/pipeline/Pipeline.php(104): Laravel\\Lumen\\Routing\\Pipeline->Laravel\\Lumen\\Routing\\{closure}()
#17 /var/www/html/efms/api/vendor/laravel/lumen-framework/src/Concerns/RoutesRequests.php(413): Illuminate\\Pipeline\\Pipeline->then()
#18 /var/www/html/efms/api/vendor/laravel/lumen-framework/src/Concerns/RoutesRequests.php(259): Laravel\\Lumen\\Application->sendThroughPipeline()
#19 /var/www/html/efms/api/vendor/laravel/lumen-framework/src/Concerns/RoutesRequests.php(233): Laravel\\Lumen\\Application->handleFoundRoute()
#20 /var/www/html/efms/api/vendor/laravel/lumen-framework/src/Concerns/RoutesRequests.php(169): Laravel\\Lumen\\Application->handleDispatcherResponse()
#21 /var/www/html/efms/api/vendor/laravel/lumen-framework/src/Concerns/RoutesRequests.php(416): Laravel\\Lumen\\Application->Laravel\\Lumen\\Concerns\\{closure}()
#22 /var/www/html/efms/api/vendor/laravel/lumen-framework/src/Concerns/RoutesRequests.php(171): Laravel\\Lumen\\Application->sendThroughPipeline()
#23 /var/www/html/efms/api/vendor/laravel/lumen-framework/src/Concerns/RoutesRequests.php(108): Laravel\\Lumen\\Application->dispatch()
#24 /var/www/html/efms/api/public/index.php(28): Laravel\\Lumen\\Application->run()
#25 /var/www/html/efms/api/index.php(22): require_once('/var/www/html/e...')
#26 {main}
"} 
