[2025-09-24 10:50:30] staging.ERROR: Symfony\Component\Debug\Exception\FatalThrowableError: syntax error, unexpected 'public' (T_PUBLIC) in /var/www/html/efms/api/app/Http/Controllers/DapaController.php:87
Stack trace:
#0 /var/www/html/efms/api/vendor/composer/ClassLoader.php(322): Composer\Autoload\includeFile()
#1 [internal function]: Composer\Autoload\ClassLoader->loadClass()
#2 [internal function]: spl_autoload_call()
#3 /var/www/html/efms/api/vendor/illuminate/container/Container.php(788): ReflectionClass->__construct()
#4 /var/www/html/efms/api/vendor/illuminate/container/Container.php(667): Illuminate\Container\Container->build()
#5 /var/www/html/efms/api/vendor/illuminate/container/Container.php(615): Illuminate\Container\Container->resolve()
#6 /var/www/html/efms/api/vendor/laravel/lumen-framework/src/Application.php(267): Illuminate\Container\Container->make()
#7 /var/www/html/efms/api/vendor/laravel/lumen-framework/src/Concerns/RoutesRequests.php(311): Laravel\Lumen\Application->make()
#8 /var/www/html/efms/api/vendor/laravel/lumen-framework/src/Concerns/RoutesRequests.php(278): Laravel\Lumen\Application->callControllerAction()
#9 /var/www/html/efms/api/vendor/laravel/lumen-framework/src/Concerns/RoutesRequests.php(258): Laravel\Lumen\Application->callActionOnArrayBasedRoute()
#10 [internal function]: Laravel\Lumen\Application->Laravel\Lumen\Concerns\{closure}()
#11 /var/www/html/efms/api/vendor/laravel/lumen-framework/src/Routing/Pipeline.php(52): call_user_func()
#12 /var/www/html/efms/api/app/Http/Middleware/Authenticate.php(64): Laravel\Lumen\Routing\Pipeline->Laravel\Lumen\Routing\{closure}()
#13 /var/www/html/efms/api/vendor/illuminate/pipeline/Pipeline.php(163): App\Http\Middleware\Authenticate->handle()
#14 [internal function]: Illuminate\Pipeline\Pipeline->Illuminate\Pipeline\{closure}()
#15 /var/www/html/efms/api/vendor/laravel/lumen-framework/src/Routing/Pipeline.php(32): call_user_func()
#16 /var/www/html/efms/api/vendor/illuminate/pipeline/Pipeline.php(104): Laravel\Lumen\Routing\Pipeline->Laravel\Lumen\Routing\{closure}()
#17 /var/www/html/efms/api/vendor/laravel/lumen-framework/src/Concerns/RoutesRequests.php(413): Illuminate\Pipeline\Pipeline->then()
#18 /var/www/html/efms/api/vendor/laravel/lumen-framework/src/Concerns/RoutesRequests.php(259): Laravel\Lumen\Application->sendThroughPipeline()
#19 /var/www/html/efms/api/vendor/laravel/lumen-framework/src/Concerns/RoutesRequests.php(233): Laravel\Lumen\Application->handleFoundRoute()
#20 /var/www/html/efms/api/vendor/laravel/lumen-framework/src/Concerns/RoutesRequests.php(169): Laravel\Lumen\Application->handleDispatcherResponse()
#21 /var/www/html/efms/api/vendor/laravel/lumen-framework/src/Concerns/RoutesRequests.php(416): Laravel\Lumen\Application->Laravel\Lumen\Concerns\{closure}()
#22 /var/www/html/efms/api/vendor/laravel/lumen-framework/src/Concerns/RoutesRequests.php(171): Laravel\Lumen\Application->sendThroughPipeline()
#23 /var/www/html/efms/api/vendor/laravel/lumen-framework/src/Concerns/RoutesRequests.php(108): Laravel\Lumen\Application->dispatch()
#24 /var/www/html/efms/api/public/index.php(28): Laravel\Lumen\Application->run()
#25 /var/www/html/efms/api/index.php(22): require_once('/var/www/html/e...')
#26 {main} {"exception":"[object] (Symfony\\Component\\Debug\\Exception\\FatalThrowableError(code: 0): syntax error, unexpected 'public' (T_PUBLIC) at /var/www/html/efms/api/app/Http/Controllers/DapaController.php:87)
[stacktrace]
#0 /var/www/html/efms/api/vendor/composer/ClassLoader.php(322): Composer\\Autoload\\includeFile()
#1 [internal function]: Composer\\Autoload\\ClassLoader->loadClass()
#2 [internal function]: spl_autoload_call()
#3 /var/www/html/efms/api/vendor/illuminate/container/Container.php(788): ReflectionClass->__construct()
#4 /var/www/html/efms/api/vendor/illuminate/container/Container.php(667): Illuminate\\Container\\Container->build()
#5 /var/www/html/efms/api/vendor/illuminate/container/Container.php(615): Illuminate\\Container\\Container->resolve()
#6 /var/www/html/efms/api/vendor/laravel/lumen-framework/src/Application.php(267): Illuminate\\Container\\Container->make()
#7 /var/www/html/efms/api/vendor/laravel/lumen-framework/src/Concerns/RoutesRequests.php(311): Laravel\\Lumen\\Application->make()
#8 /var/www/html/efms/api/vendor/laravel/lumen-framework/src/Concerns/RoutesRequests.php(278): Laravel\\Lumen\\Application->callControllerAction()
#9 /var/www/html/efms/api/vendor/laravel/lumen-framework/src/Concerns/RoutesRequests.php(258): Laravel\\Lumen\\Application->callActionOnArrayBasedRoute()
#10 [internal function]: Laravel\\Lumen\\Application->Laravel\\Lumen\\Concerns\\{closure}()
#11 /var/www/html/efms/api/vendor/laravel/lumen-framework/src/Routing/Pipeline.php(52): call_user_func()
#12 /var/www/html/efms/api/app/Http/Middleware/Authenticate.php(64): Laravel\\Lumen\\Routing\\Pipeline->Laravel\\Lumen\\Routing\\{closure}()
#13 /var/www/html/efms/api/vendor/illuminate/pipeline/Pipeline.php(163): App\\Http\\Middleware\\Authenticate->handle()
#14 [internal function]: Illuminate\\Pipeline\\Pipeline->Illuminate\\Pipeline\\{closure}()
#15 /var/www/html/efms/api/vendor/laravel/lumen-framework/src/Routing/Pipeline.php(32): call_user_func()
#16 /var/www/html/efms/api/vendor/illuminate/pipeline/Pipeline.php(104): Laravel\\Lumen\\Routing\\Pipeline->Laravel\\Lumen\\Routing\\{closure}()
#17 /var/www/html/efms/api/vendor/laravel/lumen-framework/src/Concerns/RoutesRequests.php(413): Illuminate\\Pipeline\\Pipeline->then()
#18 /var/www/html/efms/api/vendor/laravel/lumen-framework/src/Concerns/RoutesRequests.php(259): Laravel\\Lumen\\Application->sendThroughPipeline()
#19 /var/www/html/efms/api/vendor/laravel/lumen-framework/src/Concerns/RoutesRequests.php(233): Laravel\\Lumen\\Application->handleFoundRoute()
#20 /var/www/html/efms/api/vendor/laravel/lumen-framework/src/Concerns/RoutesRequests.php(169): Laravel\\Lumen\\Application->handleDispatcherResponse()
#21 /var/www/html/efms/api/vendor/laravel/lumen-framework/src/Concerns/RoutesRequests.php(416): Laravel\\Lumen\\Application->Laravel\\Lumen\\Concerns\\{closure}()
#22 /var/www/html/efms/api/vendor/laravel/lumen-framework/src/Concerns/RoutesRequests.php(171): Laravel\\Lumen\\Application->sendThroughPipeline()
#23 /var/www/html/efms/api/vendor/laravel/lumen-framework/src/Concerns/RoutesRequests.php(108): Laravel\\Lumen\\Application->dispatch()
#24 /var/www/html/efms/api/public/index.php(28): Laravel\\Lumen\\Application->run()
#25 /var/www/html/efms/api/index.php(22): require_once('/var/www/html/e...')
#26 {main}
"} 
[2025-09-24 14:53:27] staging.ERROR: Symfony\Component\Debug\Exception\FatalThrowableError: syntax error, unexpected end of file, expecting function (T_FUNCTION) or const (T_CONST) in /var/www/html/efms/api/app/Http/Controllers/DapaController.php:111
Stack trace:
#0 /var/www/html/efms/api/vendor/composer/ClassLoader.php(322): Composer\Autoload\includeFile()
#1 [internal function]: Composer\Autoload\ClassLoader->loadClass()
#2 [internal function]: spl_autoload_call()
#3 /var/www/html/efms/api/vendor/illuminate/container/Container.php(788): ReflectionClass->__construct()
#4 /var/www/html/efms/api/vendor/illuminate/container/Container.php(667): Illuminate\Container\Container->build()
#5 /var/www/html/efms/api/vendor/illuminate/container/Container.php(615): Illuminate\Container\Container->resolve()
#6 /var/www/html/efms/api/vendor/laravel/lumen-framework/src/Application.php(267): Illuminate\Container\Container->make()
#7 /var/www/html/efms/api/vendor/laravel/lumen-framework/src/Concerns/RoutesRequests.php(311): Laravel\Lumen\Application->make()
#8 /var/www/html/efms/api/vendor/laravel/lumen-framework/src/Concerns/RoutesRequests.php(278): Laravel\Lumen\Application->callControllerAction()
#9 /var/www/html/efms/api/vendor/laravel/lumen-framework/src/Concerns/RoutesRequests.php(258): Laravel\Lumen\Application->callActionOnArrayBasedRoute()
#10 [internal function]: Laravel\Lumen\Application->Laravel\Lumen\Concerns\{closure}()
#11 /var/www/html/efms/api/vendor/laravel/lumen-framework/src/Routing/Pipeline.php(52): call_user_func()
#12 /var/www/html/efms/api/app/Http/Middleware/Authenticate.php(64): Laravel\Lumen\Routing\Pipeline->Laravel\Lumen\Routing\{closure}()
#13 /var/www/html/efms/api/vendor/illuminate/pipeline/Pipeline.php(163): App\Http\Middleware\Authenticate->handle()
#14 [internal function]: Illuminate\Pipeline\Pipeline->Illuminate\Pipeline\{closure}()
#15 /var/www/html/efms/api/vendor/laravel/lumen-framework/src/Routing/Pipeline.php(32): call_user_func()
#16 /var/www/html/efms/api/vendor/illuminate/pipeline/Pipeline.php(104): Laravel\Lumen\Routing\Pipeline->Laravel\Lumen\Routing\{closure}()
#17 /var/www/html/efms/api/vendor/laravel/lumen-framework/src/Concerns/RoutesRequests.php(413): Illuminate\Pipeline\Pipeline->then()
#18 /var/www/html/efms/api/vendor/laravel/lumen-framework/src/Concerns/RoutesRequests.php(259): Laravel\Lumen\Application->sendThroughPipeline()
#19 /var/www/html/efms/api/vendor/laravel/lumen-framework/src/Concerns/RoutesRequests.php(233): Laravel\Lumen\Application->handleFoundRoute()
#20 /var/www/html/efms/api/vendor/laravel/lumen-framework/src/Concerns/RoutesRequests.php(169): Laravel\Lumen\Application->handleDispatcherResponse()
#21 /var/www/html/efms/api/vendor/laravel/lumen-framework/src/Concerns/RoutesRequests.php(416): Laravel\Lumen\Application->Laravel\Lumen\Concerns\{closure}()
#22 /var/www/html/efms/api/vendor/laravel/lumen-framework/src/Concerns/RoutesRequests.php(171): Laravel\Lumen\Application->sendThroughPipeline()
#23 /var/www/html/efms/api/vendor/laravel/lumen-framework/src/Concerns/RoutesRequests.php(108): Laravel\Lumen\Application->dispatch()
#24 /var/www/html/efms/api/public/index.php(28): Laravel\Lumen\Application->run()
#25 /var/www/html/efms/api/index.php(22): require_once('/var/www/html/e...')
#26 {main} {"exception":"[object] (Symfony\\Component\\Debug\\Exception\\FatalThrowableError(code: 0): syntax error, unexpected end of file, expecting function (T_FUNCTION) or const (T_CONST) at /var/www/html/efms/api/app/Http/Controllers/DapaController.php:111)
[stacktrace]
#0 /var/www/html/efms/api/vendor/composer/ClassLoader.php(322): Composer\\Autoload\\includeFile()
#1 [internal function]: Composer\\Autoload\\ClassLoader->loadClass()
#2 [internal function]: spl_autoload_call()
#3 /var/www/html/efms/api/vendor/illuminate/container/Container.php(788): ReflectionClass->__construct()
#4 /var/www/html/efms/api/vendor/illuminate/container/Container.php(667): Illuminate\\Container\\Container->build()
#5 /var/www/html/efms/api/vendor/illuminate/container/Container.php(615): Illuminate\\Container\\Container->resolve()
#6 /var/www/html/efms/api/vendor/laravel/lumen-framework/src/Application.php(267): Illuminate\\Container\\Container->make()
#7 /var/www/html/efms/api/vendor/laravel/lumen-framework/src/Concerns/RoutesRequests.php(311): Laravel\\Lumen\\Application->make()
#8 /var/www/html/efms/api/vendor/laravel/lumen-framework/src/Concerns/RoutesRequests.php(278): Laravel\\Lumen\\Application->callControllerAction()
#9 /var/www/html/efms/api/vendor/laravel/lumen-framework/src/Concerns/RoutesRequests.php(258): Laravel\\Lumen\\Application->callActionOnArrayBasedRoute()
#10 [internal function]: Laravel\\Lumen\\Application->Laravel\\Lumen\\Concerns\\{closure}()
#11 /var/www/html/efms/api/vendor/laravel/lumen-framework/src/Routing/Pipeline.php(52): call_user_func()
#12 /var/www/html/efms/api/app/Http/Middleware/Authenticate.php(64): Laravel\\Lumen\\Routing\\Pipeline->Laravel\\Lumen\\Routing\\{closure}()
#13 /var/www/html/efms/api/vendor/illuminate/pipeline/Pipeline.php(163): App\\Http\\Middleware\\Authenticate->handle()
#14 [internal function]: Illuminate\\Pipeline\\Pipeline->Illuminate\\Pipeline\\{closure}()
#15 /var/www/html/efms/api/vendor/laravel/lumen-framework/src/Routing/Pipeline.php(32): call_user_func()
#16 /var/www/html/efms/api/vendor/illuminate/pipeline/Pipeline.php(104): Laravel\\Lumen\\Routing\\Pipeline->Laravel\\Lumen\\Routing\\{closure}()
#17 /var/www/html/efms/api/vendor/laravel/lumen-framework/src/Concerns/RoutesRequests.php(413): Illuminate\\Pipeline\\Pipeline->then()
#18 /var/www/html/efms/api/vendor/laravel/lumen-framework/src/Concerns/RoutesRequests.php(259): Laravel\\Lumen\\Application->sendThroughPipeline()
#19 /var/www/html/efms/api/vendor/laravel/lumen-framework/src/Concerns/RoutesRequests.php(233): Laravel\\Lumen\\Application->handleFoundRoute()
#20 /var/www/html/efms/api/vendor/laravel/lumen-framework/src/Concerns/RoutesRequests.php(169): Laravel\\Lumen\\Application->handleDispatcherResponse()
#21 /var/www/html/efms/api/vendor/laravel/lumen-framework/src/Concerns/RoutesRequests.php(416): Laravel\\Lumen\\Application->Laravel\\Lumen\\Concerns\\{closure}()
#22 /var/www/html/efms/api/vendor/laravel/lumen-framework/src/Concerns/RoutesRequests.php(171): Laravel\\Lumen\\Application->sendThroughPipeline()
#23 /var/www/html/efms/api/vendor/laravel/lumen-framework/src/Concerns/RoutesRequests.php(108): Laravel\\Lumen\\Application->dispatch()
#24 /var/www/html/efms/api/public/index.php(28): Laravel\\Lumen\\Application->run()
#25 /var/www/html/efms/api/index.php(22): require_once('/var/www/html/e...')
#26 {main}
"} 
[2025-09-24 14:54:02] staging.ERROR: Symfony\Component\Debug\Exception\FatalThrowableError: syntax error, unexpected '}', expecting ';' or ',' in /var/www/html/efms/api/app/Http/Controllers/DapaController.php:110
Stack trace:
#0 /var/www/html/efms/api/vendor/composer/ClassLoader.php(322): Composer\Autoload\includeFile()
#1 [internal function]: Composer\Autoload\ClassLoader->loadClass()
#2 [internal function]: spl_autoload_call()
#3 /var/www/html/efms/api/vendor/illuminate/container/Container.php(788): ReflectionClass->__construct()
#4 /var/www/html/efms/api/vendor/illuminate/container/Container.php(667): Illuminate\Container\Container->build()
#5 /var/www/html/efms/api/vendor/illuminate/container/Container.php(615): Illuminate\Container\Container->resolve()
#6 /var/www/html/efms/api/vendor/laravel/lumen-framework/src/Application.php(267): Illuminate\Container\Container->make()
#7 /var/www/html/efms/api/vendor/laravel/lumen-framework/src/Concerns/RoutesRequests.php(311): Laravel\Lumen\Application->make()
#8 /var/www/html/efms/api/vendor/laravel/lumen-framework/src/Concerns/RoutesRequests.php(278): Laravel\Lumen\Application->callControllerAction()
#9 /var/www/html/efms/api/vendor/laravel/lumen-framework/src/Concerns/RoutesRequests.php(258): Laravel\Lumen\Application->callActionOnArrayBasedRoute()
#10 [internal function]: Laravel\Lumen\Application->Laravel\Lumen\Concerns\{closure}()
#11 /var/www/html/efms/api/vendor/laravel/lumen-framework/src/Routing/Pipeline.php(52): call_user_func()
#12 /var/www/html/efms/api/app/Http/Middleware/Authenticate.php(64): Laravel\Lumen\Routing\Pipeline->Laravel\Lumen\Routing\{closure}()
#13 /var/www/html/efms/api/vendor/illuminate/pipeline/Pipeline.php(163): App\Http\Middleware\Authenticate->handle()
#14 [internal function]: Illuminate\Pipeline\Pipeline->Illuminate\Pipeline\{closure}()
#15 /var/www/html/efms/api/vendor/laravel/lumen-framework/src/Routing/Pipeline.php(32): call_user_func()
#16 /var/www/html/efms/api/vendor/illuminate/pipeline/Pipeline.php(104): Laravel\Lumen\Routing\Pipeline->Laravel\Lumen\Routing\{closure}()
#17 /var/www/html/efms/api/vendor/laravel/lumen-framework/src/Concerns/RoutesRequests.php(413): Illuminate\Pipeline\Pipeline->then()
#18 /var/www/html/efms/api/vendor/laravel/lumen-framework/src/Concerns/RoutesRequests.php(259): Laravel\Lumen\Application->sendThroughPipeline()
#19 /var/www/html/efms/api/vendor/laravel/lumen-framework/src/Concerns/RoutesRequests.php(233): Laravel\Lumen\Application->handleFoundRoute()
#20 /var/www/html/efms/api/vendor/laravel/lumen-framework/src/Concerns/RoutesRequests.php(169): Laravel\Lumen\Application->handleDispatcherResponse()
#21 /var/www/html/efms/api/vendor/laravel/lumen-framework/src/Concerns/RoutesRequests.php(416): Laravel\Lumen\Application->Laravel\Lumen\Concerns\{closure}()
#22 /var/www/html/efms/api/vendor/laravel/lumen-framework/src/Concerns/RoutesRequests.php(171): Laravel\Lumen\Application->sendThroughPipeline()
#23 /var/www/html/efms/api/vendor/laravel/lumen-framework/src/Concerns/RoutesRequests.php(108): Laravel\Lumen\Application->dispatch()
#24 /var/www/html/efms/api/public/index.php(28): Laravel\Lumen\Application->run()
#25 /var/www/html/efms/api/index.php(22): require_once('/var/www/html/e...')
#26 {main} {"exception":"[object] (Symfony\\Component\\Debug\\Exception\\FatalThrowableError(code: 0): syntax error, unexpected '}', expecting ';' or ',' at /var/www/html/efms/api/app/Http/Controllers/DapaController.php:110)
[stacktrace]
#0 /var/www/html/efms/api/vendor/composer/ClassLoader.php(322): Composer\\Autoload\\includeFile()
#1 [internal function]: Composer\\Autoload\\ClassLoader->loadClass()
#2 [internal function]: spl_autoload_call()
#3 /var/www/html/efms/api/vendor/illuminate/container/Container.php(788): ReflectionClass->__construct()
#4 /var/www/html/efms/api/vendor/illuminate/container/Container.php(667): Illuminate\\Container\\Container->build()
#5 /var/www/html/efms/api/vendor/illuminate/container/Container.php(615): Illuminate\\Container\\Container->resolve()
#6 /var/www/html/efms/api/vendor/laravel/lumen-framework/src/Application.php(267): Illuminate\\Container\\Container->make()
#7 /var/www/html/efms/api/vendor/laravel/lumen-framework/src/Concerns/RoutesRequests.php(311): Laravel\\Lumen\\Application->make()
#8 /var/www/html/efms/api/vendor/laravel/lumen-framework/src/Concerns/RoutesRequests.php(278): Laravel\\Lumen\\Application->callControllerAction()
#9 /var/www/html/efms/api/vendor/laravel/lumen-framework/src/Concerns/RoutesRequests.php(258): Laravel\\Lumen\\Application->callActionOnArrayBasedRoute()
#10 [internal function]: Laravel\\Lumen\\Application->Laravel\\Lumen\\Concerns\\{closure}()
#11 /var/www/html/efms/api/vendor/laravel/lumen-framework/src/Routing/Pipeline.php(52): call_user_func()
#12 /var/www/html/efms/api/app/Http/Middleware/Authenticate.php(64): Laravel\\Lumen\\Routing\\Pipeline->Laravel\\Lumen\\Routing\\{closure}()
#13 /var/www/html/efms/api/vendor/illuminate/pipeline/Pipeline.php(163): App\\Http\\Middleware\\Authenticate->handle()
#14 [internal function]: Illuminate\\Pipeline\\Pipeline->Illuminate\\Pipeline\\{closure}()
#15 /var/www/html/efms/api/vendor/laravel/lumen-framework/src/Routing/Pipeline.php(32): call_user_func()
#16 /var/www/html/efms/api/vendor/illuminate/pipeline/Pipeline.php(104): Laravel\\Lumen\\Routing\\Pipeline->Laravel\\Lumen\\Routing\\{closure}()
#17 /var/www/html/efms/api/vendor/laravel/lumen-framework/src/Concerns/RoutesRequests.php(413): Illuminate\\Pipeline\\Pipeline->then()
#18 /var/www/html/efms/api/vendor/laravel/lumen-framework/src/Concerns/RoutesRequests.php(259): Laravel\\Lumen\\Application->sendThroughPipeline()
#19 /var/www/html/efms/api/vendor/laravel/lumen-framework/src/Concerns/RoutesRequests.php(233): Laravel\\Lumen\\Application->handleFoundRoute()
#20 /var/www/html/efms/api/vendor/laravel/lumen-framework/src/Concerns/RoutesRequests.php(169): Laravel\\Lumen\\Application->handleDispatcherResponse()
#21 /var/www/html/efms/api/vendor/laravel/lumen-framework/src/Concerns/RoutesRequests.php(416): Laravel\\Lumen\\Application->Laravel\\Lumen\\Concerns\\{closure}()
#22 /var/www/html/efms/api/vendor/laravel/lumen-framework/src/Concerns/RoutesRequests.php(171): Laravel\\Lumen\\Application->sendThroughPipeline()
#23 /var/www/html/efms/api/vendor/laravel/lumen-framework/src/Concerns/RoutesRequests.php(108): Laravel\\Lumen\\Application->dispatch()
#24 /var/www/html/efms/api/public/index.php(28): Laravel\\Lumen\\Application->run()
#25 /var/www/html/efms/api/index.php(22): require_once('/var/www/html/e...')
#26 {main}
"} 
[2025-09-24 14:54:29] staging.ERROR: Symfony\Component\Debug\Exception\FatalThrowableError: syntax error, unexpected end of file, expecting function (T_FUNCTION) or const (T_CONST) in /var/www/html/efms/api/app/Http/Controllers/DapaController.php:111
Stack trace:
#0 /var/www/html/efms/api/vendor/composer/ClassLoader.php(322): Composer\Autoload\includeFile()
#1 [internal function]: Composer\Autoload\ClassLoader->loadClass()
#2 [internal function]: spl_autoload_call()
#3 /var/www/html/efms/api/vendor/illuminate/container/Container.php(788): ReflectionClass->__construct()
#4 /var/www/html/efms/api/vendor/illuminate/container/Container.php(667): Illuminate\Container\Container->build()
#5 /var/www/html/efms/api/vendor/illuminate/container/Container.php(615): Illuminate\Container\Container->resolve()
#6 /var/www/html/efms/api/vendor/laravel/lumen-framework/src/Application.php(267): Illuminate\Container\Container->make()
#7 /var/www/html/efms/api/vendor/laravel/lumen-framework/src/Concerns/RoutesRequests.php(311): Laravel\Lumen\Application->make()
#8 /var/www/html/efms/api/vendor/laravel/lumen-framework/src/Concerns/RoutesRequests.php(278): Laravel\Lumen\Application->callControllerAction()
#9 /var/www/html/efms/api/vendor/laravel/lumen-framework/src/Concerns/RoutesRequests.php(258): Laravel\Lumen\Application->callActionOnArrayBasedRoute()
#10 [internal function]: Laravel\Lumen\Application->Laravel\Lumen\Concerns\{closure}()
#11 /var/www/html/efms/api/vendor/laravel/lumen-framework/src/Routing/Pipeline.php(52): call_user_func()
#12 /var/www/html/efms/api/app/Http/Middleware/Authenticate.php(64): Laravel\Lumen\Routing\Pipeline->Laravel\Lumen\Routing\{closure}()
#13 /var/www/html/efms/api/vendor/illuminate/pipeline/Pipeline.php(163): App\Http\Middleware\Authenticate->handle()
#14 [internal function]: Illuminate\Pipeline\Pipeline->Illuminate\Pipeline\{closure}()
#15 /var/www/html/efms/api/vendor/laravel/lumen-framework/src/Routing/Pipeline.php(32): call_user_func()
#16 /var/www/html/efms/api/vendor/illuminate/pipeline/Pipeline.php(104): Laravel\Lumen\Routing\Pipeline->Laravel\Lumen\Routing\{closure}()
#17 /var/www/html/efms/api/vendor/laravel/lumen-framework/src/Concerns/RoutesRequests.php(413): Illuminate\Pipeline\Pipeline->then()
#18 /var/www/html/efms/api/vendor/laravel/lumen-framework/src/Concerns/RoutesRequests.php(259): Laravel\Lumen\Application->sendThroughPipeline()
#19 /var/www/html/efms/api/vendor/laravel/lumen-framework/src/Concerns/RoutesRequests.php(233): Laravel\Lumen\Application->handleFoundRoute()
#20 /var/www/html/efms/api/vendor/laravel/lumen-framework/src/Concerns/RoutesRequests.php(169): Laravel\Lumen\Application->handleDispatcherResponse()
#21 /var/www/html/efms/api/vendor/laravel/lumen-framework/src/Concerns/RoutesRequests.php(416): Laravel\Lumen\Application->Laravel\Lumen\Concerns\{closure}()
#22 /var/www/html/efms/api/vendor/laravel/lumen-framework/src/Concerns/RoutesRequests.php(171): Laravel\Lumen\Application->sendThroughPipeline()
#23 /var/www/html/efms/api/vendor/laravel/lumen-framework/src/Concerns/RoutesRequests.php(108): Laravel\Lumen\Application->dispatch()
#24 /var/www/html/efms/api/public/index.php(28): Laravel\Lumen\Application->run()
#25 /var/www/html/efms/api/index.php(22): require_once('/var/www/html/e...')
#26 {main} {"exception":"[object] (Symfony\\Component\\Debug\\Exception\\FatalThrowableError(code: 0): syntax error, unexpected end of file, expecting function (T_FUNCTION) or const (T_CONST) at /var/www/html/efms/api/app/Http/Controllers/DapaController.php:111)
[stacktrace]
#0 /var/www/html/efms/api/vendor/composer/ClassLoader.php(322): Composer\\Autoload\\includeFile()
#1 [internal function]: Composer\\Autoload\\ClassLoader->loadClass()
#2 [internal function]: spl_autoload_call()
#3 /var/www/html/efms/api/vendor/illuminate/container/Container.php(788): ReflectionClass->__construct()
#4 /var/www/html/efms/api/vendor/illuminate/container/Container.php(667): Illuminate\\Container\\Container->build()
#5 /var/www/html/efms/api/vendor/illuminate/container/Container.php(615): Illuminate\\Container\\Container->resolve()
#6 /var/www/html/efms/api/vendor/laravel/lumen-framework/src/Application.php(267): Illuminate\\Container\\Container->make()
#7 /var/www/html/efms/api/vendor/laravel/lumen-framework/src/Concerns/RoutesRequests.php(311): Laravel\\Lumen\\Application->make()
#8 /var/www/html/efms/api/vendor/laravel/lumen-framework/src/Concerns/RoutesRequests.php(278): Laravel\\Lumen\\Application->callControllerAction()
#9 /var/www/html/efms/api/vendor/laravel/lumen-framework/src/Concerns/RoutesRequests.php(258): Laravel\\Lumen\\Application->callActionOnArrayBasedRoute()
#10 [internal function]: Laravel\\Lumen\\Application->Laravel\\Lumen\\Concerns\\{closure}()
#11 /var/www/html/efms/api/vendor/laravel/lumen-framework/src/Routing/Pipeline.php(52): call_user_func()
#12 /var/www/html/efms/api/app/Http/Middleware/Authenticate.php(64): Laravel\\Lumen\\Routing\\Pipeline->Laravel\\Lumen\\Routing\\{closure}()
#13 /var/www/html/efms/api/vendor/illuminate/pipeline/Pipeline.php(163): App\\Http\\Middleware\\Authenticate->handle()
#14 [internal function]: Illuminate\\Pipeline\\Pipeline->Illuminate\\Pipeline\\{closure}()
#15 /var/www/html/efms/api/vendor/laravel/lumen-framework/src/Routing/Pipeline.php(32): call_user_func()
#16 /var/www/html/efms/api/vendor/illuminate/pipeline/Pipeline.php(104): Laravel\\Lumen\\Routing\\Pipeline->Laravel\\Lumen\\Routing\\{closure}()
#17 /var/www/html/efms/api/vendor/laravel/lumen-framework/src/Concerns/RoutesRequests.php(413): Illuminate\\Pipeline\\Pipeline->then()
#18 /var/www/html/efms/api/vendor/laravel/lumen-framework/src/Concerns/RoutesRequests.php(259): Laravel\\Lumen\\Application->sendThroughPipeline()
#19 /var/www/html/efms/api/vendor/laravel/lumen-framework/src/Concerns/RoutesRequests.php(233): Laravel\\Lumen\\Application->handleFoundRoute()
#20 /var/www/html/efms/api/vendor/laravel/lumen-framework/src/Concerns/RoutesRequests.php(169): Laravel\\Lumen\\Application->handleDispatcherResponse()
#21 /var/www/html/efms/api/vendor/laravel/lumen-framework/src/Concerns/RoutesRequests.php(416): Laravel\\Lumen\\Application->Laravel\\Lumen\\Concerns\\{closure}()
#22 /var/www/html/efms/api/vendor/laravel/lumen-framework/src/Concerns/RoutesRequests.php(171): Laravel\\Lumen\\Application->sendThroughPipeline()
#23 /var/www/html/efms/api/vendor/laravel/lumen-framework/src/Concerns/RoutesRequests.php(108): Laravel\\Lumen\\Application->dispatch()
#24 /var/www/html/efms/api/public/index.php(28): Laravel\\Lumen\\Application->run()
#25 /var/www/html/efms/api/index.php(22): require_once('/var/www/html/e...')
#26 {main}
"} 
[2025-09-24 14:59:05] staging.ERROR: PDOException: SQLSTATE[42S22]: Column not found: 1054 Unknown column 'job_name' in 'field list' in /var/www/html/efms/api/vendor/illuminate/database/Connection.php:479
Stack trace:
#0 /var/www/html/efms/api/vendor/illuminate/database/Connection.php(479): PDO->prepare()
#1 /var/www/html/efms/api/vendor/illuminate/database/Connection.php(657): Illuminate\Database\Connection->Illuminate\Database\{closure}()
#2 /var/www/html/efms/api/vendor/illuminate/database/Connection.php(624): Illuminate\Database\Connection->runQueryCallback()
#3 /var/www/html/efms/api/vendor/illuminate/database/Connection.php(490): Illuminate\Database\Connection->run()
#4 /var/www/html/efms/api/vendor/illuminate/database/Connection.php(423): Illuminate\Database\Connection->affectingStatement()
#5 /var/www/html/efms/api/vendor/illuminate/database/Query/Builder.php(2721): Illuminate\Database\Connection->update()
#6 /var/www/html/efms/api/vendor/illuminate/database/Eloquent/Builder.php(820): Illuminate\Database\Query\Builder->update()
#7 /var/www/html/efms/api/vendor/illuminate/database/Eloquent/Model.php(745): Illuminate\Database\Eloquent\Builder->update()
#8 /var/www/html/efms/api/vendor/illuminate/database/Eloquent/Model.php(660): Illuminate\Database\Eloquent\Model->performUpdate()
#9 /var/www/html/efms/api/vendor/illuminate/database/Eloquent/Model.php(607): Illuminate\Database\Eloquent\Model->save()
#10 /var/www/html/efms/api/app/Http/Controllers/DapaController.php(102): Illuminate\Database\Eloquent\Model->update()
#11 [internal function]: App\Http\Controllers\DapaController->UpdateJob()
#12 /var/www/html/efms/api/vendor/illuminate/container/BoundMethod.php(32): call_user_func_array()
#13 /var/www/html/efms/api/vendor/illuminate/container/BoundMethod.php(90): Illuminate\Container\BoundMethod::Illuminate\Container\{closure}()
#14 /var/www/html/efms/api/vendor/illuminate/container/BoundMethod.php(34): Illuminate\Container\BoundMethod::callBoundMethod()
#15 /var/www/html/efms/api/vendor/illuminate/container/Container.php(576): Illuminate\Container\BoundMethod::call()
#16 /var/www/html/efms/api/vendor/laravel/lumen-framework/src/Concerns/RoutesRequests.php(376): Illuminate\Container\Container->call()
#17 /var/www/html/efms/api/vendor/laravel/lumen-framework/src/Concerns/RoutesRequests.php(342): Laravel\Lumen\Application->callControllerCallable()
#18 /var/www/html/efms/api/vendor/laravel/lumen-framework/src/Concerns/RoutesRequests.php(316): Laravel\Lumen\Application->callLumenController()
#19 /var/www/html/efms/api/vendor/laravel/lumen-framework/src/Concerns/RoutesRequests.php(278): Laravel\Lumen\Application->callControllerAction()
#20 /var/www/html/efms/api/vendor/laravel/lumen-framework/src/Concerns/RoutesRequests.php(258): Laravel\Lumen\Application->callActionOnArrayBasedRoute()
#21 [internal function]: Laravel\Lumen\Application->Laravel\Lumen\Concerns\{closure}()
#22 /var/www/html/efms/api/vendor/laravel/lumen-framework/src/Routing/Pipeline.php(52): call_user_func()
#23 /var/www/html/efms/api/app/Http/Middleware/Authenticate.php(64): Laravel\Lumen\Routing\Pipeline->Laravel\Lumen\Routing\{closure}()
#24 /var/www/html/efms/api/vendor/illuminate/pipeline/Pipeline.php(163): App\Http\Middleware\Authenticate->handle()
#25 [internal function]: Illuminate\Pipeline\Pipeline->Illuminate\Pipeline\{closure}()
#26 /var/www/html/efms/api/vendor/laravel/lumen-framework/src/Routing/Pipeline.php(32): call_user_func()
#27 /var/www/html/efms/api/vendor/illuminate/pipeline/Pipeline.php(104): Laravel\Lumen\Routing\Pipeline->Laravel\Lumen\Routing\{closure}()
#28 /var/www/html/efms/api/vendor/laravel/lumen-framework/src/Concerns/RoutesRequests.php(413): Illuminate\Pipeline\Pipeline->then()
#29 /var/www/html/efms/api/vendor/laravel/lumen-framework/src/Concerns/RoutesRequests.php(259): Laravel\Lumen\Application->sendThroughPipeline()
#30 /var/www/html/efms/api/vendor/laravel/lumen-framework/src/Concerns/RoutesRequests.php(233): Laravel\Lumen\Application->handleFoundRoute()
#31 /var/www/html/efms/api/vendor/laravel/lumen-framework/src/Concerns/RoutesRequests.php(169): Laravel\Lumen\Application->handleDispatcherResponse()
#32 /var/www/html/efms/api/vendor/laravel/lumen-framework/src/Concerns/RoutesRequests.php(416): Laravel\Lumen\Application->Laravel\Lumen\Concerns\{closure}()
#33 /var/www/html/efms/api/vendor/laravel/lumen-framework/src/Concerns/RoutesRequests.php(171): Laravel\Lumen\Application->sendThroughPipeline()
#34 /var/www/html/efms/api/vendor/laravel/lumen-framework/src/Concerns/RoutesRequests.php(108): Laravel\Lumen\Application->dispatch()
#35 /var/www/html/efms/api/public/index.php(28): Laravel\Lumen\Application->run()
#36 /var/www/html/efms/api/index.php(22): require_once('/var/www/html/e...')
#37 {main}

Next Illuminate\Database\QueryException: SQLSTATE[42S22]: Column not found: 1054 Unknown column 'job_name' in 'field list' (SQL: update `ListJob` set `job_name` = menyuntik, `type_job` = 2, `x-key` = cnNzSEFBeTh1dDNmRzFob0dlcXlmclNWT2pxU0dXbGl1bUpNNEZ2dQ== where `JobID` = 25) in /var/www/html/efms/api/vendor/illuminate/database/Connection.php:664
Stack trace:
#0 /var/www/html/efms/api/vendor/illuminate/database/Connection.php(624): Illuminate\Database\Connection->runQueryCallback()
#1 /var/www/html/efms/api/vendor/illuminate/database/Connection.php(490): Illuminate\Database\Connection->run()
#2 /var/www/html/efms/api/vendor/illuminate/database/Connection.php(423): Illuminate\Database\Connection->affectingStatement()
#3 /var/www/html/efms/api/vendor/illuminate/database/Query/Builder.php(2721): Illuminate\Database\Connection->update()
#4 /var/www/html/efms/api/vendor/illuminate/database/Eloquent/Builder.php(820): Illuminate\Database\Query\Builder->update()
#5 /var/www/html/efms/api/vendor/illuminate/database/Eloquent/Model.php(745): Illuminate\Database\Eloquent\Builder->update()
#6 /var/www/html/efms/api/vendor/illuminate/database/Eloquent/Model.php(660): Illuminate\Database\Eloquent\Model->performUpdate()
#7 /var/www/html/efms/api/vendor/illuminate/database/Eloquent/Model.php(607): Illuminate\Database\Eloquent\Model->save()
#8 /var/www/html/efms/api/app/Http/Controllers/DapaController.php(102): Illuminate\Database\Eloquent\Model->update()
#9 [internal function]: App\Http\Controllers\DapaController->UpdateJob()
#10 /var/www/html/efms/api/vendor/illuminate/container/BoundMethod.php(32): call_user_func_array()
#11 /var/www/html/efms/api/vendor/illuminate/container/BoundMethod.php(90): Illuminate\Container\BoundMethod::Illuminate\Container\{closure}()
#12 /var/www/html/efms/api/vendor/illuminate/container/BoundMethod.php(34): Illuminate\Container\BoundMethod::callBoundMethod()
#13 /var/www/html/efms/api/vendor/illuminate/container/Container.php(576): Illuminate\Container\BoundMethod::call()
#14 /var/www/html/efms/api/vendor/laravel/lumen-framework/src/Concerns/RoutesRequests.php(376): Illuminate\Container\Container->call()
#15 /var/www/html/efms/api/vendor/laravel/lumen-framework/src/Concerns/RoutesRequests.php(342): Laravel\Lumen\Application->callControllerCallable()
#16 /var/www/html/efms/api/vendor/laravel/lumen-framework/src/Concerns/RoutesRequests.php(316): Laravel\Lumen\Application->callLumenController()
#17 /var/www/html/efms/api/vendor/laravel/lumen-framework/src/Concerns/RoutesRequests.php(278): Laravel\Lumen\Application->callControllerAction()
#18 /var/www/html/efms/api/vendor/laravel/lumen-framework/src/Concerns/RoutesRequests.php(258): Laravel\Lumen\Application->callActionOnArrayBasedRoute()
#19 [internal function]: Laravel\Lumen\Application->Laravel\Lumen\Concerns\{closure}()
#20 /var/www/html/efms/api/vendor/laravel/lumen-framework/src/Routing/Pipeline.php(52): call_user_func()
#21 /var/www/html/efms/api/app/Http/Middleware/Authenticate.php(64): Laravel\Lumen\Routing\Pipeline->Laravel\Lumen\Routing\{closure}()
#22 /var/www/html/efms/api/vendor/illuminate/pipeline/Pipeline.php(163): App\Http\Middleware\Authenticate->handle()
#23 [internal function]: Illuminate\Pipeline\Pipeline->Illuminate\Pipeline\{closure}()
#24 /var/www/html/efms/api/vendor/laravel/lumen-framework/src/Routing/Pipeline.php(32): call_user_func()
#25 /var/www/html/efms/api/vendor/illuminate/pipeline/Pipeline.php(104): Laravel\Lumen\Routing\Pipeline->Laravel\Lumen\Routing\{closure}()
#26 /var/www/html/efms/api/vendor/laravel/lumen-framework/src/Concerns/RoutesRequests.php(413): Illuminate\Pipeline\Pipeline->then()
#27 /var/www/html/efms/api/vendor/laravel/lumen-framework/src/Concerns/RoutesRequests.php(259): Laravel\Lumen\Application->sendThroughPipeline()
#28 /var/www/html/efms/api/vendor/laravel/lumen-framework/src/Concerns/RoutesRequests.php(233): Laravel\Lumen\Application->handleFoundRoute()
#29 /var/www/html/efms/api/vendor/laravel/lumen-framework/src/Concerns/RoutesRequests.php(169): Laravel\Lumen\Application->handleDispatcherResponse()
#30 /var/www/html/efms/api/vendor/laravel/lumen-framework/src/Concerns/RoutesRequests.php(416): Laravel\Lumen\Application->Laravel\Lumen\Concerns\{closure}()
#31 /var/www/html/efms/api/vendor/laravel/lumen-framework/src/Concerns/RoutesRequests.php(171): Laravel\Lumen\Application->sendThroughPipeline()
#32 /var/www/html/efms/api/vendor/laravel/lumen-framework/src/Concerns/RoutesRequests.php(108): Laravel\Lumen\Application->dispatch()
#33 /var/www/html/efms/api/public/index.php(28): Laravel\Lumen\Application->run()
#34 /var/www/html/efms/api/index.php(22): require_once('/var/www/html/e...')
#35 {main} {"exception":"[object] (Illuminate\\Database\\QueryException(code: 42S22): SQLSTATE[42S22]: Column not found: 1054 Unknown column 'job_name' in 'field list' (SQL: update `ListJob` set `job_name` = menyuntik, `type_job` = 2, `x-key` = cnNzSEFBeTh1dDNmRzFob0dlcXlmclNWT2pxU0dXbGl1bUpNNEZ2dQ== where `JobID` = 25) at /var/www/html/efms/api/vendor/illuminate/database/Connection.php:664, PDOException(code: 42S22): SQLSTATE[42S22]: Column not found: 1054 Unknown column 'job_name' in 'field list' at /var/www/html/efms/api/vendor/illuminate/database/Connection.php:479)
[stacktrace]
#0 /var/www/html/efms/api/vendor/illuminate/database/Connection.php(624): Illuminate\\Database\\Connection->runQueryCallback()
#1 /var/www/html/efms/api/vendor/illuminate/database/Connection.php(490): Illuminate\\Database\\Connection->run()
#2 /var/www/html/efms/api/vendor/illuminate/database/Connection.php(423): Illuminate\\Database\\Connection->affectingStatement()
#3 /var/www/html/efms/api/vendor/illuminate/database/Query/Builder.php(2721): Illuminate\\Database\\Connection->update()
#4 /var/www/html/efms/api/vendor/illuminate/database/Eloquent/Builder.php(820): Illuminate\\Database\\Query\\Builder->update()
#5 /var/www/html/efms/api/vendor/illuminate/database/Eloquent/Model.php(745): Illuminate\\Database\\Eloquent\\Builder->update()
#6 /var/www/html/efms/api/vendor/illuminate/database/Eloquent/Model.php(660): Illuminate\\Database\\Eloquent\\Model->performUpdate()
#7 /var/www/html/efms/api/vendor/illuminate/database/Eloquent/Model.php(607): Illuminate\\Database\\Eloquent\\Model->save()
#8 /var/www/html/efms/api/app/Http/Controllers/DapaController.php(102): Illuminate\\Database\\Eloquent\\Model->update()
#9 [internal function]: App\\Http\\Controllers\\DapaController->UpdateJob()
#10 /var/www/html/efms/api/vendor/illuminate/container/BoundMethod.php(32): call_user_func_array()
#11 /var/www/html/efms/api/vendor/illuminate/container/BoundMethod.php(90): Illuminate\\Container\\BoundMethod::Illuminate\\Container\\{closure}()
#12 /var/www/html/efms/api/vendor/illuminate/container/BoundMethod.php(34): Illuminate\\Container\\BoundMethod::callBoundMethod()
#13 /var/www/html/efms/api/vendor/illuminate/container/Container.php(576): Illuminate\\Container\\BoundMethod::call()
#14 /var/www/html/efms/api/vendor/laravel/lumen-framework/src/Concerns/RoutesRequests.php(376): Illuminate\\Container\\Container->call()
#15 /var/www/html/efms/api/vendor/laravel/lumen-framework/src/Concerns/RoutesRequests.php(342): Laravel\\Lumen\\Application->callControllerCallable()
#16 /var/www/html/efms/api/vendor/laravel/lumen-framework/src/Concerns/RoutesRequests.php(316): Laravel\\Lumen\\Application->callLumenController()
#17 /var/www/html/efms/api/vendor/laravel/lumen-framework/src/Concerns/RoutesRequests.php(278): Laravel\\Lumen\\Application->callControllerAction()
#18 /var/www/html/efms/api/vendor/laravel/lumen-framework/src/Concerns/RoutesRequests.php(258): Laravel\\Lumen\\Application->callActionOnArrayBasedRoute()
#19 [internal function]: Laravel\\Lumen\\Application->Laravel\\Lumen\\Concerns\\{closure}()
#20 /var/www/html/efms/api/vendor/laravel/lumen-framework/src/Routing/Pipeline.php(52): call_user_func()
#21 /var/www/html/efms/api/app/Http/Middleware/Authenticate.php(64): Laravel\\Lumen\\Routing\\Pipeline->Laravel\\Lumen\\Routing\\{closure}()
#22 /var/www/html/efms/api/vendor/illuminate/pipeline/Pipeline.php(163): App\\Http\\Middleware\\Authenticate->handle()
#23 [internal function]: Illuminate\\Pipeline\\Pipeline->Illuminate\\Pipeline\\{closure}()
#24 /var/www/html/efms/api/vendor/laravel/lumen-framework/src/Routing/Pipeline.php(32): call_user_func()
#25 /var/www/html/efms/api/vendor/illuminate/pipeline/Pipeline.php(104): Laravel\\Lumen\\Routing\\Pipeline->Laravel\\Lumen\\Routing\\{closure}()
#26 /var/www/html/efms/api/vendor/laravel/lumen-framework/src/Concerns/RoutesRequests.php(413): Illuminate\\Pipeline\\Pipeline->then()
#27 /var/www/html/efms/api/vendor/laravel/lumen-framework/src/Concerns/RoutesRequests.php(259): Laravel\\Lumen\\Application->sendThroughPipeline()
#28 /var/www/html/efms/api/vendor/laravel/lumen-framework/src/Concerns/RoutesRequests.php(233): Laravel\\Lumen\\Application->handleFoundRoute()
#29 /var/www/html/efms/api/vendor/laravel/lumen-framework/src/Concerns/RoutesRequests.php(169): Laravel\\Lumen\\Application->handleDispatcherResponse()
#30 /var/www/html/efms/api/vendor/laravel/lumen-framework/src/Concerns/RoutesRequests.php(416): Laravel\\Lumen\\Application->Laravel\\Lumen\\Concerns\\{closure}()
#31 /var/www/html/efms/api/vendor/laravel/lumen-framework/src/Concerns/RoutesRequests.php(171): Laravel\\Lumen\\Application->sendThroughPipeline()
#32 /var/www/html/efms/api/vendor/laravel/lumen-framework/src/Concerns/RoutesRequests.php(108): Laravel\\Lumen\\Application->dispatch()
#33 /var/www/html/efms/api/public/index.php(28): Laravel\\Lumen\\Application->run()
#34 /var/www/html/efms/api/index.php(22): require_once('/var/www/html/e...')
#35 {main}
"} 
[2025-09-24 15:01:17] staging.ERROR: PDOException: SQLSTATE[42S22]: Column not found: 1054 Unknown column 'x-key' in 'field list' in /var/www/html/efms/api/vendor/illuminate/database/Connection.php:479
Stack trace:
#0 /var/www/html/efms/api/vendor/illuminate/database/Connection.php(479): PDO->prepare()
#1 /var/www/html/efms/api/vendor/illuminate/database/Connection.php(657): Illuminate\Database\Connection->Illuminate\Database\{closure}()
#2 /var/www/html/efms/api/vendor/illuminate/database/Connection.php(624): Illuminate\Database\Connection->runQueryCallback()
#3 /var/www/html/efms/api/vendor/illuminate/database/Connection.php(490): Illuminate\Database\Connection->run()
#4 /var/www/html/efms/api/vendor/illuminate/database/Connection.php(423): Illuminate\Database\Connection->affectingStatement()
#5 /var/www/html/efms/api/vendor/illuminate/database/Query/Builder.php(2721): Illuminate\Database\Connection->update()
#6 /var/www/html/efms/api/vendor/illuminate/database/Eloquent/Builder.php(820): Illuminate\Database\Query\Builder->update()
#7 /var/www/html/efms/api/vendor/illuminate/database/Eloquent/Model.php(745): Illuminate\Database\Eloquent\Builder->update()
#8 /var/www/html/efms/api/vendor/illuminate/database/Eloquent/Model.php(660): Illuminate\Database\Eloquent\Model->performUpdate()
#9 /var/www/html/efms/api/vendor/illuminate/database/Eloquent/Model.php(607): Illuminate\Database\Eloquent\Model->save()
#10 /var/www/html/efms/api/app/Http/Controllers/DapaController.php(102): Illuminate\Database\Eloquent\Model->update()
#11 [internal function]: App\Http\Controllers\DapaController->UpdateJob()
#12 /var/www/html/efms/api/vendor/illuminate/container/BoundMethod.php(32): call_user_func_array()
#13 /var/www/html/efms/api/vendor/illuminate/container/BoundMethod.php(90): Illuminate\Container\BoundMethod::Illuminate\Container\{closure}()
#14 /var/www/html/efms/api/vendor/illuminate/container/BoundMethod.php(34): Illuminate\Container\BoundMethod::callBoundMethod()
#15 /var/www/html/efms/api/vendor/illuminate/container/Container.php(576): Illuminate\Container\BoundMethod::call()
#16 /var/www/html/efms/api/vendor/laravel/lumen-framework/src/Concerns/RoutesRequests.php(376): Illuminate\Container\Container->call()
#17 /var/www/html/efms/api/vendor/laravel/lumen-framework/src/Concerns/RoutesRequests.php(342): Laravel\Lumen\Application->callControllerCallable()
#18 /var/www/html/efms/api/vendor/laravel/lumen-framework/src/Concerns/RoutesRequests.php(316): Laravel\Lumen\Application->callLumenController()
#19 /var/www/html/efms/api/vendor/laravel/lumen-framework/src/Concerns/RoutesRequests.php(278): Laravel\Lumen\Application->callControllerAction()
#20 /var/www/html/efms/api/vendor/laravel/lumen-framework/src/Concerns/RoutesRequests.php(258): Laravel\Lumen\Application->callActionOnArrayBasedRoute()
#21 [internal function]: Laravel\Lumen\Application->Laravel\Lumen\Concerns\{closure}()
#22 /var/www/html/efms/api/vendor/laravel/lumen-framework/src/Routing/Pipeline.php(52): call_user_func()
#23 /var/www/html/efms/api/app/Http/Middleware/Authenticate.php(64): Laravel\Lumen\Routing\Pipeline->Laravel\Lumen\Routing\{closure}()
#24 /var/www/html/efms/api/vendor/illuminate/pipeline/Pipeline.php(163): App\Http\Middleware\Authenticate->handle()
#25 [internal function]: Illuminate\Pipeline\Pipeline->Illuminate\Pipeline\{closure}()
#26 /var/www/html/efms/api/vendor/laravel/lumen-framework/src/Routing/Pipeline.php(32): call_user_func()
#27 /var/www/html/efms/api/vendor/illuminate/pipeline/Pipeline.php(104): Laravel\Lumen\Routing\Pipeline->Laravel\Lumen\Routing\{closure}()
#28 /var/www/html/efms/api/vendor/laravel/lumen-framework/src/Concerns/RoutesRequests.php(413): Illuminate\Pipeline\Pipeline->then()
#29 /var/www/html/efms/api/vendor/laravel/lumen-framework/src/Concerns/RoutesRequests.php(259): Laravel\Lumen\Application->sendThroughPipeline()
#30 /var/www/html/efms/api/vendor/laravel/lumen-framework/src/Concerns/RoutesRequests.php(233): Laravel\Lumen\Application->handleFoundRoute()
#31 /var/www/html/efms/api/vendor/laravel/lumen-framework/src/Concerns/RoutesRequests.php(169): Laravel\Lumen\Application->handleDispatcherResponse()
#32 /var/www/html/efms/api/vendor/laravel/lumen-framework/src/Concerns/RoutesRequests.php(416): Laravel\Lumen\Application->Laravel\Lumen\Concerns\{closure}()
#33 /var/www/html/efms/api/vendor/laravel/lumen-framework/src/Concerns/RoutesRequests.php(171): Laravel\Lumen\Application->sendThroughPipeline()
#34 /var/www/html/efms/api/vendor/laravel/lumen-framework/src/Concerns/RoutesRequests.php(108): Laravel\Lumen\Application->dispatch()
#35 /var/www/html/efms/api/public/index.php(28): Laravel\Lumen\Application->run()
#36 /var/www/html/efms/api/index.php(22): require_once('/var/www/html/e...')
#37 {main}

Next Illuminate\Database\QueryException: SQLSTATE[42S22]: Column not found: 1054 Unknown column 'x-key' in 'field list' (SQL: update `ListJob` set `JobName` = menyuntik, `TypeJob` = 2, `x-key` = cnNzSEFBeTh1dDNmRzFob0dlcXlmclNWT2pxU0dXbGl1bUpNNEZ2dQ== where `JobID` = 25) in /var/www/html/efms/api/vendor/illuminate/database/Connection.php:664
Stack trace:
#0 /var/www/html/efms/api/vendor/illuminate/database/Connection.php(624): Illuminate\Database\Connection->runQueryCallback()
#1 /var/www/html/efms/api/vendor/illuminate/database/Connection.php(490): Illuminate\Database\Connection->run()
#2 /var/www/html/efms/api/vendor/illuminate/database/Connection.php(423): Illuminate\Database\Connection->affectingStatement()
#3 /var/www/html/efms/api/vendor/illuminate/database/Query/Builder.php(2721): Illuminate\Database\Connection->update()
#4 /var/www/html/efms/api/vendor/illuminate/database/Eloquent/Builder.php(820): Illuminate\Database\Query\Builder->update()
#5 /var/www/html/efms/api/vendor/illuminate/database/Eloquent/Model.php(745): Illuminate\Database\Eloquent\Builder->update()
#6 /var/www/html/efms/api/vendor/illuminate/database/Eloquent/Model.php(660): Illuminate\Database\Eloquent\Model->performUpdate()
#7 /var/www/html/efms/api/vendor/illuminate/database/Eloquent/Model.php(607): Illuminate\Database\Eloquent\Model->save()
#8 /var/www/html/efms/api/app/Http/Controllers/DapaController.php(102): Illuminate\Database\Eloquent\Model->update()
#9 [internal function]: App\Http\Controllers\DapaController->UpdateJob()
#10 /var/www/html/efms/api/vendor/illuminate/container/BoundMethod.php(32): call_user_func_array()
#11 /var/www/html/efms/api/vendor/illuminate/container/BoundMethod.php(90): Illuminate\Container\BoundMethod::Illuminate\Container\{closure}()
#12 /var/www/html/efms/api/vendor/illuminate/container/BoundMethod.php(34): Illuminate\Container\BoundMethod::callBoundMethod()
#13 /var/www/html/efms/api/vendor/illuminate/container/Container.php(576): Illuminate\Container\BoundMethod::call()
#14 /var/www/html/efms/api/vendor/laravel/lumen-framework/src/Concerns/RoutesRequests.php(376): Illuminate\Container\Container->call()
#15 /var/www/html/efms/api/vendor/laravel/lumen-framework/src/Concerns/RoutesRequests.php(342): Laravel\Lumen\Application->callControllerCallable()
#16 /var/www/html/efms/api/vendor/laravel/lumen-framework/src/Concerns/RoutesRequests.php(316): Laravel\Lumen\Application->callLumenController()
#17 /var/www/html/efms/api/vendor/laravel/lumen-framework/src/Concerns/RoutesRequests.php(278): Laravel\Lumen\Application->callControllerAction()
#18 /var/www/html/efms/api/vendor/laravel/lumen-framework/src/Concerns/RoutesRequests.php(258): Laravel\Lumen\Application->callActionOnArrayBasedRoute()
#19 [internal function]: Laravel\Lumen\Application->Laravel\Lumen\Concerns\{closure}()
#20 /var/www/html/efms/api/vendor/laravel/lumen-framework/src/Routing/Pipeline.php(52): call_user_func()
#21 /var/www/html/efms/api/app/Http/Middleware/Authenticate.php(64): Laravel\Lumen\Routing\Pipeline->Laravel\Lumen\Routing\{closure}()
#22 /var/www/html/efms/api/vendor/illuminate/pipeline/Pipeline.php(163): App\Http\Middleware\Authenticate->handle()
#23 [internal function]: Illuminate\Pipeline\Pipeline->Illuminate\Pipeline\{closure}()
#24 /var/www/html/efms/api/vendor/laravel/lumen-framework/src/Routing/Pipeline.php(32): call_user_func()
#25 /var/www/html/efms/api/vendor/illuminate/pipeline/Pipeline.php(104): Laravel\Lumen\Routing\Pipeline->Laravel\Lumen\Routing\{closure}()
#26 /var/www/html/efms/api/vendor/laravel/lumen-framework/src/Concerns/RoutesRequests.php(413): Illuminate\Pipeline\Pipeline->then()
#27 /var/www/html/efms/api/vendor/laravel/lumen-framework/src/Concerns/RoutesRequests.php(259): Laravel\Lumen\Application->sendThroughPipeline()
#28 /var/www/html/efms/api/vendor/laravel/lumen-framework/src/Concerns/RoutesRequests.php(233): Laravel\Lumen\Application->handleFoundRoute()
#29 /var/www/html/efms/api/vendor/laravel/lumen-framework/src/Concerns/RoutesRequests.php(169): Laravel\Lumen\Application->handleDispatcherResponse()
#30 /var/www/html/efms/api/vendor/laravel/lumen-framework/src/Concerns/RoutesRequests.php(416): Laravel\Lumen\Application->Laravel\Lumen\Concerns\{closure}()
#31 /var/www/html/efms/api/vendor/laravel/lumen-framework/src/Concerns/RoutesRequests.php(171): Laravel\Lumen\Application->sendThroughPipeline()
#32 /var/www/html/efms/api/vendor/laravel/lumen-framework/src/Concerns/RoutesRequests.php(108): Laravel\Lumen\Application->dispatch()
#33 /var/www/html/efms/api/public/index.php(28): Laravel\Lumen\Application->run()
#34 /var/www/html/efms/api/index.php(22): require_once('/var/www/html/e...')
#35 {main} {"exception":"[object] (Illuminate\\Database\\QueryException(code: 42S22): SQLSTATE[42S22]: Column not found: 1054 Unknown column 'x-key' in 'field list' (SQL: update `ListJob` set `JobName` = menyuntik, `TypeJob` = 2, `x-key` = cnNzSEFBeTh1dDNmRzFob0dlcXlmclNWT2pxU0dXbGl1bUpNNEZ2dQ== where `JobID` = 25) at /var/www/html/efms/api/vendor/illuminate/database/Connection.php:664, PDOException(code: 42S22): SQLSTATE[42S22]: Column not found: 1054 Unknown column 'x-key' in 'field list' at /var/www/html/efms/api/vendor/illuminate/database/Connection.php:479)
[stacktrace]
#0 /var/www/html/efms/api/vendor/illuminate/database/Connection.php(624): Illuminate\\Database\\Connection->runQueryCallback()
#1 /var/www/html/efms/api/vendor/illuminate/database/Connection.php(490): Illuminate\\Database\\Connection->run()
#2 /var/www/html/efms/api/vendor/illuminate/database/Connection.php(423): Illuminate\\Database\\Connection->affectingStatement()
#3 /var/www/html/efms/api/vendor/illuminate/database/Query/Builder.php(2721): Illuminate\\Database\\Connection->update()
#4 /var/www/html/efms/api/vendor/illuminate/database/Eloquent/Builder.php(820): Illuminate\\Database\\Query\\Builder->update()
#5 /var/www/html/efms/api/vendor/illuminate/database/Eloquent/Model.php(745): Illuminate\\Database\\Eloquent\\Builder->update()
#6 /var/www/html/efms/api/vendor/illuminate/database/Eloquent/Model.php(660): Illuminate\\Database\\Eloquent\\Model->performUpdate()
#7 /var/www/html/efms/api/vendor/illuminate/database/Eloquent/Model.php(607): Illuminate\\Database\\Eloquent\\Model->save()
#8 /var/www/html/efms/api/app/Http/Controllers/DapaController.php(102): Illuminate\\Database\\Eloquent\\Model->update()
#9 [internal function]: App\\Http\\Controllers\\DapaController->UpdateJob()
#10 /var/www/html/efms/api/vendor/illuminate/container/BoundMethod.php(32): call_user_func_array()
#11 /var/www/html/efms/api/vendor/illuminate/container/BoundMethod.php(90): Illuminate\\Container\\BoundMethod::Illuminate\\Container\\{closure}()
#12 /var/www/html/efms/api/vendor/illuminate/container/BoundMethod.php(34): Illuminate\\Container\\BoundMethod::callBoundMethod()
#13 /var/www/html/efms/api/vendor/illuminate/container/Container.php(576): Illuminate\\Container\\BoundMethod::call()
#14 /var/www/html/efms/api/vendor/laravel/lumen-framework/src/Concerns/RoutesRequests.php(376): Illuminate\\Container\\Container->call()
#15 /var/www/html/efms/api/vendor/laravel/lumen-framework/src/Concerns/RoutesRequests.php(342): Laravel\\Lumen\\Application->callControllerCallable()
#16 /var/www/html/efms/api/vendor/laravel/lumen-framework/src/Concerns/RoutesRequests.php(316): Laravel\\Lumen\\Application->callLumenController()
#17 /var/www/html/efms/api/vendor/laravel/lumen-framework/src/Concerns/RoutesRequests.php(278): Laravel\\Lumen\\Application->callControllerAction()
#18 /var/www/html/efms/api/vendor/laravel/lumen-framework/src/Concerns/RoutesRequests.php(258): Laravel\\Lumen\\Application->callActionOnArrayBasedRoute()
#19 [internal function]: Laravel\\Lumen\\Application->Laravel\\Lumen\\Concerns\\{closure}()
#20 /var/www/html/efms/api/vendor/laravel/lumen-framework/src/Routing/Pipeline.php(52): call_user_func()
#21 /var/www/html/efms/api/app/Http/Middleware/Authenticate.php(64): Laravel\\Lumen\\Routing\\Pipeline->Laravel\\Lumen\\Routing\\{closure}()
#22 /var/www/html/efms/api/vendor/illuminate/pipeline/Pipeline.php(163): App\\Http\\Middleware\\Authenticate->handle()
#23 [internal function]: Illuminate\\Pipeline\\Pipeline->Illuminate\\Pipeline\\{closure}()
#24 /var/www/html/efms/api/vendor/laravel/lumen-framework/src/Routing/Pipeline.php(32): call_user_func()
#25 /var/www/html/efms/api/vendor/illuminate/pipeline/Pipeline.php(104): Laravel\\Lumen\\Routing\\Pipeline->Laravel\\Lumen\\Routing\\{closure}()
#26 /var/www/html/efms/api/vendor/laravel/lumen-framework/src/Concerns/RoutesRequests.php(413): Illuminate\\Pipeline\\Pipeline->then()
#27 /var/www/html/efms/api/vendor/laravel/lumen-framework/src/Concerns/RoutesRequests.php(259): Laravel\\Lumen\\Application->sendThroughPipeline()
#28 /var/www/html/efms/api/vendor/laravel/lumen-framework/src/Concerns/RoutesRequests.php(233): Laravel\\Lumen\\Application->handleFoundRoute()
#29 /var/www/html/efms/api/vendor/laravel/lumen-framework/src/Concerns/RoutesRequests.php(169): Laravel\\Lumen\\Application->handleDispatcherResponse()
#30 /var/www/html/efms/api/vendor/laravel/lumen-framework/src/Concerns/RoutesRequests.php(416): Laravel\\Lumen\\Application->Laravel\\Lumen\\Concerns\\{closure}()
#31 /var/www/html/efms/api/vendor/laravel/lumen-framework/src/Concerns/RoutesRequests.php(171): Laravel\\Lumen\\Application->sendThroughPipeline()
#32 /var/www/html/efms/api/vendor/laravel/lumen-framework/src/Concerns/RoutesRequests.php(108): Laravel\\Lumen\\Application->dispatch()
#33 /var/www/html/efms/api/public/index.php(28): Laravel\\Lumen\\Application->run()
#34 /var/www/html/efms/api/index.php(22): require_once('/var/www/html/e...')
#35 {main}
"} 
[2025-09-24 15:01:41] staging.ERROR: PDOException: SQLSTATE[42S22]: Column not found: 1054 Unknown column 'x-key' in 'field list' in /var/www/html/efms/api/vendor/illuminate/database/Connection.php:479
Stack trace:
#0 /var/www/html/efms/api/vendor/illuminate/database/Connection.php(479): PDO->prepare()
#1 /var/www/html/efms/api/vendor/illuminate/database/Connection.php(657): Illuminate\Database\Connection->Illuminate\Database\{closure}()
#2 /var/www/html/efms/api/vendor/illuminate/database/Connection.php(624): Illuminate\Database\Connection->runQueryCallback()
#3 /var/www/html/efms/api/vendor/illuminate/database/Connection.php(490): Illuminate\Database\Connection->run()
#4 /var/www/html/efms/api/vendor/illuminate/database/Connection.php(423): Illuminate\Database\Connection->affectingStatement()
#5 /var/www/html/efms/api/vendor/illuminate/database/Query/Builder.php(2721): Illuminate\Database\Connection->update()
#6 /var/www/html/efms/api/vendor/illuminate/database/Eloquent/Builder.php(820): Illuminate\Database\Query\Builder->update()
#7 /var/www/html/efms/api/vendor/illuminate/database/Eloquent/Model.php(745): Illuminate\Database\Eloquent\Builder->update()
#8 /var/www/html/efms/api/vendor/illuminate/database/Eloquent/Model.php(660): Illuminate\Database\Eloquent\Model->performUpdate()
#9 /var/www/html/efms/api/vendor/illuminate/database/Eloquent/Model.php(607): Illuminate\Database\Eloquent\Model->save()
#10 /var/www/html/efms/api/app/Http/Controllers/DapaController.php(102): Illuminate\Database\Eloquent\Model->update()
#11 [internal function]: App\Http\Controllers\DapaController->UpdateJob()
#12 /var/www/html/efms/api/vendor/illuminate/container/BoundMethod.php(32): call_user_func_array()
#13 /var/www/html/efms/api/vendor/illuminate/container/BoundMethod.php(90): Illuminate\Container\BoundMethod::Illuminate\Container\{closure}()
#14 /var/www/html/efms/api/vendor/illuminate/container/BoundMethod.php(34): Illuminate\Container\BoundMethod::callBoundMethod()
#15 /var/www/html/efms/api/vendor/illuminate/container/Container.php(576): Illuminate\Container\BoundMethod::call()
#16 /var/www/html/efms/api/vendor/laravel/lumen-framework/src/Concerns/RoutesRequests.php(376): Illuminate\Container\Container->call()
#17 /var/www/html/efms/api/vendor/laravel/lumen-framework/src/Concerns/RoutesRequests.php(342): Laravel\Lumen\Application->callControllerCallable()
#18 /var/www/html/efms/api/vendor/laravel/lumen-framework/src/Concerns/RoutesRequests.php(316): Laravel\Lumen\Application->callLumenController()
#19 /var/www/html/efms/api/vendor/laravel/lumen-framework/src/Concerns/RoutesRequests.php(278): Laravel\Lumen\Application->callControllerAction()
#20 /var/www/html/efms/api/vendor/laravel/lumen-framework/src/Concerns/RoutesRequests.php(258): Laravel\Lumen\Application->callActionOnArrayBasedRoute()
#21 [internal function]: Laravel\Lumen\Application->Laravel\Lumen\Concerns\{closure}()
#22 /var/www/html/efms/api/vendor/laravel/lumen-framework/src/Routing/Pipeline.php(52): call_user_func()
#23 /var/www/html/efms/api/app/Http/Middleware/Authenticate.php(64): Laravel\Lumen\Routing\Pipeline->Laravel\Lumen\Routing\{closure}()
#24 /var/www/html/efms/api/vendor/illuminate/pipeline/Pipeline.php(163): App\Http\Middleware\Authenticate->handle()
#25 [internal function]: Illuminate\Pipeline\Pipeline->Illuminate\Pipeline\{closure}()
#26 /var/www/html/efms/api/vendor/laravel/lumen-framework/src/Routing/Pipeline.php(32): call_user_func()
#27 /var/www/html/efms/api/vendor/illuminate/pipeline/Pipeline.php(104): Laravel\Lumen\Routing\Pipeline->Laravel\Lumen\Routing\{closure}()
#28 /var/www/html/efms/api/vendor/laravel/lumen-framework/src/Concerns/RoutesRequests.php(413): Illuminate\Pipeline\Pipeline->then()
#29 /var/www/html/efms/api/vendor/laravel/lumen-framework/src/Concerns/RoutesRequests.php(259): Laravel\Lumen\Application->sendThroughPipeline()
#30 /var/www/html/efms/api/vendor/laravel/lumen-framework/src/Concerns/RoutesRequests.php(233): Laravel\Lumen\Application->handleFoundRoute()
#31 /var/www/html/efms/api/vendor/laravel/lumen-framework/src/Concerns/RoutesRequests.php(169): Laravel\Lumen\Application->handleDispatcherResponse()
#32 /var/www/html/efms/api/vendor/laravel/lumen-framework/src/Concerns/RoutesRequests.php(416): Laravel\Lumen\Application->Laravel\Lumen\Concerns\{closure}()
#33 /var/www/html/efms/api/vendor/laravel/lumen-framework/src/Concerns/RoutesRequests.php(171): Laravel\Lumen\Application->sendThroughPipeline()
#34 /var/www/html/efms/api/vendor/laravel/lumen-framework/src/Concerns/RoutesRequests.php(108): Laravel\Lumen\Application->dispatch()
#35 /var/www/html/efms/api/public/index.php(28): Laravel\Lumen\Application->run()
#36 /var/www/html/efms/api/index.php(22): require_once('/var/www/html/e...')
#37 {main}

Next Illuminate\Database\QueryException: SQLSTATE[42S22]: Column not found: 1054 Unknown column 'x-key' in 'field list' (SQL: update `ListJob` set `JobName` = menyuntik, `UserID` = 4, `x-key` = cnNzSEFBeTh1dDNmRzFob0dlcXlmclNWT2pxU0dXbGl1bUpNNEZ2dQ== where `JobID` = 25) in /var/www/html/efms/api/vendor/illuminate/database/Connection.php:664
Stack trace:
#0 /var/www/html/efms/api/vendor/illuminate/database/Connection.php(624): Illuminate\Database\Connection->runQueryCallback()
#1 /var/www/html/efms/api/vendor/illuminate/database/Connection.php(490): Illuminate\Database\Connection->run()
#2 /var/www/html/efms/api/vendor/illuminate/database/Connection.php(423): Illuminate\Database\Connection->affectingStatement()
#3 /var/www/html/efms/api/vendor/illuminate/database/Query/Builder.php(2721): Illuminate\Database\Connection->update()
#4 /var/www/html/efms/api/vendor/illuminate/database/Eloquent/Builder.php(820): Illuminate\Database\Query\Builder->update()
#5 /var/www/html/efms/api/vendor/illuminate/database/Eloquent/Model.php(745): Illuminate\Database\Eloquent\Builder->update()
#6 /var/www/html/efms/api/vendor/illuminate/database/Eloquent/Model.php(660): Illuminate\Database\Eloquent\Model->performUpdate()
#7 /var/www/html/efms/api/vendor/illuminate/database/Eloquent/Model.php(607): Illuminate\Database\Eloquent\Model->save()
#8 /var/www/html/efms/api/app/Http/Controllers/DapaController.php(102): Illuminate\Database\Eloquent\Model->update()
#9 [internal function]: App\Http\Controllers\DapaController->UpdateJob()
#10 /var/www/html/efms/api/vendor/illuminate/container/BoundMethod.php(32): call_user_func_array()
#11 /var/www/html/efms/api/vendor/illuminate/container/BoundMethod.php(90): Illuminate\Container\BoundMethod::Illuminate\Container\{closure}()
#12 /var/www/html/efms/api/vendor/illuminate/container/BoundMethod.php(34): Illuminate\Container\BoundMethod::callBoundMethod()
#13 /var/www/html/efms/api/vendor/illuminate/container/Container.php(576): Illuminate\Container\BoundMethod::call()
#14 /var/www/html/efms/api/vendor/laravel/lumen-framework/src/Concerns/RoutesRequests.php(376): Illuminate\Container\Container->call()
#15 /var/www/html/efms/api/vendor/laravel/lumen-framework/src/Concerns/RoutesRequests.php(342): Laravel\Lumen\Application->callControllerCallable()
#16 /var/www/html/efms/api/vendor/laravel/lumen-framework/src/Concerns/RoutesRequests.php(316): Laravel\Lumen\Application->callLumenController()
#17 /var/www/html/efms/api/vendor/laravel/lumen-framework/src/Concerns/RoutesRequests.php(278): Laravel\Lumen\Application->callControllerAction()
#18 /var/www/html/efms/api/vendor/laravel/lumen-framework/src/Concerns/RoutesRequests.php(258): Laravel\Lumen\Application->callActionOnArrayBasedRoute()
#19 [internal function]: Laravel\Lumen\Application->Laravel\Lumen\Concerns\{closure}()
#20 /var/www/html/efms/api/vendor/laravel/lumen-framework/src/Routing/Pipeline.php(52): call_user_func()
#21 /var/www/html/efms/api/app/Http/Middleware/Authenticate.php(64): Laravel\Lumen\Routing\Pipeline->Laravel\Lumen\Routing\{closure}()
#22 /var/www/html/efms/api/vendor/illuminate/pipeline/Pipeline.php(163): App\Http\Middleware\Authenticate->handle()
#23 [internal function]: Illuminate\Pipeline\Pipeline->Illuminate\Pipeline\{closure}()
#24 /var/www/html/efms/api/vendor/laravel/lumen-framework/src/Routing/Pipeline.php(32): call_user_func()
#25 /var/www/html/efms/api/vendor/illuminate/pipeline/Pipeline.php(104): Laravel\Lumen\Routing\Pipeline->Laravel\Lumen\Routing\{closure}()
#26 /var/www/html/efms/api/vendor/laravel/lumen-framework/src/Concerns/RoutesRequests.php(413): Illuminate\Pipeline\Pipeline->then()
#27 /var/www/html/efms/api/vendor/laravel/lumen-framework/src/Concerns/RoutesRequests.php(259): Laravel\Lumen\Application->sendThroughPipeline()
#28 /var/www/html/efms/api/vendor/laravel/lumen-framework/src/Concerns/RoutesRequests.php(233): Laravel\Lumen\Application->handleFoundRoute()
#29 /var/www/html/efms/api/vendor/laravel/lumen-framework/src/Concerns/RoutesRequests.php(169): Laravel\Lumen\Application->handleDispatcherResponse()
#30 /var/www/html/efms/api/vendor/laravel/lumen-framework/src/Concerns/RoutesRequests.php(416): Laravel\Lumen\Application->Laravel\Lumen\Concerns\{closure}()
#31 /var/www/html/efms/api/vendor/laravel/lumen-framework/src/Concerns/RoutesRequests.php(171): Laravel\Lumen\Application->sendThroughPipeline()
#32 /var/www/html/efms/api/vendor/laravel/lumen-framework/src/Concerns/RoutesRequests.php(108): Laravel\Lumen\Application->dispatch()
#33 /var/www/html/efms/api/public/index.php(28): Laravel\Lumen\Application->run()
#34 /var/www/html/efms/api/index.php(22): require_once('/var/www/html/e...')
#35 {main} {"exception":"[object] (Illuminate\\Database\\QueryException(code: 42S22): SQLSTATE[42S22]: Column not found: 1054 Unknown column 'x-key' in 'field list' (SQL: update `ListJob` set `JobName` = menyuntik, `UserID` = 4, `x-key` = cnNzSEFBeTh1dDNmRzFob0dlcXlmclNWT2pxU0dXbGl1bUpNNEZ2dQ== where `JobID` = 25) at /var/www/html/efms/api/vendor/illuminate/database/Connection.php:664, PDOException(code: 42S22): SQLSTATE[42S22]: Column not found: 1054 Unknown column 'x-key' in 'field list' at /var/www/html/efms/api/vendor/illuminate/database/Connection.php:479)
[stacktrace]
#0 /var/www/html/efms/api/vendor/illuminate/database/Connection.php(624): Illuminate\\Database\\Connection->runQueryCallback()
#1 /var/www/html/efms/api/vendor/illuminate/database/Connection.php(490): Illuminate\\Database\\Connection->run()
#2 /var/www/html/efms/api/vendor/illuminate/database/Connection.php(423): Illuminate\\Database\\Connection->affectingStatement()
#3 /var/www/html/efms/api/vendor/illuminate/database/Query/Builder.php(2721): Illuminate\\Database\\Connection->update()
#4 /var/www/html/efms/api/vendor/illuminate/database/Eloquent/Builder.php(820): Illuminate\\Database\\Query\\Builder->update()
#5 /var/www/html/efms/api/vendor/illuminate/database/Eloquent/Model.php(745): Illuminate\\Database\\Eloquent\\Builder->update()
#6 /var/www/html/efms/api/vendor/illuminate/database/Eloquent/Model.php(660): Illuminate\\Database\\Eloquent\\Model->performUpdate()
#7 /var/www/html/efms/api/vendor/illuminate/database/Eloquent/Model.php(607): Illuminate\\Database\\Eloquent\\Model->save()
#8 /var/www/html/efms/api/app/Http/Controllers/DapaController.php(102): Illuminate\\Database\\Eloquent\\Model->update()
#9 [internal function]: App\\Http\\Controllers\\DapaController->UpdateJob()
#10 /var/www/html/efms/api/vendor/illuminate/container/BoundMethod.php(32): call_user_func_array()
#11 /var/www/html/efms/api/vendor/illuminate/container/BoundMethod.php(90): Illuminate\\Container\\BoundMethod::Illuminate\\Container\\{closure}()
#12 /var/www/html/efms/api/vendor/illuminate/container/BoundMethod.php(34): Illuminate\\Container\\BoundMethod::callBoundMethod()
#13 /var/www/html/efms/api/vendor/illuminate/container/Container.php(576): Illuminate\\Container\\BoundMethod::call()
#14 /var/www/html/efms/api/vendor/laravel/lumen-framework/src/Concerns/RoutesRequests.php(376): Illuminate\\Container\\Container->call()
#15 /var/www/html/efms/api/vendor/laravel/lumen-framework/src/Concerns/RoutesRequests.php(342): Laravel\\Lumen\\Application->callControllerCallable()
#16 /var/www/html/efms/api/vendor/laravel/lumen-framework/src/Concerns/RoutesRequests.php(316): Laravel\\Lumen\\Application->callLumenController()
#17 /var/www/html/efms/api/vendor/laravel/lumen-framework/src/Concerns/RoutesRequests.php(278): Laravel\\Lumen\\Application->callControllerAction()
#18 /var/www/html/efms/api/vendor/laravel/lumen-framework/src/Concerns/RoutesRequests.php(258): Laravel\\Lumen\\Application->callActionOnArrayBasedRoute()
#19 [internal function]: Laravel\\Lumen\\Application->Laravel\\Lumen\\Concerns\\{closure}()
#20 /var/www/html/efms/api/vendor/laravel/lumen-framework/src/Routing/Pipeline.php(52): call_user_func()
#21 /var/www/html/efms/api/app/Http/Middleware/Authenticate.php(64): Laravel\\Lumen\\Routing\\Pipeline->Laravel\\Lumen\\Routing\\{closure}()
#22 /var/www/html/efms/api/vendor/illuminate/pipeline/Pipeline.php(163): App\\Http\\Middleware\\Authenticate->handle()
#23 [internal function]: Illuminate\\Pipeline\\Pipeline->Illuminate\\Pipeline\\{closure}()
#24 /var/www/html/efms/api/vendor/laravel/lumen-framework/src/Routing/Pipeline.php(32): call_user_func()
#25 /var/www/html/efms/api/vendor/illuminate/pipeline/Pipeline.php(104): Laravel\\Lumen\\Routing\\Pipeline->Laravel\\Lumen\\Routing\\{closure}()
#26 /var/www/html/efms/api/vendor/laravel/lumen-framework/src/Concerns/RoutesRequests.php(413): Illuminate\\Pipeline\\Pipeline->then()
#27 /var/www/html/efms/api/vendor/laravel/lumen-framework/src/Concerns/RoutesRequests.php(259): Laravel\\Lumen\\Application->sendThroughPipeline()
#28 /var/www/html/efms/api/vendor/laravel/lumen-framework/src/Concerns/RoutesRequests.php(233): Laravel\\Lumen\\Application->handleFoundRoute()
#29 /var/www/html/efms/api/vendor/laravel/lumen-framework/src/Concerns/RoutesRequests.php(169): Laravel\\Lumen\\Application->handleDispatcherResponse()
#30 /var/www/html/efms/api/vendor/laravel/lumen-framework/src/Concerns/RoutesRequests.php(416): Laravel\\Lumen\\Application->Laravel\\Lumen\\Concerns\\{closure}()
#31 /var/www/html/efms/api/vendor/laravel/lumen-framework/src/Concerns/RoutesRequests.php(171): Laravel\\Lumen\\Application->sendThroughPipeline()
#32 /var/www/html/efms/api/vendor/laravel/lumen-framework/src/Concerns/RoutesRequests.php(108): Laravel\\Lumen\\Application->dispatch()
#33 /var/www/html/efms/api/public/index.php(28): Laravel\\Lumen\\Application->run()
#34 /var/www/html/efms/api/index.php(22): require_once('/var/www/html/e...')
#35 {main}
"} 
