[2025-11-10 10:39:41] staging.ERROR: Symfony\Component\Debug\Exception\FatalThrowableError: syntax error, unexpected ';', expecting ']' in /var/www/html/efms/api/app/Http/Controllers/AuthController.php:72
Stack trace:
#0 /var/www/html/efms/api/vendor/composer/ClassLoader.php(322): Composer\Autoload\includeFile()
#1 [internal function]: Composer\Autoload\ClassLoader->loadClass()
#2 [internal function]: spl_autoload_call()
#3 /var/www/html/efms/api/vendor/illuminate/container/Container.php(788): ReflectionClass->__construct()
#4 /var/www/html/efms/api/vendor/illuminate/container/Container.php(667): Illuminate\Container\Container->build()
#5 /var/www/html/efms/api/vendor/illuminate/container/Container.php(615): Illuminate\Container\Container->resolve()
#6 /var/www/html/efms/api/vendor/laravel/lumen-framework/src/Application.php(267): Illuminate\Container\Container->make()
#7 /var/www/html/efms/api/vendor/laravel/lumen-framework/src/Concerns/RoutesRequests.php(311): Laravel\Lumen\Application->make()
#8 /var/www/html/efms/api/vendor/laravel/lumen-framework/src/Concerns/RoutesRequests.php(278): Laravel\Lumen\Application->callControllerAction()
#9 /var/www/html/efms/api/vendor/laravel/lumen-framework/src/Concerns/RoutesRequests.php(263): Laravel\Lumen\Application->callActionOnArrayBasedRoute()
#10 /var/www/html/efms/api/vendor/laravel/lumen-framework/src/Concerns/RoutesRequests.php(165): Laravel\Lumen\Application->handleFoundRoute()
#11 /var/www/html/efms/api/vendor/laravel/lumen-framework/src/Concerns/RoutesRequests.php(416): Laravel\Lumen\Application->Laravel\Lumen\Concerns\{closure}()
#12 /var/www/html/efms/api/vendor/laravel/lumen-framework/src/Concerns/RoutesRequests.php(171): Laravel\Lumen\Application->sendThroughPipeline()
#13 /var/www/html/efms/api/vendor/laravel/lumen-framework/src/Concerns/RoutesRequests.php(108): Laravel\Lumen\Application->dispatch()
#14 /var/www/html/efms/api/public/index.php(28): Laravel\Lumen\Application->run()
#15 /var/www/html/efms/api/index.php(22): require_once('/var/www/html/e...')
#16 {main} {"exception":"[object] (Symfony\\Component\\Debug\\Exception\\FatalThrowableError(code: 0): syntax error, unexpected ';', expecting ']' at /var/www/html/efms/api/app/Http/Controllers/AuthController.php:72)
[stacktrace]
#0 /var/www/html/efms/api/vendor/composer/ClassLoader.php(322): Composer\\Autoload\\includeFile()
#1 [internal function]: Composer\\Autoload\\ClassLoader->loadClass()
#2 [internal function]: spl_autoload_call()
#3 /var/www/html/efms/api/vendor/illuminate/container/Container.php(788): ReflectionClass->__construct()
#4 /var/www/html/efms/api/vendor/illuminate/container/Container.php(667): Illuminate\\Container\\Container->build()
#5 /var/www/html/efms/api/vendor/illuminate/container/Container.php(615): Illuminate\\Container\\Container->resolve()
#6 /var/www/html/efms/api/vendor/laravel/lumen-framework/src/Application.php(267): Illuminate\\Container\\Container->make()
#7 /var/www/html/efms/api/vendor/laravel/lumen-framework/src/Concerns/RoutesRequests.php(311): Laravel\\Lumen\\Application->make()
#8 /var/www/html/efms/api/vendor/laravel/lumen-framework/src/Concerns/RoutesRequests.php(278): Laravel\\Lumen\\Application->callControllerAction()
#9 /var/www/html/efms/api/vendor/laravel/lumen-framework/src/Concerns/RoutesRequests.php(263): Laravel\\Lumen\\Application->callActionOnArrayBasedRoute()
#10 /var/www/html/efms/api/vendor/laravel/lumen-framework/src/Concerns/RoutesRequests.php(165): Laravel\\Lumen\\Application->handleFoundRoute()
#11 /var/www/html/efms/api/vendor/laravel/lumen-framework/src/Concerns/RoutesRequests.php(416): Laravel\\Lumen\\Application->Laravel\\Lumen\\Concerns\\{closure}()
#12 /var/www/html/efms/api/vendor/laravel/lumen-framework/src/Concerns/RoutesRequests.php(171): Laravel\\Lumen\\Application->sendThroughPipeline()
#13 /var/www/html/efms/api/vendor/laravel/lumen-framework/src/Concerns/RoutesRequests.php(108): Laravel\\Lumen\\Application->dispatch()
#14 /var/www/html/efms/api/public/index.php(28): Laravel\\Lumen\\Application->run()
#15 /var/www/html/efms/api/index.php(22): require_once('/var/www/html/e...')
#16 {main}
"} 
